<?xml version="1.0" encoding="UTF-8"?>
<testsuite xmlns:xsi="http://www.w3.org/2001/XMLSchema-instance" xsi:noNamespaceSchemaLocation="https://maven.apache.org/surefire/maven-failsafe-plugin/xsd/failsafe-test-report.xsd" version="3.0.2" name="com.bowe.meetstudent.integration.controllers.ProgramControllerIntegrationTests" time="8.032" tests="8" errors="0" skipped="0" failures="0">
  <properties>
[...]
</properties>
  <testcase name="testThatGetAllProgramsReturnsAListOfPrograms" classname="com.bowe.meetstudent.integration.controllers.ProgramControllerIntegrationTests" time="0.048">
    <system-out><![CDATA[2026-03-08T01:14:28.822Z  INFO 212 --- [           main] t.c.s.AnnotationConfigContextLoaderUtils : Could not detect default configuration classes for test class [com.bowe.meetstudent.integration.controllers.ProgramControllerIntegrationTests]: ProgramControllerIntegrationTests does not declare any static, non-private, non-final, nested classes annotated with @Configuration.
2026-03-08T01:14:28.827Z  INFO 212 --- [           main] .b.t.c.SpringBootTestContextBootstrapper : Found @SpringBootConfiguration com.bowe.meetstudent.MeetstudentApplication for test class com.bowe.meetstudent.integration.controllers.ProgramControllerIntegrationTests
2026-03-08T01:14:28.832Z  INFO 212 --- [           main] o.s.b.d.r.RestartApplicationListener     : Restart disabled due to context in which it is running

  .   ____          _            __ _ _
 /\\ / ___'_ __ _ _(_)_ __  __ _ \ \ \ \
( ( )\___ | '_ | '_| | '_ \/ _` | \ \ \ \
 \\/  ___)| |_)| | | | | || (_| |  ) ) ) )
  '  |____| .__|_| |_|_| |_\__, | / / / /
 =========|_|==============|___/=/_/_/_/

 :: Spring Boot ::                (v3.4.7)

2026-03-08T01:14:28.875Z  INFO 212 --- [           main] .m.i.c.ProgramControllerIntegrationTests : Starting ProgramControllerIntegrationTests using Java 21.0.10 with PID 212 (started by root in /app)
2026-03-08T01:14:28.875Z  INFO 212 --- [           main] .m.i.c.ProgramControllerIntegrationTests : The following 1 profile is active: "test"
2026-03-08T01:14:29.234Z  INFO 212 --- [           main] .s.d.r.c.RepositoryConfigurationDelegate : Bootstrapping Spring Data JPA repositories in DEFAULT mode.
2026-03-08T01:14:29.287Z  INFO 212 --- [           main] .s.d.r.c.RepositoryConfigurationDelegate : Finished Spring Data repository scanning in 53 ms. Found 10 JPA repository interfaces.
2026-03-08T01:14:29.360Z  INFO 212 --- [           main] o.hibernate.jpa.internal.util.LogHelper  : HHH000204: Processing PersistenceUnitInfo [name: default]
2026-03-08T01:14:29.366Z  INFO 212 --- [           main] o.h.c.internal.RegionFactoryInitiator    : HHH000026: Second-level cache disabled
2026-03-08T01:14:29.380Z  INFO 212 --- [           main] o.s.o.j.p.SpringPersistenceUnitInfo      : No LoadTimeWeaver setup: ignoring JPA class transformer
2026-03-08T01:14:29.381Z  INFO 212 --- [           main] com.zaxxer.hikari.HikariDataSource       : HikariPool-11 - Starting...
2026-03-08T01:14:29.381Z  INFO 212 --- [           main] com.zaxxer.hikari.pool.HikariPool        : HikariPool-11 - Added connection conn100: url=jdbc:h2:mem:testdb user=SA
2026-03-08T01:14:29.382Z  INFO 212 --- [           main] com.zaxxer.hikari.HikariDataSource       : HikariPool-11 - Start completed.
2026-03-08T01:14:29.382Z  WARN 212 --- [           main] org.hibernate.orm.deprecation            : HHH90000025: H2Dialect does not need to be specified explicitly using 'hibernate.dialect' (remove the property setting and it will be selected by default)
2026-03-08T01:14:29.382Z  INFO 212 --- [           main] org.hibernate.orm.connections.pooling    : HHH10001005: Database info:
	Database JDBC URL [Connecting through datasource 'HikariDataSource (HikariPool-11)']
	Database driver: undefined/unknown
	Database version: 2.3.232
	Autocommit mode: undefined/unknown
	Isolation level: undefined/unknown
	Minimum pool size: undefined/unknown
	Maximum pool size: undefined/unknown
2026-03-08T01:14:29.470Z  INFO 212 --- [           main] o.h.e.t.j.p.i.JtaPlatformInitiator       : HHH000489: No JTA platform available (set 'hibernate.transaction.jta.platform' to enable JTA platform integration)
Hibernate: 
    drop table if exists accreditations cascade 
Hibernate: 
    drop table if exists course_rates cascade 
Hibernate: 
    drop table if exists courses cascade 
Hibernate: 
    drop table if exists program_accreditations cascade 
Hibernate: 
    drop table if exists program_rates cascade 
Hibernate: 
    drop table if exists programs cascade 
Hibernate: 
    drop table if exists roles cascade 
Hibernate: 
    drop table if exists school_rates cascade 
Hibernate: 
    drop table if exists schools cascade 
Hibernate: 
    drop table if exists users cascade 
Hibernate: 
    create table accreditations (
        created_by integer,
        id integer generated by default as identity,
        modified_by integer,
        code varchar(5) unique,
        created_at timestamp(6),
        modified_at timestamp(6),
        name varchar(50),
        description varchar(255),
        primary key (id)
    )
Hibernate: 
    create table course_rates (
        course_id integer,
        created_by integer,
        id integer generated by default as identity,
        modified_by integer,
        note float(53),
        user_id integer,
        created_at timestamp(6),
        modified_at timestamp(6),
        comment varchar(150),
        primary key (id)
    )
Hibernate: 
    create table courses (
        created_by integer,
        id integer generated by default as identity,
        modified_by integer,
        program_id integer,
        code varchar(5) unique,
        created_at timestamp(6),
        modified_at timestamp(6),
        name varchar(50),
        photo_url varchar(255),
        primary key (id)
    )
Hibernate: 
    create table program_accreditations (
        accreditation_id integer not null,
        ends integer,
        program_id integer not null,
        starts integer,
        primary key (accreditation_id, program_id)
    )
Hibernate: 
    create table program_rates (
        created_by integer,
        id integer generated by default as identity,
        modified_by integer,
        note float(53),
        program_id integer,
        user_id integer,
        created_at timestamp(6),
        modified_at timestamp(6),
        comment varchar(150),
        primary key (id)
    )
Hibernate: 
    create table programs (
        created_by integer,
        duration integer,
        id integer generated by default as identity,
        modified_by integer,
        school_id integer,
        code varchar(5) unique,
        created_at timestamp(6),
        modified_at timestamp(6),
        name varchar(50),
        photo_url varchar(255),
        primary key (id)
    )
Hibernate: 
    create table roles (
        id integer generated by default as identity,
        description varchar(255),
        name varchar(255) not null,
        primary key (id)
    )
Hibernate: 
    create table school_rates (
        created_by integer,
        id integer generated by default as identity,
        modified_by integer,
        note float(53),
        school_id integer,
        user_id integer,
        created_at timestamp(6),
        modified_at timestamp(6),
        comment varchar(150),
        primary key (id)
    )
Hibernate: 
    create table schools (
        created_by integer,
        id integer generated by default as identity,
        modified_by integer,
        code varchar(5) unique,
        created_at timestamp(6),
        creation timestamp(6),
        modified_at timestamp(6),
        name varchar(50),
        city varchar(255),
        country varchar(255),
        cover_photo_url varchar(255),
        location varchar(255),
        logo_url varchar(255),
        primary key (id)
    )
Hibernate: 
    create table users (
        created_by integer,
        id integer generated by default as identity,
        modified_by integer,
        role_id integer,
        birthday timestamp(6),
        created_at timestamp(6),
        modified_at timestamp(6),
        lastname varchar(50),
        firstname varchar(100),
        qualification varchar(100),
        email varchar(255) unique,
        password varchar(255),
        diplomas varchar(255) array,
        primary key (id)
    )
Hibernate: 
    alter table if exists course_rates 
       add constraint FKksvr0lhog8yc0c290g45g1dgt 
       foreign key (user_id) 
       references users
Hibernate: 
    alter table if exists course_rates 
       add constraint FKoh9pgu36xpti0nacl6kd7gixq 
       foreign key (course_id) 
       references courses
Hibernate: 
    alter table if exists courses 
       add constraint FKh9mmrmahf9iy4yoqdv41vbxjm 
       foreign key (program_id) 
       references programs
Hibernate: 
    alter table if exists program_accreditations 
       add constraint FKta2fyyepp896b9kobbm3r9l68 
       foreign key (accreditation_id) 
       references accreditations
Hibernate: 
    alter table if exists program_accreditations 
       add constraint FKduj7tgc3qolx3gl0e58kng3gk 
       foreign key (program_id) 
       references programs
Hibernate: 
    alter table if exists program_rates 
       add constraint FKpjp2eoo0vb8m2kwdoapbts8dp 
       foreign key (user_id) 
       references users
Hibernate: 
    alter table if exists program_rates 
       add constraint FKdgfanki87hpybt3hdu45sdfwv 
       foreign key (program_id) 
       references programs
Hibernate: 
    alter table if exists programs 
       add constraint FK788wl7mf99opq8oqiu24rs9ai 
       foreign key (school_id) 
       references schools
Hibernate: 
    alter table if exists school_rates 
       add constraint FKp7w8oabr98qd5u59o2qhtqq4q 
       foreign key (user_id) 
       references users
Hibernate: 
    alter table if exists school_rates 
       add constraint FKmo7jk9ahayd7wy6eo4slrk4fq 
       foreign key (school_id) 
       references schools
Hibernate: 
    alter table if exists users 
       add constraint FKp56c1712k691lhsyewcssf40f 
       foreign key (role_id) 
       references roles
2026-03-08T01:14:29.480Z  INFO 212 --- [           main] j.LocalContainerEntityManagerFactoryBean : Initialized JPA EntityManagerFactory for persistence unit 'default'
2026-03-08T01:14:29.534Z  WARN 212 --- [           main] JpaBaseConfiguration$JpaWebConfiguration : spring.jpa.open-in-view is enabled by default. Therefore, database queries may be performed during view rendering. Explicitly configure spring.jpa.open-in-view to disable this warning
2026-03-08T01:14:29.543Z  INFO 212 --- [           main] r$InitializeUserDetailsManagerConfigurer : Global AuthenticationManager configured with UserDetailsService bean with name customUserDetailsService
2026-03-08T01:14:29.705Z  INFO 212 --- [           main] o.s.b.a.e.web.EndpointLinksResolver      : Exposing 1 endpoint beneath base path '/actuator'
2026-03-08T01:14:29.718Z  WARN 212 --- [           main] o.s.s.c.a.web.builders.WebSecurity       : You are asking Spring Security to ignore Deferred [Mvc [pattern='/swagger-ui/**'], Ant [pattern='/swagger-ui/**']]. This is not recommended -- please use permitAll via HttpSecurity#authorizeHttpRequests instead.
2026-03-08T01:14:29.718Z  WARN 212 --- [           main] o.s.s.c.a.web.builders.WebSecurity       : You are asking Spring Security to ignore Deferred [Mvc [pattern='/v3/api-docs/**'], Ant [pattern='/v3/api-docs/**']]. This is not recommended -- please use permitAll via HttpSecurity#authorizeHttpRequests instead.
2026-03-08T01:14:29.718Z  WARN 212 --- [           main] o.s.s.c.a.web.builders.WebSecurity       : You are asking Spring Security to ignore Deferred [Mvc [pattern='/swagger-ui.html'], Ant [pattern='/swagger-ui.html']]. This is not recommended -- please use permitAll via HttpSecurity#authorizeHttpRequests instead.
2026-03-08T01:14:29.718Z  WARN 212 --- [           main] o.s.s.c.a.web.builders.WebSecurity       : You are asking Spring Security to ignore Deferred [Mvc [pattern='/api-docs/**'], Ant [pattern='/api-docs/**']]. This is not recommended -- please use permitAll via HttpSecurity#authorizeHttpRequests instead.
2026-03-08T01:14:29.755Z  WARN 212 --- [           main] ion$DefaultTemplateResolverConfiguration : Cannot find template location: classpath:/templates/ (please add some templates, check your Thymeleaf configuration, or set spring.thymeleaf.check-template-location=false)
2026-03-08T01:14:29.829Z  INFO 212 --- [           main] o.s.b.t.m.w.SpringBootMockServletContext : Initializing Spring TestDispatcherServlet ''
2026-03-08T01:14:29.829Z  INFO 212 --- [           main] o.s.t.web.servlet.TestDispatcherServlet  : Initializing Servlet ''
2026-03-08T01:14:29.829Z  INFO 212 --- [           main] o.s.t.web.servlet.TestDispatcherServlet  : Completed initialization in 0 ms
2026-03-08T01:14:29.841Z  INFO 212 --- [           main] .m.i.c.ProgramControllerIntegrationTests : Started ProgramControllerIntegrationTests in 1.01 seconds (process running for 22.708)
2026-03-08T01:14:29.842Z  WARN 212 --- [           main] o.s.core.events.SpringDocAppInitializer  : SpringDoc /v3/api-docs endpoint is enabled by default. To disable it in production, set the property 'springdoc.api-docs.enabled=false'
2026-03-08T01:14:29.842Z  WARN 212 --- [           main] o.s.core.events.SpringDocAppInitializer  : SpringDoc /swagger-ui.html endpoint is enabled by default. To disable it in production, set the property 'springdoc.swagger-ui.enabled=false'
Hibernate: 
    insert 
    into
        programs
        (code, created_at, created_by, duration, modified_at, modified_by, name, photo_url, school_id, id) 
    values
        (?, ?, ?, ?, ?, ?, ?, ?, ?, default)
Hibernate: 
    insert 
    into
        programs
        (code, created_at, created_by, duration, modified_at, modified_by, name, photo_url, school_id, id) 
    values
        (?, ?, ?, ?, ?, ?, ?, ?, ?, default)
2026-03-08T01:14:29.861Z  WARN 212 --- [           main] o.s.w.s.h.HandlerMappingIntrospector     : Cache miss for REQUEST dispatch to '/api/v1/programs' (previous null). Performing MatchableHandlerMapping lookup. This is logged once only at WARN level, and every time at TRACE.
Hibernate: 
    select
        p1_0.id,
        p1_0.code,
        p1_0.created_at,
        p1_0.created_by,
        p1_0.duration,
        p1_0.modified_at,
        p1_0.modified_by,
        p1_0.name,
        p1_0.photo_url,
        p1_0.school_id 
    from
        programs p1_0 
    offset
        ? rows 
    fetch
        first ? rows only
Hibernate: 
    select
        avg(pr1_0.note) 
    from
        program_rates pr1_0 
    where
        pr1_0.program_id=?
Hibernate: 
    select
        avg(pr1_0.note) 
    from
        program_rates pr1_0 
    where
        pr1_0.program_id=?
2026-03-08T01:14:29.878Z  WARN 212 --- [           main] ration$PageModule$WarningLoggingModifier : Serializing PageImpl instances as-is is not supported, meaning that there is no guarantee about the stability of the resulting JSON structure!
	For a stable JSON structure, please use Spring Data's PagedModel (globally via @EnableSpringDataWebSupport(pageSerializationMode = VIA_DTO))
	or Spring HATEOAS and Spring Data's PagedResourcesAssembler as documented in https://docs.spring.io/spring-data/commons/reference/repositories/core-extensions.html#core.web.pageables.

2026-03-08T01:14:29.888Z  INFO 212 --- [           main] j.LocalContainerEntityManagerFactoryBean : Closing JPA EntityManagerFactory for persistence unit 'default'
Hibernate: 
    drop table if exists accreditations cascade 
Hibernate: 
    drop table if exists course_rates cascade 
Hibernate: 
    drop table if exists courses cascade 
Hibernate: 
    drop table if exists program_accreditations cascade 
Hibernate: 
    drop table if exists program_rates cascade 
Hibernate: 
    drop table if exists programs cascade 
Hibernate: 
    drop table if exists roles cascade 
Hibernate: 
    drop table if exists school_rates cascade 
Hibernate: 
    drop table if exists schools cascade 
Hibernate: 
    drop table if exists users cascade 
2026-03-08T01:14:29.891Z  INFO 212 --- [           main] com.zaxxer.hikari.HikariDataSource       : HikariPool-11 - Shutdown initiated...
2026-03-08T01:14:29.893Z  INFO 212 --- [           main] com.zaxxer.hikari.HikariDataSource       : HikariPool-11 - Shutdown completed.
]]></system-out>
  </testcase>
  <testcase name="testThatGetAllProgramsReturnsHttpStatus200" classname="com.bowe.meetstudent.integration.controllers.ProgramControllerIntegrationTests" time="0.023">
    <system-out><![CDATA[2026-03-08T01:14:29.897Z  INFO 212 --- [           main] o.s.b.d.r.RestartApplicationListener     : Restart disabled due to context in which it is running

  .   ____          _            __ _ _
 /\\ / ___'_ __ _ _(_)_ __  __ _ \ \ \ \
( ( )\___ | '_ | '_| | '_ \/ _` | \ \ \ \
 \\/  ___)| |_)| | | | | || (_| |  ) ) ) )
  '  |____| .__|_| |_|_| |_\__, | / / / /
 =========|_|==============|___/=/_/_/_/

 :: Spring Boot ::                (v3.4.7)

2026-03-08T01:14:29.931Z  INFO 212 --- [           main] .m.i.c.ProgramControllerIntegrationTests : Starting ProgramControllerIntegrationTests using Java 21.0.10 with PID 212 (started by root in /app)
2026-03-08T01:14:29.931Z  INFO 212 --- [           main] .m.i.c.ProgramControllerIntegrationTests : The following 1 profile is active: "test"
2026-03-08T01:14:30.199Z  INFO 212 --- [           main] .s.d.r.c.RepositoryConfigurationDelegate : Bootstrapping Spring Data JPA repositories in DEFAULT mode.
2026-03-08T01:14:30.247Z  INFO 212 --- [           main] .s.d.r.c.RepositoryConfigurationDelegate : Finished Spring Data repository scanning in 47 ms. Found 10 JPA repository interfaces.
2026-03-08T01:14:30.320Z  INFO 212 --- [           main] o.hibernate.jpa.internal.util.LogHelper  : HHH000204: Processing PersistenceUnitInfo [name: default]
2026-03-08T01:14:30.326Z  INFO 212 --- [           main] o.h.c.internal.RegionFactoryInitiator    : HHH000026: Second-level cache disabled
2026-03-08T01:14:30.339Z  INFO 212 --- [           main] o.s.o.j.p.SpringPersistenceUnitInfo      : No LoadTimeWeaver setup: ignoring JPA class transformer
2026-03-08T01:14:30.341Z  INFO 212 --- [           main] com.zaxxer.hikari.HikariDataSource       : HikariPool-12 - Starting...
2026-03-08T01:14:30.343Z  INFO 212 --- [           main] com.zaxxer.hikari.pool.HikariPool        : HikariPool-12 - Added connection conn110: url=jdbc:h2:mem:testdb user=SA
2026-03-08T01:14:30.343Z  INFO 212 --- [           main] com.zaxxer.hikari.HikariDataSource       : HikariPool-12 - Start completed.
2026-03-08T01:14:30.344Z  WARN 212 --- [           main] org.hibernate.orm.deprecation            : HHH90000025: H2Dialect does not need to be specified explicitly using 'hibernate.dialect' (remove the property setting and it will be selected by default)
2026-03-08T01:14:30.344Z  INFO 212 --- [           main] org.hibernate.orm.connections.pooling    : HHH10001005: Database info:
	Database JDBC URL [Connecting through datasource 'HikariDataSource (HikariPool-12)']
	Database driver: undefined/unknown
	Database version: 2.3.232
	Autocommit mode: undefined/unknown
	Isolation level: undefined/unknown
	Minimum pool size: undefined/unknown
	Maximum pool size: undefined/unknown
2026-03-08T01:14:30.450Z  INFO 212 --- [           main] o.h.e.t.j.p.i.JtaPlatformInitiator       : HHH000489: No JTA platform available (set 'hibernate.transaction.jta.platform' to enable JTA platform integration)
Hibernate: 
    drop table if exists accreditations cascade 
Hibernate: 
    drop table if exists course_rates cascade 
Hibernate: 
    drop table if exists courses cascade 
Hibernate: 
    drop table if exists program_accreditations cascade 
Hibernate: 
    drop table if exists program_rates cascade 
Hibernate: 
    drop table if exists programs cascade 
Hibernate: 
    drop table if exists roles cascade 
Hibernate: 
    drop table if exists school_rates cascade 
Hibernate: 
    drop table if exists schools cascade 
Hibernate: 
    drop table if exists users cascade 
Hibernate: 
    create table accreditations (
        created_by integer,
        id integer generated by default as identity,
        modified_by integer,
        code varchar(5) unique,
        created_at timestamp(6),
        modified_at timestamp(6),
        name varchar(50),
        description varchar(255),
        primary key (id)
    )
Hibernate: 
    create table course_rates (
        course_id integer,
        created_by integer,
        id integer generated by default as identity,
        modified_by integer,
        note float(53),
        user_id integer,
        created_at timestamp(6),
        modified_at timestamp(6),
        comment varchar(150),
        primary key (id)
    )
Hibernate: 
    create table courses (
        created_by integer,
        id integer generated by default as identity,
        modified_by integer,
        program_id integer,
        code varchar(5) unique,
        created_at timestamp(6),
        modified_at timestamp(6),
        name varchar(50),
        photo_url varchar(255),
        primary key (id)
    )
Hibernate: 
    create table program_accreditations (
        accreditation_id integer not null,
        ends integer,
        program_id integer not null,
        starts integer,
        primary key (accreditation_id, program_id)
    )
Hibernate: 
    create table program_rates (
        created_by integer,
        id integer generated by default as identity,
        modified_by integer,
        note float(53),
        program_id integer,
        user_id integer,
        created_at timestamp(6),
        modified_at timestamp(6),
        comment varchar(150),
        primary key (id)
    )
Hibernate: 
    create table programs (
        created_by integer,
        duration integer,
        id integer generated by default as identity,
        modified_by integer,
        school_id integer,
        code varchar(5) unique,
        created_at timestamp(6),
        modified_at timestamp(6),
        name varchar(50),
        photo_url varchar(255),
        primary key (id)
    )
Hibernate: 
    create table roles (
        id integer generated by default as identity,
        description varchar(255),
        name varchar(255) not null,
        primary key (id)
    )
Hibernate: 
    create table school_rates (
        created_by integer,
        id integer generated by default as identity,
        modified_by integer,
        note float(53),
        school_id integer,
        user_id integer,
        created_at timestamp(6),
        modified_at timestamp(6),
        comment varchar(150),
        primary key (id)
    )
Hibernate: 
    create table schools (
        created_by integer,
        id integer generated by default as identity,
        modified_by integer,
        code varchar(5) unique,
        created_at timestamp(6),
        creation timestamp(6),
        modified_at timestamp(6),
        name varchar(50),
        city varchar(255),
        country varchar(255),
        cover_photo_url varchar(255),
        location varchar(255),
        logo_url varchar(255),
        primary key (id)
    )
Hibernate: 
    create table users (
        created_by integer,
        id integer generated by default as identity,
        modified_by integer,
        role_id integer,
        birthday timestamp(6),
        created_at timestamp(6),
        modified_at timestamp(6),
        lastname varchar(50),
        firstname varchar(100),
        qualification varchar(100),
        email varchar(255) unique,
        password varchar(255),
        diplomas varchar(255) array,
        primary key (id)
    )
Hibernate: 
    alter table if exists course_rates 
       add constraint FKksvr0lhog8yc0c290g45g1dgt 
       foreign key (user_id) 
       references users
Hibernate: 
    alter table if exists course_rates 
       add constraint FKoh9pgu36xpti0nacl6kd7gixq 
       foreign key (course_id) 
       references courses
Hibernate: 
    alter table if exists courses 
       add constraint FKh9mmrmahf9iy4yoqdv41vbxjm 
       foreign key (program_id) 
       references programs
Hibernate: 
    alter table if exists program_accreditations 
       add constraint FKta2fyyepp896b9kobbm3r9l68 
       foreign key (accreditation_id) 
       references accreditations
Hibernate: 
    alter table if exists program_accreditations 
       add constraint FKduj7tgc3qolx3gl0e58kng3gk 
       foreign key (program_id) 
       references programs
Hibernate: 
    alter table if exists program_rates 
       add constraint FKpjp2eoo0vb8m2kwdoapbts8dp 
       foreign key (user_id) 
       references users
Hibernate: 
    alter table if exists program_rates 
       add constraint FKdgfanki87hpybt3hdu45sdfwv 
       foreign key (program_id) 
       references programs
Hibernate: 
    alter table if exists programs 
       add constraint FK788wl7mf99opq8oqiu24rs9ai 
       foreign key (school_id) 
       references schools
Hibernate: 
    alter table if exists school_rates 
       add constraint FKp7w8oabr98qd5u59o2qhtqq4q 
       foreign key (user_id) 
       references users
Hibernate: 
    alter table if exists school_rates 
       add constraint FKmo7jk9ahayd7wy6eo4slrk4fq 
       foreign key (school_id) 
       references schools
Hibernate: 
    alter table if exists users 
       add constraint FKp56c1712k691lhsyewcssf40f 
       foreign key (role_id) 
       references roles
2026-03-08T01:14:30.466Z  INFO 212 --- [           main] j.LocalContainerEntityManagerFactoryBean : Initialized JPA EntityManagerFactory for persistence unit 'default'
2026-03-08T01:14:30.527Z  WARN 212 --- [           main] JpaBaseConfiguration$JpaWebConfiguration : spring.jpa.open-in-view is enabled by default. Therefore, database queries may be performed during view rendering. Explicitly configure spring.jpa.open-in-view to disable this warning
2026-03-08T01:14:30.538Z  INFO 212 --- [           main] r$InitializeUserDetailsManagerConfigurer : Global AuthenticationManager configured with UserDetailsService bean with name customUserDetailsService
2026-03-08T01:14:30.687Z  INFO 212 --- [           main] o.s.b.a.e.web.EndpointLinksResolver      : Exposing 1 endpoint beneath base path '/actuator'
2026-03-08T01:14:30.703Z  WARN 212 --- [           main] o.s.s.c.a.web.builders.WebSecurity       : You are asking Spring Security to ignore Deferred [Mvc [pattern='/swagger-ui/**'], Ant [pattern='/swagger-ui/**']]. This is not recommended -- please use permitAll via HttpSecurity#authorizeHttpRequests instead.
2026-03-08T01:14:30.704Z  WARN 212 --- [           main] o.s.s.c.a.web.builders.WebSecurity       : You are asking Spring Security to ignore Deferred [Mvc [pattern='/v3/api-docs/**'], Ant [pattern='/v3/api-docs/**']]. This is not recommended -- please use permitAll via HttpSecurity#authorizeHttpRequests instead.
2026-03-08T01:14:30.704Z  WARN 212 --- [           main] o.s.s.c.a.web.builders.WebSecurity       : You are asking Spring Security to ignore Deferred [Mvc [pattern='/swagger-ui.html'], Ant [pattern='/swagger-ui.html']]. This is not recommended -- please use permitAll via HttpSecurity#authorizeHttpRequests instead.
2026-03-08T01:14:30.704Z  WARN 212 --- [           main] o.s.s.c.a.web.builders.WebSecurity       : You are asking Spring Security to ignore Deferred [Mvc [pattern='/api-docs/**'], Ant [pattern='/api-docs/**']]. This is not recommended -- please use permitAll via HttpSecurity#authorizeHttpRequests instead.
2026-03-08T01:14:30.746Z  WARN 212 --- [           main] ion$DefaultTemplateResolverConfiguration : Cannot find template location: classpath:/templates/ (please add some templates, check your Thymeleaf configuration, or set spring.thymeleaf.check-template-location=false)
2026-03-08T01:14:30.797Z  INFO 212 --- [           main] o.s.b.t.m.w.SpringBootMockServletContext : Initializing Spring TestDispatcherServlet ''
2026-03-08T01:14:30.797Z  INFO 212 --- [           main] o.s.t.web.servlet.TestDispatcherServlet  : Initializing Servlet ''
2026-03-08T01:14:30.797Z  INFO 212 --- [           main] o.s.t.web.servlet.TestDispatcherServlet  : Completed initialization in 0 ms
2026-03-08T01:14:30.813Z  INFO 212 --- [           main] .m.i.c.ProgramControllerIntegrationTests : Started ProgramControllerIntegrationTests in 0.917 seconds (process running for 23.68)
2026-03-08T01:14:30.814Z  WARN 212 --- [           main] o.s.core.events.SpringDocAppInitializer  : SpringDoc /v3/api-docs endpoint is enabled by default. To disable it in production, set the property 'springdoc.api-docs.enabled=false'
2026-03-08T01:14:30.814Z  WARN 212 --- [           main] o.s.core.events.SpringDocAppInitializer  : SpringDoc /swagger-ui.html endpoint is enabled by default. To disable it in production, set the property 'springdoc.swagger-ui.enabled=false'
2026-03-08T01:14:30.817Z  WARN 212 --- [           main] o.s.w.s.h.HandlerMappingIntrospector     : Cache miss for REQUEST dispatch to '/api/v1/programs' (previous null). Performing MatchableHandlerMapping lookup. This is logged once only at WARN level, and every time at TRACE.
Hibernate: 
    select
        p1_0.id,
        p1_0.code,
        p1_0.created_at,
        p1_0.created_by,
        p1_0.duration,
        p1_0.modified_at,
        p1_0.modified_by,
        p1_0.name,
        p1_0.photo_url,
        p1_0.school_id 
    from
        programs p1_0 
    offset
        ? rows 
    fetch
        first ? rows only
2026-03-08T01:14:30.822Z  WARN 212 --- [           main] ration$PageModule$WarningLoggingModifier : Serializing PageImpl instances as-is is not supported, meaning that there is no guarantee about the stability of the resulting JSON structure!
	For a stable JSON structure, please use Spring Data's PagedModel (globally via @EnableSpringDataWebSupport(pageSerializationMode = VIA_DTO))
	or Spring HATEOAS and Spring Data's PagedResourcesAssembler as documented in https://docs.spring.io/spring-data/commons/reference/repositories/core-extensions.html#core.web.pageables.

2026-03-08T01:14:30.834Z  INFO 212 --- [           main] j.LocalContainerEntityManagerFactoryBean : Closing JPA EntityManagerFactory for persistence unit 'default'
Hibernate: 
    drop table if exists accreditations cascade 
Hibernate: 
    drop table if exists course_rates cascade 
Hibernate: 
    drop table if exists courses cascade 
Hibernate: 
    drop table if exists program_accreditations cascade 
Hibernate: 
    drop table if exists program_rates cascade 
Hibernate: 
    drop table if exists programs cascade 
Hibernate: 
    drop table if exists roles cascade 
Hibernate: 
    drop table if exists school_rates cascade 
Hibernate: 
    drop table if exists schools cascade 
Hibernate: 
    drop table if exists users cascade 
2026-03-08T01:14:30.837Z  INFO 212 --- [           main] com.zaxxer.hikari.HikariDataSource       : HikariPool-12 - Shutdown initiated...
2026-03-08T01:14:30.838Z  INFO 212 --- [           main] com.zaxxer.hikari.HikariDataSource       : HikariPool-12 - Shutdown completed.
]]></system-out>
  </testcase>
  <testcase name="testThatProgramCanBeCreatedSuccessfullyAndRecalled" classname="com.bowe.meetstudent.integration.controllers.ProgramControllerIntegrationTests" time="0.043">
    <system-out><![CDATA[2026-03-08T01:14:30.843Z  INFO 212 --- [           main] o.s.b.d.r.RestartApplicationListener     : Restart disabled due to context in which it is running

  .   ____          _            __ _ _
 /\\ / ___'_ __ _ _(_)_ __  __ _ \ \ \ \
( ( )\___ | '_ | '_| | '_ \/ _` | \ \ \ \
 \\/  ___)| |_)| | | | | || (_| |  ) ) ) )
  '  |____| .__|_| |_|_| |_\__, | / / / /
 =========|_|==============|___/=/_/_/_/

 :: Spring Boot ::                (v3.4.7)

2026-03-08T01:14:30.876Z  INFO 212 --- [           main] .m.i.c.ProgramControllerIntegrationTests : Starting ProgramControllerIntegrationTests using Java 21.0.10 with PID 212 (started by root in /app)
2026-03-08T01:14:30.876Z  INFO 212 --- [           main] .m.i.c.ProgramControllerIntegrationTests : The following 1 profile is active: "test"
2026-03-08T01:14:31.176Z  INFO 212 --- [           main] .s.d.r.c.RepositoryConfigurationDelegate : Bootstrapping Spring Data JPA repositories in DEFAULT mode.
2026-03-08T01:14:31.235Z  INFO 212 --- [           main] .s.d.r.c.RepositoryConfigurationDelegate : Finished Spring Data repository scanning in 57 ms. Found 10 JPA repository interfaces.
2026-03-08T01:14:31.306Z  INFO 212 --- [           main] o.hibernate.jpa.internal.util.LogHelper  : HHH000204: Processing PersistenceUnitInfo [name: default]
2026-03-08T01:14:31.311Z  INFO 212 --- [           main] o.h.c.internal.RegionFactoryInitiator    : HHH000026: Second-level cache disabled
2026-03-08T01:14:31.326Z  INFO 212 --- [           main] o.s.o.j.p.SpringPersistenceUnitInfo      : No LoadTimeWeaver setup: ignoring JPA class transformer
2026-03-08T01:14:31.328Z  INFO 212 --- [           main] com.zaxxer.hikari.HikariDataSource       : HikariPool-13 - Starting...
2026-03-08T01:14:31.329Z  INFO 212 --- [           main] com.zaxxer.hikari.pool.HikariPool        : HikariPool-13 - Added connection conn120: url=jdbc:h2:mem:testdb user=SA
2026-03-08T01:14:31.329Z  INFO 212 --- [           main] com.zaxxer.hikari.HikariDataSource       : HikariPool-13 - Start completed.
2026-03-08T01:14:31.329Z  WARN 212 --- [           main] org.hibernate.orm.deprecation            : HHH90000025: H2Dialect does not need to be specified explicitly using 'hibernate.dialect' (remove the property setting and it will be selected by default)
2026-03-08T01:14:31.330Z  INFO 212 --- [           main] org.hibernate.orm.connections.pooling    : HHH10001005: Database info:
	Database JDBC URL [Connecting through datasource 'HikariDataSource (HikariPool-13)']
	Database driver: undefined/unknown
	Database version: 2.3.232
	Autocommit mode: undefined/unknown
	Isolation level: undefined/unknown
	Minimum pool size: undefined/unknown
	Maximum pool size: undefined/unknown
2026-03-08T01:14:31.430Z  INFO 212 --- [           main] o.h.e.t.j.p.i.JtaPlatformInitiator       : HHH000489: No JTA platform available (set 'hibernate.transaction.jta.platform' to enable JTA platform integration)
Hibernate: 
    drop table if exists accreditations cascade 
Hibernate: 
    drop table if exists course_rates cascade 
Hibernate: 
    drop table if exists courses cascade 
Hibernate: 
    drop table if exists program_accreditations cascade 
Hibernate: 
    drop table if exists program_rates cascade 
Hibernate: 
    drop table if exists programs cascade 
Hibernate: 
    drop table if exists roles cascade 
Hibernate: 
    drop table if exists school_rates cascade 
Hibernate: 
    drop table if exists schools cascade 
Hibernate: 
    drop table if exists users cascade 
Hibernate: 
    create table accreditations (
        created_by integer,
        id integer generated by default as identity,
        modified_by integer,
        code varchar(5) unique,
        created_at timestamp(6),
        modified_at timestamp(6),
        name varchar(50),
        description varchar(255),
        primary key (id)
    )
Hibernate: 
    create table course_rates (
        course_id integer,
        created_by integer,
        id integer generated by default as identity,
        modified_by integer,
        note float(53),
        user_id integer,
        created_at timestamp(6),
        modified_at timestamp(6),
        comment varchar(150),
        primary key (id)
    )
Hibernate: 
    create table courses (
        created_by integer,
        id integer generated by default as identity,
        modified_by integer,
        program_id integer,
        code varchar(5) unique,
        created_at timestamp(6),
        modified_at timestamp(6),
        name varchar(50),
        photo_url varchar(255),
        primary key (id)
    )
Hibernate: 
    create table program_accreditations (
        accreditation_id integer not null,
        ends integer,
        program_id integer not null,
        starts integer,
        primary key (accreditation_id, program_id)
    )
Hibernate: 
    create table program_rates (
        created_by integer,
        id integer generated by default as identity,
        modified_by integer,
        note float(53),
        program_id integer,
        user_id integer,
        created_at timestamp(6),
        modified_at timestamp(6),
        comment varchar(150),
        primary key (id)
    )
Hibernate: 
    create table programs (
        created_by integer,
        duration integer,
        id integer generated by default as identity,
        modified_by integer,
        school_id integer,
        code varchar(5) unique,
        created_at timestamp(6),
        modified_at timestamp(6),
        name varchar(50),
        photo_url varchar(255),
        primary key (id)
    )
Hibernate: 
    create table roles (
        id integer generated by default as identity,
        description varchar(255),
        name varchar(255) not null,
        primary key (id)
    )
Hibernate: 
    create table school_rates (
        created_by integer,
        id integer generated by default as identity,
        modified_by integer,
        note float(53),
        school_id integer,
        user_id integer,
        created_at timestamp(6),
        modified_at timestamp(6),
        comment varchar(150),
        primary key (id)
    )
Hibernate: 
    create table schools (
        created_by integer,
        id integer generated by default as identity,
        modified_by integer,
        code varchar(5) unique,
        created_at timestamp(6),
        creation timestamp(6),
        modified_at timestamp(6),
        name varchar(50),
        city varchar(255),
        country varchar(255),
        cover_photo_url varchar(255),
        location varchar(255),
        logo_url varchar(255),
        primary key (id)
    )
Hibernate: 
    create table users (
        created_by integer,
        id integer generated by default as identity,
        modified_by integer,
        role_id integer,
        birthday timestamp(6),
        created_at timestamp(6),
        modified_at timestamp(6),
        lastname varchar(50),
        firstname varchar(100),
        qualification varchar(100),
        email varchar(255) unique,
        password varchar(255),
        diplomas varchar(255) array,
        primary key (id)
    )
Hibernate: 
    alter table if exists course_rates 
       add constraint FKksvr0lhog8yc0c290g45g1dgt 
       foreign key (user_id) 
       references users
Hibernate: 
    alter table if exists course_rates 
       add constraint FKoh9pgu36xpti0nacl6kd7gixq 
       foreign key (course_id) 
       references courses
Hibernate: 
    alter table if exists courses 
       add constraint FKh9mmrmahf9iy4yoqdv41vbxjm 
       foreign key (program_id) 
       references programs
Hibernate: 
    alter table if exists program_accreditations 
       add constraint FKta2fyyepp896b9kobbm3r9l68 
       foreign key (accreditation_id) 
       references accreditations
Hibernate: 
    alter table if exists program_accreditations 
       add constraint FKduj7tgc3qolx3gl0e58kng3gk 
       foreign key (program_id) 
       references programs
Hibernate: 
    alter table if exists program_rates 
       add constraint FKpjp2eoo0vb8m2kwdoapbts8dp 
       foreign key (user_id) 
       references users
Hibernate: 
    alter table if exists program_rates 
       add constraint FKdgfanki87hpybt3hdu45sdfwv 
       foreign key (program_id) 
       references programs
Hibernate: 
    alter table if exists programs 
       add constraint FK788wl7mf99opq8oqiu24rs9ai 
       foreign key (school_id) 
       references schools
Hibernate: 
    alter table if exists school_rates 
       add constraint FKp7w8oabr98qd5u59o2qhtqq4q 
       foreign key (user_id) 
       references users
Hibernate: 
    alter table if exists school_rates 
       add constraint FKmo7jk9ahayd7wy6eo4slrk4fq 
       foreign key (school_id) 
       references schools
Hibernate: 
    alter table if exists users 
       add constraint FKp56c1712k691lhsyewcssf40f 
       foreign key (role_id) 
       references roles
2026-03-08T01:14:31.445Z  INFO 212 --- [           main] j.LocalContainerEntityManagerFactoryBean : Initialized JPA EntityManagerFactory for persistence unit 'default'
2026-03-08T01:14:31.506Z  WARN 212 --- [           main] JpaBaseConfiguration$JpaWebConfiguration : spring.jpa.open-in-view is enabled by default. Therefore, database queries may be performed during view rendering. Explicitly configure spring.jpa.open-in-view to disable this warning
2026-03-08T01:14:31.513Z  INFO 212 --- [           main] r$InitializeUserDetailsManagerConfigurer : Global AuthenticationManager configured with UserDetailsService bean with name customUserDetailsService
2026-03-08T01:14:31.676Z  INFO 212 --- [           main] o.s.b.a.e.web.EndpointLinksResolver      : Exposing 1 endpoint beneath base path '/actuator'
2026-03-08T01:14:31.689Z  WARN 212 --- [           main] o.s.s.c.a.web.builders.WebSecurity       : You are asking Spring Security to ignore Deferred [Mvc [pattern='/swagger-ui/**'], Ant [pattern='/swagger-ui/**']]. This is not recommended -- please use permitAll via HttpSecurity#authorizeHttpRequests instead.
2026-03-08T01:14:31.689Z  WARN 212 --- [           main] o.s.s.c.a.web.builders.WebSecurity       : You are asking Spring Security to ignore Deferred [Mvc [pattern='/v3/api-docs/**'], Ant [pattern='/v3/api-docs/**']]. This is not recommended -- please use permitAll via HttpSecurity#authorizeHttpRequests instead.
2026-03-08T01:14:31.689Z  WARN 212 --- [           main] o.s.s.c.a.web.builders.WebSecurity       : You are asking Spring Security to ignore Deferred [Mvc [pattern='/swagger-ui.html'], Ant [pattern='/swagger-ui.html']]. This is not recommended -- please use permitAll via HttpSecurity#authorizeHttpRequests instead.
2026-03-08T01:14:31.689Z  WARN 212 --- [           main] o.s.s.c.a.web.builders.WebSecurity       : You are asking Spring Security to ignore Deferred [Mvc [pattern='/api-docs/**'], Ant [pattern='/api-docs/**']]. This is not recommended -- please use permitAll via HttpSecurity#authorizeHttpRequests instead.
2026-03-08T01:14:31.721Z  WARN 212 --- [           main] ion$DefaultTemplateResolverConfiguration : Cannot find template location: classpath:/templates/ (please add some templates, check your Thymeleaf configuration, or set spring.thymeleaf.check-template-location=false)
2026-03-08T01:14:31.777Z  INFO 212 --- [           main] o.s.b.t.m.w.SpringBootMockServletContext : Initializing Spring TestDispatcherServlet ''
2026-03-08T01:14:31.777Z  INFO 212 --- [           main] o.s.t.web.servlet.TestDispatcherServlet  : Initializing Servlet ''
2026-03-08T01:14:31.777Z  INFO 212 --- [           main] o.s.t.web.servlet.TestDispatcherServlet  : Completed initialization in 0 ms
2026-03-08T01:14:31.787Z  INFO 212 --- [           main] .m.i.c.ProgramControllerIntegrationTests : Started ProgramControllerIntegrationTests in 0.945 seconds (process running for 24.655)
2026-03-08T01:14:31.788Z  WARN 212 --- [           main] o.s.core.events.SpringDocAppInitializer  : SpringDoc /v3/api-docs endpoint is enabled by default. To disable it in production, set the property 'springdoc.api-docs.enabled=false'
2026-03-08T01:14:31.788Z  WARN 212 --- [           main] o.s.core.events.SpringDocAppInitializer  : SpringDoc /swagger-ui.html endpoint is enabled by default. To disable it in production, set the property 'springdoc.swagger-ui.enabled=false'
2026-03-08T01:14:31.795Z  WARN 212 --- [           main] o.s.w.s.h.HandlerMappingIntrospector     : Cache miss for REQUEST dispatch to '/api/v1/programs' (previous null). Performing MatchableHandlerMapping lookup. This is logged once only at WARN level, and every time at TRACE.
Hibernate: 
    insert 
    into
        programs
        (code, created_at, created_by, duration, modified_at, modified_by, name, photo_url, school_id, id) 
    values
        (?, ?, ?, ?, ?, ?, ?, ?, ?, default)
2026-03-08T01:14:31.826Z  INFO 212 --- [           main] j.LocalContainerEntityManagerFactoryBean : Closing JPA EntityManagerFactory for persistence unit 'default'
Hibernate: 
    drop table if exists accreditations cascade 
Hibernate: 
    drop table if exists course_rates cascade 
Hibernate: 
    drop table if exists courses cascade 
Hibernate: 
    drop table if exists program_accreditations cascade 
Hibernate: 
    drop table if exists program_rates cascade 
Hibernate: 
    drop table if exists programs cascade 
Hibernate: 
    drop table if exists roles cascade 
Hibernate: 
    drop table if exists school_rates cascade 
Hibernate: 
    drop table if exists schools cascade 
Hibernate: 
    drop table if exists users cascade 
2026-03-08T01:14:31.830Z  INFO 212 --- [           main] com.zaxxer.hikari.HikariDataSource       : HikariPool-13 - Shutdown initiated...
2026-03-08T01:14:31.832Z  INFO 212 --- [           main] com.zaxxer.hikari.HikariDataSource       : HikariPool-13 - Shutdown completed.
]]></system-out>
  </testcase>
  <testcase name="testThatCreateProgramWithSchoolReturnsHttpStatus201" classname="com.bowe.meetstudent.integration.controllers.ProgramControllerIntegrationTests" time="0.04">
    <system-out><![CDATA[2026-03-08T01:14:31.836Z  INFO 212 --- [           main] o.s.b.d.r.RestartApplicationListener     : Restart disabled due to context in which it is running

  .   ____          _            __ _ _
 /\\ / ___'_ __ _ _(_)_ __  __ _ \ \ \ \
( ( )\___ | '_ | '_| | '_ \/ _` | \ \ \ \
 \\/  ___)| |_)| | | | | || (_| |  ) ) ) )
  '  |____| .__|_| |_|_| |_\__, | / / / /
 =========|_|==============|___/=/_/_/_/

 :: Spring Boot ::                (v3.4.7)

2026-03-08T01:14:31.864Z  INFO 212 --- [           main] .m.i.c.ProgramControllerIntegrationTests : Starting ProgramControllerIntegrationTests using Java 21.0.10 with PID 212 (started by root in /app)
2026-03-08T01:14:31.864Z  INFO 212 --- [           main] .m.i.c.ProgramControllerIntegrationTests : The following 1 profile is active: "test"
2026-03-08T01:14:32.193Z  INFO 212 --- [           main] .s.d.r.c.RepositoryConfigurationDelegate : Bootstrapping Spring Data JPA repositories in DEFAULT mode.
2026-03-08T01:14:32.247Z  INFO 212 --- [           main] .s.d.r.c.RepositoryConfigurationDelegate : Finished Spring Data repository scanning in 53 ms. Found 10 JPA repository interfaces.
2026-03-08T01:14:32.310Z  INFO 212 --- [           main] o.hibernate.jpa.internal.util.LogHelper  : HHH000204: Processing PersistenceUnitInfo [name: default]
2026-03-08T01:14:32.315Z  INFO 212 --- [           main] o.h.c.internal.RegionFactoryInitiator    : HHH000026: Second-level cache disabled
2026-03-08T01:14:32.328Z  INFO 212 --- [           main] o.s.o.j.p.SpringPersistenceUnitInfo      : No LoadTimeWeaver setup: ignoring JPA class transformer
2026-03-08T01:14:32.329Z  INFO 212 --- [           main] com.zaxxer.hikari.HikariDataSource       : HikariPool-14 - Starting...
2026-03-08T01:14:32.330Z  INFO 212 --- [           main] com.zaxxer.hikari.pool.HikariPool        : HikariPool-14 - Added connection conn130: url=jdbc:h2:mem:testdb user=SA
2026-03-08T01:14:32.331Z  INFO 212 --- [           main] com.zaxxer.hikari.HikariDataSource       : HikariPool-14 - Start completed.
2026-03-08T01:14:32.331Z  WARN 212 --- [           main] org.hibernate.orm.deprecation            : HHH90000025: H2Dialect does not need to be specified explicitly using 'hibernate.dialect' (remove the property setting and it will be selected by default)
2026-03-08T01:14:32.332Z  INFO 212 --- [           main] org.hibernate.orm.connections.pooling    : HHH10001005: Database info:
	Database JDBC URL [Connecting through datasource 'HikariDataSource (HikariPool-14)']
	Database driver: undefined/unknown
	Database version: 2.3.232
	Autocommit mode: undefined/unknown
	Isolation level: undefined/unknown
	Minimum pool size: undefined/unknown
	Maximum pool size: undefined/unknown
2026-03-08T01:14:32.444Z  INFO 212 --- [           main] o.h.e.t.j.p.i.JtaPlatformInitiator       : HHH000489: No JTA platform available (set 'hibernate.transaction.jta.platform' to enable JTA platform integration)
Hibernate: 
    drop table if exists accreditations cascade 
Hibernate: 
    drop table if exists course_rates cascade 
Hibernate: 
    drop table if exists courses cascade 
Hibernate: 
    drop table if exists program_accreditations cascade 
Hibernate: 
    drop table if exists program_rates cascade 
Hibernate: 
    drop table if exists programs cascade 
Hibernate: 
    drop table if exists roles cascade 
Hibernate: 
    drop table if exists school_rates cascade 
Hibernate: 
    drop table if exists schools cascade 
Hibernate: 
    drop table if exists users cascade 
Hibernate: 
    create table accreditations (
        created_by integer,
        id integer generated by default as identity,
        modified_by integer,
        code varchar(5) unique,
        created_at timestamp(6),
        modified_at timestamp(6),
        name varchar(50),
        description varchar(255),
        primary key (id)
    )
Hibernate: 
    create table course_rates (
        course_id integer,
        created_by integer,
        id integer generated by default as identity,
        modified_by integer,
        note float(53),
        user_id integer,
        created_at timestamp(6),
        modified_at timestamp(6),
        comment varchar(150),
        primary key (id)
    )
Hibernate: 
    create table courses (
        created_by integer,
        id integer generated by default as identity,
        modified_by integer,
        program_id integer,
        code varchar(5) unique,
        created_at timestamp(6),
        modified_at timestamp(6),
        name varchar(50),
        photo_url varchar(255),
        primary key (id)
    )
Hibernate: 
    create table program_accreditations (
        accreditation_id integer not null,
        ends integer,
        program_id integer not null,
        starts integer,
        primary key (accreditation_id, program_id)
    )
Hibernate: 
    create table program_rates (
        created_by integer,
        id integer generated by default as identity,
        modified_by integer,
        note float(53),
        program_id integer,
        user_id integer,
        created_at timestamp(6),
        modified_at timestamp(6),
        comment varchar(150),
        primary key (id)
    )
Hibernate: 
    create table programs (
        created_by integer,
        duration integer,
        id integer generated by default as identity,
        modified_by integer,
        school_id integer,
        code varchar(5) unique,
        created_at timestamp(6),
        modified_at timestamp(6),
        name varchar(50),
        photo_url varchar(255),
        primary key (id)
    )
Hibernate: 
    create table roles (
        id integer generated by default as identity,
        description varchar(255),
        name varchar(255) not null,
        primary key (id)
    )
Hibernate: 
    create table school_rates (
        created_by integer,
        id integer generated by default as identity,
        modified_by integer,
        note float(53),
        school_id integer,
        user_id integer,
        created_at timestamp(6),
        modified_at timestamp(6),
        comment varchar(150),
        primary key (id)
    )
Hibernate: 
    create table schools (
        created_by integer,
        id integer generated by default as identity,
        modified_by integer,
        code varchar(5) unique,
        created_at timestamp(6),
        creation timestamp(6),
        modified_at timestamp(6),
        name varchar(50),
        city varchar(255),
        country varchar(255),
        cover_photo_url varchar(255),
        location varchar(255),
        logo_url varchar(255),
        primary key (id)
    )
Hibernate: 
    create table users (
        created_by integer,
        id integer generated by default as identity,
        modified_by integer,
        role_id integer,
        birthday timestamp(6),
        created_at timestamp(6),
        modified_at timestamp(6),
        lastname varchar(50),
        firstname varchar(100),
        qualification varchar(100),
        email varchar(255) unique,
        password varchar(255),
        diplomas varchar(255) array,
        primary key (id)
    )
Hibernate: 
    alter table if exists course_rates 
       add constraint FKksvr0lhog8yc0c290g45g1dgt 
       foreign key (user_id) 
       references users
Hibernate: 
    alter table if exists course_rates 
       add constraint FKoh9pgu36xpti0nacl6kd7gixq 
       foreign key (course_id) 
       references courses
Hibernate: 
    alter table if exists courses 
       add constraint FKh9mmrmahf9iy4yoqdv41vbxjm 
       foreign key (program_id) 
       references programs
Hibernate: 
    alter table if exists program_accreditations 
       add constraint FKta2fyyepp896b9kobbm3r9l68 
       foreign key (accreditation_id) 
       references accreditations
Hibernate: 
    alter table if exists program_accreditations 
       add constraint FKduj7tgc3qolx3gl0e58kng3gk 
       foreign key (program_id) 
       references programs
Hibernate: 
    alter table if exists program_rates 
       add constraint FKpjp2eoo0vb8m2kwdoapbts8dp 
       foreign key (user_id) 
       references users
Hibernate: 
    alter table if exists program_rates 
       add constraint FKdgfanki87hpybt3hdu45sdfwv 
       foreign key (program_id) 
       references programs
Hibernate: 
    alter table if exists programs 
       add constraint FK788wl7mf99opq8oqiu24rs9ai 
       foreign key (school_id) 
       references schools
Hibernate: 
    alter table if exists school_rates 
       add constraint FKp7w8oabr98qd5u59o2qhtqq4q 
       foreign key (user_id) 
       references users
Hibernate: 
    alter table if exists school_rates 
       add constraint FKmo7jk9ahayd7wy6eo4slrk4fq 
       foreign key (school_id) 
       references schools
Hibernate: 
    alter table if exists users 
       add constraint FKp56c1712k691lhsyewcssf40f 
       foreign key (role_id) 
       references roles
2026-03-08T01:14:32.456Z  INFO 212 --- [           main] j.LocalContainerEntityManagerFactoryBean : Initialized JPA EntityManagerFactory for persistence unit 'default'
2026-03-08T01:14:32.512Z  WARN 212 --- [           main] JpaBaseConfiguration$JpaWebConfiguration : spring.jpa.open-in-view is enabled by default. Therefore, database queries may be performed during view rendering. Explicitly configure spring.jpa.open-in-view to disable this warning
2026-03-08T01:14:32.519Z  INFO 212 --- [           main] r$InitializeUserDetailsManagerConfigurer : Global AuthenticationManager configured with UserDetailsService bean with name customUserDetailsService
2026-03-08T01:14:32.684Z  INFO 212 --- [           main] o.s.b.a.e.web.EndpointLinksResolver      : Exposing 1 endpoint beneath base path '/actuator'
2026-03-08T01:14:32.697Z  WARN 212 --- [           main] o.s.s.c.a.web.builders.WebSecurity       : You are asking Spring Security to ignore Deferred [Mvc [pattern='/swagger-ui/**'], Ant [pattern='/swagger-ui/**']]. This is not recommended -- please use permitAll via HttpSecurity#authorizeHttpRequests instead.
2026-03-08T01:14:32.697Z  WARN 212 --- [           main] o.s.s.c.a.web.builders.WebSecurity       : You are asking Spring Security to ignore Deferred [Mvc [pattern='/v3/api-docs/**'], Ant [pattern='/v3/api-docs/**']]. This is not recommended -- please use permitAll via HttpSecurity#authorizeHttpRequests instead.
2026-03-08T01:14:32.697Z  WARN 212 --- [           main] o.s.s.c.a.web.builders.WebSecurity       : You are asking Spring Security to ignore Deferred [Mvc [pattern='/swagger-ui.html'], Ant [pattern='/swagger-ui.html']]. This is not recommended -- please use permitAll via HttpSecurity#authorizeHttpRequests instead.
2026-03-08T01:14:32.697Z  WARN 212 --- [           main] o.s.s.c.a.web.builders.WebSecurity       : You are asking Spring Security to ignore Deferred [Mvc [pattern='/api-docs/**'], Ant [pattern='/api-docs/**']]. This is not recommended -- please use permitAll via HttpSecurity#authorizeHttpRequests instead.
2026-03-08T01:14:32.722Z  WARN 212 --- [           main] ion$DefaultTemplateResolverConfiguration : Cannot find template location: classpath:/templates/ (please add some templates, check your Thymeleaf configuration, or set spring.thymeleaf.check-template-location=false)
2026-03-08T01:14:32.767Z  INFO 212 --- [           main] o.s.b.t.m.w.SpringBootMockServletContext : Initializing Spring TestDispatcherServlet ''
2026-03-08T01:14:32.767Z  INFO 212 --- [           main] o.s.t.web.servlet.TestDispatcherServlet  : Initializing Servlet ''
2026-03-08T01:14:32.767Z  INFO 212 --- [           main] o.s.t.web.servlet.TestDispatcherServlet  : Completed initialization in 0 ms
2026-03-08T01:14:32.775Z  INFO 212 --- [           main] .m.i.c.ProgramControllerIntegrationTests : Started ProgramControllerIntegrationTests in 0.939 seconds (process running for 25.643)
2026-03-08T01:14:32.776Z  WARN 212 --- [           main] o.s.core.events.SpringDocAppInitializer  : SpringDoc /v3/api-docs endpoint is enabled by default. To disable it in production, set the property 'springdoc.api-docs.enabled=false'
2026-03-08T01:14:32.776Z  WARN 212 --- [           main] o.s.core.events.SpringDocAppInitializer  : SpringDoc /swagger-ui.html endpoint is enabled by default. To disable it in production, set the property 'springdoc.swagger-ui.enabled=false'
Hibernate: 
    insert 
    into
        schools
        (city, country, location, code, cover_photo_url, created_at, created_by, creation, logo_url, modified_at, modified_by, name, id) 
    values
        (?, ?, ?, ?, ?, ?, ?, ?, ?, ?, ?, ?, default)
2026-03-08T01:14:32.788Z  WARN 212 --- [           main] o.s.w.s.h.HandlerMappingIntrospector     : Cache miss for REQUEST dispatch to '/api/v1/programs' (previous null). Performing MatchableHandlerMapping lookup. This is logged once only at WARN level, and every time at TRACE.
Hibernate: 
    select
        s1_0.id,
        s1_0.city,
        s1_0.country,
        s1_0.location,
        s1_0.code,
        s1_0.cover_photo_url,
        s1_0.created_at,
        s1_0.created_by,
        s1_0.creation,
        s1_0.logo_url,
        s1_0.modified_at,
        s1_0.modified_by,
        s1_0.name 
    from
        schools s1_0 
    where
        s1_0.id=?
Hibernate: 
    insert 
    into
        programs
        (code, created_at, created_by, duration, modified_at, modified_by, name, photo_url, school_id, id) 
    values
        (?, ?, ?, ?, ?, ?, ?, ?, ?, default)
2026-03-08T01:14:32.811Z  INFO 212 --- [           main] j.LocalContainerEntityManagerFactoryBean : Closing JPA EntityManagerFactory for persistence unit 'default'
Hibernate: 
    drop table if exists accreditations cascade 
Hibernate: 
    drop table if exists course_rates cascade 
Hibernate: 
    drop table if exists courses cascade 
Hibernate: 
    drop table if exists program_accreditations cascade 
Hibernate: 
    drop table if exists program_rates cascade 
Hibernate: 
    drop table if exists programs cascade 
Hibernate: 
    drop table if exists roles cascade 
Hibernate: 
    drop table if exists school_rates cascade 
Hibernate: 
    drop table if exists schools cascade 
Hibernate: 
    drop table if exists users cascade 
2026-03-08T01:14:32.813Z  INFO 212 --- [           main] com.zaxxer.hikari.HikariDataSource       : HikariPool-14 - Shutdown initiated...
2026-03-08T01:14:32.817Z  INFO 212 --- [           main] com.zaxxer.hikari.HikariDataSource       : HikariPool-14 - Shutdown completed.
]]></system-out>
  </testcase>
  <testcase name="testThatLinkAccreditationReturnsHttpStatus201" classname="com.bowe.meetstudent.integration.controllers.ProgramControllerIntegrationTests" time="0.084">
    <system-out><![CDATA[2026-03-08T01:14:32.821Z  INFO 212 --- [           main] o.s.b.d.r.RestartApplicationListener     : Restart disabled due to context in which it is running

  .   ____          _            __ _ _
 /\\ / ___'_ __ _ _(_)_ __  __ _ \ \ \ \
( ( )\___ | '_ | '_| | '_ \/ _` | \ \ \ \
 \\/  ___)| |_)| | | | | || (_| |  ) ) ) )
  '  |____| .__|_| |_|_| |_\__, | / / / /
 =========|_|==============|___/=/_/_/_/

 :: Spring Boot ::                (v3.4.7)

2026-03-08T01:14:32.848Z  INFO 212 --- [           main] .m.i.c.ProgramControllerIntegrationTests : Starting ProgramControllerIntegrationTests using Java 21.0.10 with PID 212 (started by root in /app)
2026-03-08T01:14:32.848Z  INFO 212 --- [           main] .m.i.c.ProgramControllerIntegrationTests : The following 1 profile is active: "test"
2026-03-08T01:14:33.174Z  INFO 212 --- [           main] .s.d.r.c.RepositoryConfigurationDelegate : Bootstrapping Spring Data JPA repositories in DEFAULT mode.
2026-03-08T01:14:33.227Z  INFO 212 --- [           main] .s.d.r.c.RepositoryConfigurationDelegate : Finished Spring Data repository scanning in 51 ms. Found 10 JPA repository interfaces.
2026-03-08T01:14:33.303Z  INFO 212 --- [           main] o.hibernate.jpa.internal.util.LogHelper  : HHH000204: Processing PersistenceUnitInfo [name: default]
2026-03-08T01:14:33.308Z  INFO 212 --- [           main] o.h.c.internal.RegionFactoryInitiator    : HHH000026: Second-level cache disabled
2026-03-08T01:14:33.322Z  INFO 212 --- [           main] o.s.o.j.p.SpringPersistenceUnitInfo      : No LoadTimeWeaver setup: ignoring JPA class transformer
2026-03-08T01:14:33.324Z  INFO 212 --- [           main] com.zaxxer.hikari.HikariDataSource       : HikariPool-15 - Starting...
2026-03-08T01:14:33.325Z  INFO 212 --- [           main] com.zaxxer.hikari.pool.HikariPool        : HikariPool-15 - Added connection conn140: url=jdbc:h2:mem:testdb user=SA
2026-03-08T01:14:33.326Z  INFO 212 --- [           main] com.zaxxer.hikari.HikariDataSource       : HikariPool-15 - Start completed.
2026-03-08T01:14:33.326Z  WARN 212 --- [           main] org.hibernate.orm.deprecation            : HHH90000025: H2Dialect does not need to be specified explicitly using 'hibernate.dialect' (remove the property setting and it will be selected by default)
2026-03-08T01:14:33.326Z  INFO 212 --- [           main] org.hibernate.orm.connections.pooling    : HHH10001005: Database info:
	Database JDBC URL [Connecting through datasource 'HikariDataSource (HikariPool-15)']
	Database driver: undefined/unknown
	Database version: 2.3.232
	Autocommit mode: undefined/unknown
	Isolation level: undefined/unknown
	Minimum pool size: undefined/unknown
	Maximum pool size: undefined/unknown
2026-03-08T01:14:33.424Z  INFO 212 --- [           main] o.h.e.t.j.p.i.JtaPlatformInitiator       : HHH000489: No JTA platform available (set 'hibernate.transaction.jta.platform' to enable JTA platform integration)
Hibernate: 
    drop table if exists accreditations cascade 
Hibernate: 
    drop table if exists course_rates cascade 
Hibernate: 
    drop table if exists courses cascade 
Hibernate: 
    drop table if exists program_accreditations cascade 
Hibernate: 
    drop table if exists program_rates cascade 
Hibernate: 
    drop table if exists programs cascade 
Hibernate: 
    drop table if exists roles cascade 
Hibernate: 
    drop table if exists school_rates cascade 
Hibernate: 
    drop table if exists schools cascade 
Hibernate: 
    drop table if exists users cascade 
Hibernate: 
    create table accreditations (
        created_by integer,
        id integer generated by default as identity,
        modified_by integer,
        code varchar(5) unique,
        created_at timestamp(6),
        modified_at timestamp(6),
        name varchar(50),
        description varchar(255),
        primary key (id)
    )
Hibernate: 
    create table course_rates (
        course_id integer,
        created_by integer,
        id integer generated by default as identity,
        modified_by integer,
        note float(53),
        user_id integer,
        created_at timestamp(6),
        modified_at timestamp(6),
        comment varchar(150),
        primary key (id)
    )
Hibernate: 
    create table courses (
        created_by integer,
        id integer generated by default as identity,
        modified_by integer,
        program_id integer,
        code varchar(5) unique,
        created_at timestamp(6),
        modified_at timestamp(6),
        name varchar(50),
        photo_url varchar(255),
        primary key (id)
    )
Hibernate: 
    create table program_accreditations (
        accreditation_id integer not null,
        ends integer,
        program_id integer not null,
        starts integer,
        primary key (accreditation_id, program_id)
    )
Hibernate: 
    create table program_rates (
        created_by integer,
        id integer generated by default as identity,
        modified_by integer,
        note float(53),
        program_id integer,
        user_id integer,
        created_at timestamp(6),
        modified_at timestamp(6),
        comment varchar(150),
        primary key (id)
    )
Hibernate: 
    create table programs (
        created_by integer,
        duration integer,
        id integer generated by default as identity,
        modified_by integer,
        school_id integer,
        code varchar(5) unique,
        created_at timestamp(6),
        modified_at timestamp(6),
        name varchar(50),
        photo_url varchar(255),
        primary key (id)
    )
Hibernate: 
    create table roles (
        id integer generated by default as identity,
        description varchar(255),
        name varchar(255) not null,
        primary key (id)
    )
Hibernate: 
    create table school_rates (
        created_by integer,
        id integer generated by default as identity,
        modified_by integer,
        note float(53),
        school_id integer,
        user_id integer,
        created_at timestamp(6),
        modified_at timestamp(6),
        comment varchar(150),
        primary key (id)
    )
Hibernate: 
    create table schools (
        created_by integer,
        id integer generated by default as identity,
        modified_by integer,
        code varchar(5) unique,
        created_at timestamp(6),
        creation timestamp(6),
        modified_at timestamp(6),
        name varchar(50),
        city varchar(255),
        country varchar(255),
        cover_photo_url varchar(255),
        location varchar(255),
        logo_url varchar(255),
        primary key (id)
    )
Hibernate: 
    create table users (
        created_by integer,
        id integer generated by default as identity,
        modified_by integer,
        role_id integer,
        birthday timestamp(6),
        created_at timestamp(6),
        modified_at timestamp(6),
        lastname varchar(50),
        firstname varchar(100),
        qualification varchar(100),
        email varchar(255) unique,
        password varchar(255),
        diplomas varchar(255) array,
        primary key (id)
    )
Hibernate: 
    alter table if exists course_rates 
       add constraint FKksvr0lhog8yc0c290g45g1dgt 
       foreign key (user_id) 
       references users
Hibernate: 
    alter table if exists course_rates 
       add constraint FKoh9pgu36xpti0nacl6kd7gixq 
       foreign key (course_id) 
       references courses
Hibernate: 
    alter table if exists courses 
       add constraint FKh9mmrmahf9iy4yoqdv41vbxjm 
       foreign key (program_id) 
       references programs
Hibernate: 
    alter table if exists program_accreditations 
       add constraint FKta2fyyepp896b9kobbm3r9l68 
       foreign key (accreditation_id) 
       references accreditations
Hibernate: 
    alter table if exists program_accreditations 
       add constraint FKduj7tgc3qolx3gl0e58kng3gk 
       foreign key (program_id) 
       references programs
Hibernate: 
    alter table if exists program_rates 
       add constraint FKpjp2eoo0vb8m2kwdoapbts8dp 
       foreign key (user_id) 
       references users
Hibernate: 
    alter table if exists program_rates 
       add constraint FKdgfanki87hpybt3hdu45sdfwv 
       foreign key (program_id) 
       references programs
Hibernate: 
    alter table if exists programs 
       add constraint FK788wl7mf99opq8oqiu24rs9ai 
       foreign key (school_id) 
       references schools
Hibernate: 
    alter table if exists school_rates 
       add constraint FKp7w8oabr98qd5u59o2qhtqq4q 
       foreign key (user_id) 
       references users
Hibernate: 
    alter table if exists school_rates 
       add constraint FKmo7jk9ahayd7wy6eo4slrk4fq 
       foreign key (school_id) 
       references schools
Hibernate: 
    alter table if exists users 
       add constraint FKp56c1712k691lhsyewcssf40f 
       foreign key (role_id) 
       references roles
2026-03-08T01:14:33.437Z  INFO 212 --- [           main] j.LocalContainerEntityManagerFactoryBean : Initialized JPA EntityManagerFactory for persistence unit 'default'
2026-03-08T01:14:33.490Z  WARN 212 --- [           main] JpaBaseConfiguration$JpaWebConfiguration : spring.jpa.open-in-view is enabled by default. Therefore, database queries may be performed during view rendering. Explicitly configure spring.jpa.open-in-view to disable this warning
2026-03-08T01:14:33.494Z  INFO 212 --- [           main] r$InitializeUserDetailsManagerConfigurer : Global AuthenticationManager configured with UserDetailsService bean with name customUserDetailsService
2026-03-08T01:14:33.638Z  INFO 212 --- [           main] o.s.b.a.e.web.EndpointLinksResolver      : Exposing 1 endpoint beneath base path '/actuator'
2026-03-08T01:14:33.655Z  WARN 212 --- [           main] o.s.s.c.a.web.builders.WebSecurity       : You are asking Spring Security to ignore Deferred [Mvc [pattern='/swagger-ui/**'], Ant [pattern='/swagger-ui/**']]. This is not recommended -- please use permitAll via HttpSecurity#authorizeHttpRequests instead.
2026-03-08T01:14:33.655Z  WARN 212 --- [           main] o.s.s.c.a.web.builders.WebSecurity       : You are asking Spring Security to ignore Deferred [Mvc [pattern='/v3/api-docs/**'], Ant [pattern='/v3/api-docs/**']]. This is not recommended -- please use permitAll via HttpSecurity#authorizeHttpRequests instead.
2026-03-08T01:14:33.655Z  WARN 212 --- [           main] o.s.s.c.a.web.builders.WebSecurity       : You are asking Spring Security to ignore Deferred [Mvc [pattern='/swagger-ui.html'], Ant [pattern='/swagger-ui.html']]. This is not recommended -- please use permitAll via HttpSecurity#authorizeHttpRequests instead.
2026-03-08T01:14:33.655Z  WARN 212 --- [           main] o.s.s.c.a.web.builders.WebSecurity       : You are asking Spring Security to ignore Deferred [Mvc [pattern='/api-docs/**'], Ant [pattern='/api-docs/**']]. This is not recommended -- please use permitAll via HttpSecurity#authorizeHttpRequests instead.
2026-03-08T01:14:33.700Z  WARN 212 --- [           main] ion$DefaultTemplateResolverConfiguration : Cannot find template location: classpath:/templates/ (please add some templates, check your Thymeleaf configuration, or set spring.thymeleaf.check-template-location=false)
2026-03-08T01:14:33.768Z  INFO 212 --- [           main] o.s.b.t.m.w.SpringBootMockServletContext : Initializing Spring TestDispatcherServlet ''
2026-03-08T01:14:33.768Z  INFO 212 --- [           main] o.s.t.web.servlet.TestDispatcherServlet  : Initializing Servlet ''
2026-03-08T01:14:33.769Z  INFO 212 --- [           main] o.s.t.web.servlet.TestDispatcherServlet  : Completed initialization in 1 ms
2026-03-08T01:14:33.780Z  INFO 212 --- [           main] .m.i.c.ProgramControllerIntegrationTests : Started ProgramControllerIntegrationTests in 0.96 seconds (process running for 26.648)
2026-03-08T01:14:33.781Z  WARN 212 --- [           main] o.s.core.events.SpringDocAppInitializer  : SpringDoc /v3/api-docs endpoint is enabled by default. To disable it in production, set the property 'springdoc.api-docs.enabled=false'
2026-03-08T01:14:33.781Z  WARN 212 --- [           main] o.s.core.events.SpringDocAppInitializer  : SpringDoc /swagger-ui.html endpoint is enabled by default. To disable it in production, set the property 'springdoc.swagger-ui.enabled=false'
Hibernate: 
    insert 
    into
        programs
        (code, created_at, created_by, duration, modified_at, modified_by, name, photo_url, school_id, id) 
    values
        (?, ?, ?, ?, ?, ?, ?, ?, ?, default)
Hibernate: 
    insert 
    into
        accreditations
        (code, created_at, created_by, description, modified_at, modified_by, name, id) 
    values
        (?, ?, ?, ?, ?, ?, ?, default)
2026-03-08T01:14:33.819Z  WARN 212 --- [           main] o.s.w.s.h.HandlerMappingIntrospector     : Cache miss for REQUEST dispatch to '/api/v1/programs/1/accreditations/1' (previous null). Performing MatchableHandlerMapping lookup. This is logged once only at WARN level, and every time at TRACE.
Hibernate: 
    select
        p1_0.id,
        p1_0.code,
        p1_0.created_at,
        p1_0.created_by,
        p1_0.duration,
        p1_0.modified_at,
        p1_0.modified_by,
        p1_0.name,
        p1_0.photo_url,
        s1_0.id,
        s1_0.city,
        s1_0.country,
        s1_0.location,
        s1_0.code,
        s1_0.cover_photo_url,
        s1_0.created_at,
        s1_0.created_by,
        s1_0.creation,
        s1_0.logo_url,
        s1_0.modified_at,
        s1_0.modified_by,
        s1_0.name 
    from
        programs p1_0 
    left join
        schools s1_0 
            on s1_0.id=p1_0.school_id 
    where
        p1_0.id=?
Hibernate: 
    select
        a1_0.id,
        a1_0.code,
        a1_0.created_at,
        a1_0.created_by,
        a1_0.description,
        a1_0.modified_at,
        a1_0.modified_by,
        a1_0.name 
    from
        accreditations a1_0 
    where
        a1_0.id=?
Hibernate: 
    select
        pa1_0.accreditation_id,
        pa1_0.program_id,
        a1_0.id,
        a1_0.code,
        a1_0.created_at,
        a1_0.created_by,
        a1_0.description,
        a1_0.modified_at,
        a1_0.modified_by,
        a1_0.name,
        pa1_0.ends,
        p1_0.id,
        p1_0.code,
        p1_0.created_at,
        p1_0.created_by,
        p1_0.duration,
        p1_0.modified_at,
        p1_0.modified_by,
        p1_0.name,
        p1_0.photo_url,
        s1_0.id,
        s1_0.city,
        s1_0.country,
        s1_0.location,
        s1_0.code,
        s1_0.cover_photo_url,
        s1_0.created_at,
        s1_0.created_by,
        s1_0.creation,
        s1_0.logo_url,
        s1_0.modified_at,
        s1_0.modified_by,
        s1_0.name,
        pa1_0.starts 
    from
        program_accreditations pa1_0 
    join
        accreditations a1_0 
            on a1_0.id=pa1_0.accreditation_id 
    join
        programs p1_0 
            on p1_0.id=pa1_0.program_id 
    left join
        schools s1_0 
            on s1_0.id=p1_0.school_id 
    where
        (
            pa1_0.accreditation_id, pa1_0.program_id
        ) in ((?, ?))
Hibernate: 
    insert 
    into
        program_accreditations
        (ends, starts, accreditation_id, program_id) 
    values
        (?, ?, ?, ?)
2026-03-08T01:14:33.860Z  INFO 212 --- [           main] j.LocalContainerEntityManagerFactoryBean : Closing JPA EntityManagerFactory for persistence unit 'default'
Hibernate: 
    drop table if exists accreditations cascade 
Hibernate: 
    drop table if exists course_rates cascade 
Hibernate: 
    drop table if exists courses cascade 
Hibernate: 
    drop table if exists program_accreditations cascade 
Hibernate: 
    drop table if exists program_rates cascade 
Hibernate: 
    drop table if exists programs cascade 
Hibernate: 
    drop table if exists roles cascade 
Hibernate: 
    drop table if exists school_rates cascade 
Hibernate: 
    drop table if exists schools cascade 
Hibernate: 
    drop table if exists users cascade 
2026-03-08T01:14:33.863Z  INFO 212 --- [           main] com.zaxxer.hikari.HikariDataSource       : HikariPool-15 - Shutdown initiated...
2026-03-08T01:14:33.868Z  INFO 212 --- [           main] com.zaxxer.hikari.HikariDataSource       : HikariPool-15 - Shutdown completed.
]]></system-out>
  </testcase>
  <testcase name="testThatGetProgramAccreditationsReturnsList" classname="com.bowe.meetstudent.integration.controllers.ProgramControllerIntegrationTests" time="0.06">
    <system-out><![CDATA[2026-03-08T01:14:33.870Z  INFO 212 --- [           main] o.s.b.d.r.RestartApplicationListener     : Restart disabled due to context in which it is running

  .   ____          _            __ _ _
 /\\ / ___'_ __ _ _(_)_ __  __ _ \ \ \ \
( ( )\___ | '_ | '_| | '_ \/ _` | \ \ \ \
 \\/  ___)| |_)| | | | | || (_| |  ) ) ) )
  '  |____| .__|_| |_|_| |_\__, | / / / /
 =========|_|==============|___/=/_/_/_/

 :: Spring Boot ::                (v3.4.7)

2026-03-08T01:14:33.898Z  INFO 212 --- [           main] .m.i.c.ProgramControllerIntegrationTests : Starting ProgramControllerIntegrationTests using Java 21.0.10 with PID 212 (started by root in /app)
2026-03-08T01:14:33.898Z  INFO 212 --- [           main] .m.i.c.ProgramControllerIntegrationTests : The following 1 profile is active: "test"
2026-03-08T01:14:34.183Z  INFO 212 --- [           main] .s.d.r.c.RepositoryConfigurationDelegate : Bootstrapping Spring Data JPA repositories in DEFAULT mode.
2026-03-08T01:14:34.241Z  INFO 212 --- [           main] .s.d.r.c.RepositoryConfigurationDelegate : Finished Spring Data repository scanning in 56 ms. Found 10 JPA repository interfaces.
2026-03-08T01:14:34.303Z  INFO 212 --- [           main] o.hibernate.jpa.internal.util.LogHelper  : HHH000204: Processing PersistenceUnitInfo [name: default]
2026-03-08T01:14:34.310Z  INFO 212 --- [           main] o.h.c.internal.RegionFactoryInitiator    : HHH000026: Second-level cache disabled
2026-03-08T01:14:34.327Z  INFO 212 --- [           main] o.s.o.j.p.SpringPersistenceUnitInfo      : No LoadTimeWeaver setup: ignoring JPA class transformer
2026-03-08T01:14:34.329Z  INFO 212 --- [           main] com.zaxxer.hikari.HikariDataSource       : HikariPool-16 - Starting...
2026-03-08T01:14:34.331Z  INFO 212 --- [           main] com.zaxxer.hikari.pool.HikariPool        : HikariPool-16 - Added connection conn150: url=jdbc:h2:mem:testdb user=SA
2026-03-08T01:14:34.331Z  INFO 212 --- [           main] com.zaxxer.hikari.HikariDataSource       : HikariPool-16 - Start completed.
2026-03-08T01:14:34.331Z  WARN 212 --- [           main] org.hibernate.orm.deprecation            : HHH90000025: H2Dialect does not need to be specified explicitly using 'hibernate.dialect' (remove the property setting and it will be selected by default)
2026-03-08T01:14:34.332Z  INFO 212 --- [           main] org.hibernate.orm.connections.pooling    : HHH10001005: Database info:
	Database JDBC URL [Connecting through datasource 'HikariDataSource (HikariPool-16)']
	Database driver: undefined/unknown
	Database version: 2.3.232
	Autocommit mode: undefined/unknown
	Isolation level: undefined/unknown
	Minimum pool size: undefined/unknown
	Maximum pool size: undefined/unknown
2026-03-08T01:14:34.444Z  INFO 212 --- [           main] o.h.e.t.j.p.i.JtaPlatformInitiator       : HHH000489: No JTA platform available (set 'hibernate.transaction.jta.platform' to enable JTA platform integration)
Hibernate: 
    drop table if exists accreditations cascade 
Hibernate: 
    drop table if exists course_rates cascade 
Hibernate: 
    drop table if exists courses cascade 
Hibernate: 
    drop table if exists program_accreditations cascade 
Hibernate: 
    drop table if exists program_rates cascade 
Hibernate: 
    drop table if exists programs cascade 
Hibernate: 
    drop table if exists roles cascade 
Hibernate: 
    drop table if exists school_rates cascade 
Hibernate: 
    drop table if exists schools cascade 
Hibernate: 
    drop table if exists users cascade 
Hibernate: 
[...]
2026-03-08T01:14:35.808Z  WARN 212 --- [           main] o.s.core.events.SpringDocAppInitializer  : SpringDoc /v3/api-docs endpoint is enabled by default. To disable it in production, set the property 'springdoc.api-docs.enabled=false'
2026-03-08T01:14:35.808Z  WARN 212 --- [           main] o.s.core.events.SpringDocAppInitializer  : SpringDoc /swagger-ui.html endpoint is enabled by default. To disable it in production, set the property 'springdoc.swagger-ui.enabled=false'
Hibernate: 
    insert 
    into
        programs
        (code, created_at, created_by, duration, modified_at, modified_by, name, photo_url, school_id, id) 
    values
        (?, ?, ?, ?, ?, ?, ?, ?, ?, default)
Hibernate: 
    insert 
    into
        accreditations
        (code, created_at, created_by, description, modified_at, modified_by, name, id) 
    values
        (?, ?, ?, ?, ?, ?, ?, default)
Hibernate: 
    select
        p1_0.id,
        p1_0.code,
        p1_0.created_at,
        p1_0.created_by,
        p1_0.duration,
        p1_0.modified_at,
        p1_0.modified_by,
        p1_0.name,
        p1_0.photo_url,
        s1_0.id,
        s1_0.city,
        s1_0.country,
        s1_0.location,
        s1_0.code,
        s1_0.cover_photo_url,
        s1_0.created_at,
        s1_0.created_by,
        s1_0.creation,
        s1_0.logo_url,
        s1_0.modified_at,
        s1_0.modified_by,
        s1_0.name 
    from
        programs p1_0 
    left join
        schools s1_0 
            on s1_0.id=p1_0.school_id 
    where
        p1_0.id=?
Hibernate: 
    select
        a1_0.id,
        a1_0.code,
        a1_0.created_at,
        a1_0.created_by,
        a1_0.description,
        a1_0.modified_at,
        a1_0.modified_by,
        a1_0.name 
    from
        accreditations a1_0 
    where
        a1_0.id=?
Hibernate: 
    select
        pa1_0.accreditation_id,
        pa1_0.program_id,
        a1_0.id,
        a1_0.code,
        a1_0.created_at,
        a1_0.created_by,
        a1_0.description,
        a1_0.modified_at,
        a1_0.modified_by,
        a1_0.name,
        pa1_0.ends,
        p1_0.id,
        p1_0.code,
        p1_0.created_at,
        p1_0.created_by,
        p1_0.duration,
        p1_0.modified_at,
        p1_0.modified_by,
        p1_0.name,
        p1_0.photo_url,
        s1_0.id,
        s1_0.city,
        s1_0.country,
        s1_0.location,
        s1_0.code,
        s1_0.cover_photo_url,
        s1_0.created_at,
        s1_0.created_by,
        s1_0.creation,
        s1_0.logo_url,
        s1_0.modified_at,
        s1_0.modified_by,
        s1_0.name,
        pa1_0.starts 
    from
        program_accreditations pa1_0 
    join
        accreditations a1_0 
            on a1_0.id=pa1_0.accreditation_id 
    join
        programs p1_0 
            on p1_0.id=pa1_0.program_id 
    left join
        schools s1_0 
            on s1_0.id=p1_0.school_id 
    where
        (
            pa1_0.accreditation_id, pa1_0.program_id
        ) in ((?, ?))
Hibernate: 
    insert 
    into
        program_accreditations
        (ends, starts, accreditation_id, program_id) 
    values
        (?, ?, ?, ?)
2026-03-08T01:14:35.832Z  WARN 212 --- [           main] o.s.w.s.h.HandlerMappingIntrospector     : Cache miss for REQUEST dispatch to '/api/v1/programs/1/accreditations/1' (previous null). Performing MatchableHandlerMapping lookup. This is logged once only at WARN level, and every time at TRACE.
Hibernate: 
    select
        pa1_0.accreditation_id,
        pa1_0.program_id,
        a1_0.id,
        a1_0.code,
        a1_0.created_at,
        a1_0.created_by,
        a1_0.description,
        a1_0.modified_at,
        a1_0.modified_by,
        a1_0.name,
        pa1_0.ends,
        p1_0.id,
        p1_0.code,
        p1_0.created_at,
        p1_0.created_by,
        p1_0.duration,
        p1_0.modified_at,
        p1_0.modified_by,
        p1_0.name,
        p1_0.photo_url,
        s1_0.id,
        s1_0.city,
        s1_0.country,
        s1_0.location,
        s1_0.code,
        s1_0.cover_photo_url,
        s1_0.created_at,
        s1_0.created_by,
        s1_0.creation,
        s1_0.logo_url,
        s1_0.modified_at,
        s1_0.modified_by,
        s1_0.name,
        pa1_0.starts 
    from
        program_accreditations pa1_0 
    join
        accreditations a1_0 
            on a1_0.id=pa1_0.accreditation_id 
    join
        programs p1_0 
            on p1_0.id=pa1_0.program_id 
    left join
        schools s1_0 
            on s1_0.id=p1_0.school_id 
    where
        (
            pa1_0.accreditation_id, pa1_0.program_id
        ) in ((?, ?))
Hibernate: 
    delete 
    from
        program_accreditations 
    where
        accreditation_id=? 
        and program_id=?
Hibernate: 
    delete 
    from
        accreditations 
    where
        id=?
2026-03-08T01:14:35.875Z  INFO 212 --- [           main] j.LocalContainerEntityManagerFactoryBean : Closing JPA EntityManagerFactory for persistence unit 'default'
Hibernate: 
    drop table if exists accreditations cascade 
Hibernate: 
    drop table if exists course_rates cascade 
Hibernate: 
    drop table if exists courses cascade 
Hibernate: 
    drop table if exists program_accreditations cascade 
Hibernate: 
    drop table if exists program_rates cascade 
Hibernate: 
    drop table if exists programs cascade 
Hibernate: 
    drop table if exists roles cascade 
Hibernate: 
    drop table if exists school_rates cascade 
Hibernate: 
    drop table if exists schools cascade 
Hibernate: 
    drop table if exists users cascade 
2026-03-08T01:14:35.877Z  INFO 212 --- [           main] com.zaxxer.hikari.HikariDataSource       : HikariPool-17 - Shutdown initiated...
2026-03-08T01:14:35.879Z  INFO 212 --- [           main] com.zaxxer.hikari.HikariDataSource       : HikariPool-17 - Shutdown completed.
]]></system-out>
  </testcase>
  <testcase name="testThatCreateProgramReturnsHttpStatus201Created" classname="com.bowe.meetstudent.integration.controllers.ProgramControllerIntegrationTests" time="0.025">
    <system-out><![CDATA[2026-03-08T01:14:35.884Z  INFO 212 --- [           main] o.s.b.d.r.RestartApplicationListener     : Restart disabled due to context in which it is running

  .   ____          _            __ _ _
 /\\ / ___'_ __ _ _(_)_ __  __ _ \ \ \ \
( ( )\___ | '_ | '_| | '_ \/ _` | \ \ \ \
 \\/  ___)| |_)| | | | | || (_| |  ) ) ) )
  '  |____| .__|_| |_|_| |_\__, | / / / /
 =========|_|==============|___/=/_/_/_/

 :: Spring Boot ::                (v3.4.7)

2026-03-08T01:14:35.912Z  INFO 212 --- [           main] .m.i.c.ProgramControllerIntegrationTests : Starting ProgramControllerIntegrationTests using Java 21.0.10 with PID 212 (started by root in /app)
2026-03-08T01:14:35.913Z  INFO 212 --- [           main] .m.i.c.ProgramControllerIntegrationTests : The following 1 profile is active: "test"
2026-03-08T01:14:36.307Z  INFO 212 --- [           main] .s.d.r.c.RepositoryConfigurationDelegate : Bootstrapping Spring Data JPA repositories in DEFAULT mode.
2026-03-08T01:14:36.372Z  INFO 212 --- [           main] .s.d.r.c.RepositoryConfigurationDelegate : Finished Spring Data repository scanning in 62 ms. Found 10 JPA repository interfaces.
2026-03-08T01:14:36.427Z  INFO 212 --- [           main] o.hibernate.jpa.internal.util.LogHelper  : HHH000204: Processing PersistenceUnitInfo [name: default]
2026-03-08T01:14:36.432Z  INFO 212 --- [           main] o.h.c.internal.RegionFactoryInitiator    : HHH000026: Second-level cache disabled
2026-03-08T01:14:36.438Z  INFO 212 --- [           main] o.s.o.j.p.SpringPersistenceUnitInfo      : No LoadTimeWeaver setup: ignoring JPA class transformer
2026-03-08T01:14:36.440Z  INFO 212 --- [           main] com.zaxxer.hikari.HikariDataSource       : HikariPool-18 - Starting...
2026-03-08T01:14:36.441Z  INFO 212 --- [           main] com.zaxxer.hikari.pool.HikariPool        : HikariPool-18 - Added connection conn170: url=jdbc:h2:mem:testdb user=SA
2026-03-08T01:14:36.441Z  INFO 212 --- [           main] com.zaxxer.hikari.HikariDataSource       : HikariPool-18 - Start completed.
2026-03-08T01:14:36.442Z  WARN 212 --- [           main] org.hibernate.orm.deprecation            : HHH90000025: H2Dialect does not need to be specified explicitly using 'hibernate.dialect' (remove the property setting and it will be selected by default)
2026-03-08T01:14:36.442Z  INFO 212 --- [           main] org.hibernate.orm.connections.pooling    : HHH10001005: Database info:
	Database JDBC URL [Connecting through datasource 'HikariDataSource (HikariPool-18)']
	Database driver: undefined/unknown
	Database version: 2.3.232
	Autocommit mode: undefined/unknown
	Isolation level: undefined/unknown
	Minimum pool size: undefined/unknown
	Maximum pool size: undefined/unknown
2026-03-08T01:14:36.520Z  INFO 212 --- [           main] o.h.e.t.j.p.i.JtaPlatformInitiator       : HHH000489: No JTA platform available (set 'hibernate.transaction.jta.platform' to enable JTA platform integration)
Hibernate: 
    drop table if exists accreditations cascade 
Hibernate: 
    drop table if exists course_rates cascade 
Hibernate: 
    drop table if exists courses cascade 
Hibernate: 
    drop table if exists program_accreditations cascade 
Hibernate: 
    drop table if exists program_rates cascade 
Hibernate: 
    drop table if exists programs cascade 
Hibernate: 
    drop table if exists roles cascade 
Hibernate: 
    drop table if exists school_rates cascade 
Hibernate: 
    drop table if exists schools cascade 
Hibernate: 
    drop table if exists users cascade 
Hibernate: 
    create table accreditations (
        created_by integer,
        id integer generated by default as identity,
        modified_by integer,
        code varchar(5) unique,
        created_at timestamp(6),
        modified_at timestamp(6),
        name varchar(50),
        description varchar(255),
        primary key (id)
    )
Hibernate: 
    create table course_rates (
        course_id integer,
        created_by integer,
        id integer generated by default as identity,
        modified_by integer,
        note float(53),
        user_id integer,
        created_at timestamp(6),
        modified_at timestamp(6),
        comment varchar(150),
        primary key (id)
    )
Hibernate: 
    create table courses (
        created_by integer,
        id integer generated by default as identity,
        modified_by integer,
        program_id integer,
        code varchar(5) unique,
        created_at timestamp(6),
        modified_at timestamp(6),
        name varchar(50),
        photo_url varchar(255),
        primary key (id)
    )
Hibernate: 
    create table program_accreditations (
        accreditation_id integer not null,
        ends integer,
        program_id integer not null,
        starts integer,
        primary key (accreditation_id, program_id)
    )
Hibernate: 
    create table program_rates (
        created_by integer,
        id integer generated by default as identity,
        modified_by integer,
        note float(53),
        program_id integer,
        user_id integer,
        created_at timestamp(6),
        modified_at timestamp(6),
        comment varchar(150),
        primary key (id)
    )
Hibernate: 
    create table programs (
        created_by integer,
        duration integer,
        id integer generated by default as identity,
        modified_by integer,
        school_id integer,
        code varchar(5) unique,
        created_at timestamp(6),
        modified_at timestamp(6),
        name varchar(50),
        photo_url varchar(255),
        primary key (id)
    )
Hibernate: 
    create table roles (
        id integer generated by default as identity,
        description varchar(255),
        name varchar(255) not null,
        primary key (id)
    )
Hibernate: 
    create table school_rates (
        created_by integer,
        id integer generated by default as identity,
        modified_by integer,
        note float(53),
        school_id integer,
        user_id integer,
        created_at timestamp(6),
        modified_at timestamp(6),
        comment varchar(150),
        primary key (id)
    )
Hibernate: 
    create table schools (
        created_by integer,
        id integer generated by default as identity,
        modified_by integer,
        code varchar(5) unique,
        created_at timestamp(6),
        creation timestamp(6),
        modified_at timestamp(6),
        name varchar(50),
        city varchar(255),
        country varchar(255),
        cover_photo_url varchar(255),
        location varchar(255),
        logo_url varchar(255),
        primary key (id)
    )
Hibernate: 
    create table users (
        created_by integer,
        id integer generated by default as identity,
        modified_by integer,
        role_id integer,
        birthday timestamp(6),
        created_at timestamp(6),
        modified_at timestamp(6),
        lastname varchar(50),
        firstname varchar(100),
        qualification varchar(100),
        email varchar(255) unique,
        password varchar(255),
        diplomas varchar(255) array,
        primary key (id)
    )
Hibernate: 
    alter table if exists course_rates 
       add constraint FKksvr0lhog8yc0c290g45g1dgt 
       foreign key (user_id) 
       references users
Hibernate: 
    alter table if exists course_rates 
       add constraint FKoh9pgu36xpti0nacl6kd7gixq 
       foreign key (course_id) 
       references courses
Hibernate: 
    alter table if exists courses 
       add constraint FKh9mmrmahf9iy4yoqdv41vbxjm 
       foreign key (program_id) 
       references programs
Hibernate: 
    alter table if exists program_accreditations 
       add constraint FKta2fyyepp896b9kobbm3r9l68 
       foreign key (accreditation_id) 
       references accreditations
Hibernate: 
    alter table if exists program_accreditations 
       add constraint FKduj7tgc3qolx3gl0e58kng3gk 
       foreign key (program_id) 
       references programs
Hibernate: 
    alter table if exists program_rates 
       add constraint FKpjp2eoo0vb8m2kwdoapbts8dp 
       foreign key (user_id) 
       references users
Hibernate: 
    alter table if exists program_rates 
       add constraint FKdgfanki87hpybt3hdu45sdfwv 
       foreign key (program_id) 
       references programs
Hibernate: 
    alter table if exists programs 
       add constraint FK788wl7mf99opq8oqiu24rs9ai 
       foreign key (school_id) 
       references schools
Hibernate: 
    alter table if exists school_rates 
       add constraint FKp7w8oabr98qd5u59o2qhtqq4q 
       foreign key (user_id) 
       references users
Hibernate: 
    alter table if exists school_rates 
       add constraint FKmo7jk9ahayd7wy6eo4slrk4fq 
       foreign key (school_id) 
       references schools
Hibernate: 
    alter table if exists users 
       add constraint FKp56c1712k691lhsyewcssf40f 
       foreign key (role_id) 
       references roles
2026-03-08T01:14:36.531Z  INFO 212 --- [           main] j.LocalContainerEntityManagerFactoryBean : Initialized JPA EntityManagerFactory for persistence unit 'default'
2026-03-08T01:14:36.594Z  WARN 212 --- [           main] JpaBaseConfiguration$JpaWebConfiguration : spring.jpa.open-in-view is enabled by default. Therefore, database queries may be performed during view rendering. Explicitly configure spring.jpa.open-in-view to disable this warning
2026-03-08T01:14:36.601Z  INFO 212 --- [           main] r$InitializeUserDetailsManagerConfigurer : Global AuthenticationManager configured with UserDetailsService bean with name customUserDetailsService
2026-03-08T01:14:36.737Z  INFO 212 --- [           main] o.s.b.a.e.web.EndpointLinksResolver      : Exposing 1 endpoint beneath base path '/actuator'
2026-03-08T01:14:36.749Z  WARN 212 --- [           main] o.s.s.c.a.web.builders.WebSecurity       : You are asking Spring Security to ignore Deferred [Mvc [pattern='/swagger-ui/**'], Ant [pattern='/swagger-ui/**']]. This is not recommended -- please use permitAll via HttpSecurity#authorizeHttpRequests instead.
2026-03-08T01:14:36.749Z  WARN 212 --- [           main] o.s.s.c.a.web.builders.WebSecurity       : You are asking Spring Security to ignore Deferred [Mvc [pattern='/v3/api-docs/**'], Ant [pattern='/v3/api-docs/**']]. This is not recommended -- please use permitAll via HttpSecurity#authorizeHttpRequests instead.
2026-03-08T01:14:36.749Z  WARN 212 --- [           main] o.s.s.c.a.web.builders.WebSecurity       : You are asking Spring Security to ignore Deferred [Mvc [pattern='/swagger-ui.html'], Ant [pattern='/swagger-ui.html']]. This is not recommended -- please use permitAll via HttpSecurity#authorizeHttpRequests instead.
2026-03-08T01:14:36.749Z  WARN 212 --- [           main] o.s.s.c.a.web.builders.WebSecurity       : You are asking Spring Security to ignore Deferred [Mvc [pattern='/api-docs/**'], Ant [pattern='/api-docs/**']]. This is not recommended -- please use permitAll via HttpSecurity#authorizeHttpRequests instead.
2026-03-08T01:14:36.773Z  WARN 212 --- [           main] ion$DefaultTemplateResolverConfiguration : Cannot find template location: classpath:/templates/ (please add some templates, check your Thymeleaf configuration, or set spring.thymeleaf.check-template-location=false)
2026-03-08T01:14:36.818Z  INFO 212 --- [           main] o.s.b.t.m.w.SpringBootMockServletContext : Initializing Spring TestDispatcherServlet ''
2026-03-08T01:14:36.818Z  INFO 212 --- [           main] o.s.t.web.servlet.TestDispatcherServlet  : Initializing Servlet ''
2026-03-08T01:14:36.819Z  INFO 212 --- [           main] o.s.t.web.servlet.TestDispatcherServlet  : Completed initialization in 1 ms
2026-03-08T01:14:36.827Z  INFO 212 --- [           main] .m.i.c.ProgramControllerIntegrationTests : Started ProgramControllerIntegrationTests in 0.943 seconds (process running for 29.695)
2026-03-08T01:14:36.828Z  WARN 212 --- [           main] o.s.core.events.SpringDocAppInitializer  : SpringDoc /v3/api-docs endpoint is enabled by default. To disable it in production, set the property 'springdoc.api-docs.enabled=false'
2026-03-08T01:14:36.828Z  WARN 212 --- [           main] o.s.core.events.SpringDocAppInitializer  : SpringDoc /swagger-ui.html endpoint is enabled by default. To disable it in production, set the property 'springdoc.swagger-ui.enabled=false'
2026-03-08T01:14:36.832Z  WARN 212 --- [           main] o.s.w.s.h.HandlerMappingIntrospector     : Cache miss for REQUEST dispatch to '/api/v1/programs' (previous null). Performing MatchableHandlerMapping lookup. This is logged once only at WARN level, and every time at TRACE.
Hibernate: 
    insert 
    into
        programs
        (code, created_at, created_by, duration, modified_at, modified_by, name, photo_url, school_id, id) 
    values
        (?, ?, ?, ?, ?, ?, ?, ?, ?, default)
2026-03-08T01:14:36.851Z  INFO 212 --- [           main] j.LocalContainerEntityManagerFactoryBean : Closing JPA EntityManagerFactory for persistence unit 'default'
Hibernate: 
    drop table if exists accreditations cascade 
Hibernate: 
    drop table if exists course_rates cascade 
Hibernate: 
    drop table if exists courses cascade 
Hibernate: 
    drop table if exists program_accreditations cascade 
Hibernate: 
    drop table if exists program_rates cascade 
Hibernate: 
    drop table if exists programs cascade 
Hibernate: 
    drop table if exists roles cascade 
Hibernate: 
    drop table if exists school_rates cascade 
Hibernate: 
    drop table if exists schools cascade 
Hibernate: 
    drop table if exists users cascade 
2026-03-08T01:14:36.851Z  INFO 212 --- [           main] com.zaxxer.hikari.HikariDataSource       : HikariPool-18 - Shutdown initiated...
2026-03-08T01:14:36.853Z  INFO 212 --- [           main] com.zaxxer.hikari.HikariDataSource       : HikariPool-18 - Shutdown completed.
]]></system-out>
  </testcase>
</testsuite>