<?xml version="1.0" encoding="UTF-8"?>
<testsuite xmlns:xsi="http://www.w3.org/2001/XMLSchema-instance" xsi:noNamespaceSchemaLocation="https://maven.apache.org/surefire/maven-failsafe-plugin/xsd/failsafe-test-report.xsd" version="3.0.2" name="com.bowe.meetstudent.integration.controllers.CourseControllerIT" time="4.92" tests="5" errors="0" skipped="0" failures="0">
  <properties>
[...]
</properties>
  <testcase name="testThatGetAllCoursesReturnsAListOfCourses" classname="com.bowe.meetstudent.integration.controllers.CourseControllerIT" time="0.043">
    <system-out><![CDATA[2026-03-08T01:10:06.847Z  INFO 212 --- [           main] t.c.s.AnnotationConfigContextLoaderUtils : Could not detect default configuration classes for test class [com.bowe.meetstudent.integration.controllers.CourseControllerIT]: CourseControllerIT does not declare any static, non-private, non-final, nested classes annotated with @Configuration.
2026-03-08T01:10:06.850Z  INFO 212 --- [           main] .b.t.c.SpringBootTestContextBootstrapper : Found @SpringBootConfiguration com.bowe.meetstudent.MeetstudentApplication for test class com.bowe.meetstudent.integration.controllers.CourseControllerIT
2026-03-08T01:10:06.857Z  INFO 212 --- [           main] o.s.b.d.r.RestartApplicationListener     : Restart disabled due to context in which it is running

  .   ____          _            __ _ _
 /\\ / ___'_ __ _ _(_)_ __  __ _ \ \ \ \
( ( )\___ | '_ | '_| | '_ \/ _` | \ \ \ \
 \\/  ___)| |_)| | | | | || (_| |  ) ) ) )
  '  |____| .__|_| |_|_| |_\__, | / / / /
 =========|_|==============|___/=/_/_/_/

 :: Spring Boot ::                (v3.4.7)

2026-03-08T01:10:06.919Z  INFO 212 --- [           main] c.b.m.i.controllers.CourseControllerIT   : Starting CourseControllerIT using Java 21.0.10 with PID 212 (started by root in /app)
2026-03-08T01:10:06.919Z  INFO 212 --- [           main] c.b.m.i.controllers.CourseControllerIT   : The following 1 profile is active: "test"
2026-03-08T01:10:07.365Z  INFO 212 --- [           main] .s.d.r.c.RepositoryConfigurationDelegate : Bootstrapping Spring Data JPA repositories in DEFAULT mode.
2026-03-08T01:10:07.422Z  INFO 212 --- [           main] .s.d.r.c.RepositoryConfigurationDelegate : Finished Spring Data repository scanning in 56 ms. Found 10 JPA repository interfaces.
2026-03-08T01:10:07.472Z  INFO 212 --- [           main] o.hibernate.jpa.internal.util.LogHelper  : HHH000204: Processing PersistenceUnitInfo [name: default]
2026-03-08T01:10:07.474Z  INFO 212 --- [           main] o.h.c.internal.RegionFactoryInitiator    : HHH000026: Second-level cache disabled
2026-03-08T01:10:07.481Z  INFO 212 --- [           main] o.s.o.j.p.SpringPersistenceUnitInfo      : No LoadTimeWeaver setup: ignoring JPA class transformer
2026-03-08T01:10:07.482Z  INFO 212 --- [           main] com.zaxxer.hikari.HikariDataSource       : HikariPool-7 - Starting...
2026-03-08T01:10:07.483Z  INFO 212 --- [           main] com.zaxxer.hikari.pool.HikariPool        : HikariPool-7 - Added connection conn60: url=jdbc:h2:mem:testdb user=SA
2026-03-08T01:10:07.483Z  INFO 212 --- [           main] com.zaxxer.hikari.HikariDataSource       : HikariPool-7 - Start completed.
2026-03-08T01:10:07.484Z  WARN 212 --- [           main] org.hibernate.orm.deprecation            : HHH90000025: H2Dialect does not need to be specified explicitly using 'hibernate.dialect' (remove the property setting and it will be selected by default)
2026-03-08T01:10:07.484Z  INFO 212 --- [           main] org.hibernate.orm.connections.pooling    : HHH10001005: Database info:
	Database JDBC URL [Connecting through datasource 'HikariDataSource (HikariPool-7)']
	Database driver: undefined/unknown
	Database version: 2.3.232
	Autocommit mode: undefined/unknown
	Isolation level: undefined/unknown
	Minimum pool size: undefined/unknown
	Maximum pool size: undefined/unknown
2026-03-08T01:10:07.558Z  INFO 212 --- [           main] o.h.e.t.j.p.i.JtaPlatformInitiator       : HHH000489: No JTA platform available (set 'hibernate.transaction.jta.platform' to enable JTA platform integration)
Hibernate: 
    drop table if exists accreditations cascade 
Hibernate: 
    drop table if exists course_rates cascade 
Hibernate: 
    drop table if exists courses cascade 
Hibernate: 
    drop table if exists program_accreditations cascade 
Hibernate: 
    drop table if exists program_rates cascade 
Hibernate: 
    drop table if exists programs cascade 
Hibernate: 
    drop table if exists roles cascade 
Hibernate: 
    drop table if exists school_rates cascade 
Hibernate: 
    drop table if exists schools cascade 
Hibernate: 
    drop table if exists users cascade 
Hibernate: 
    create table accreditations (
        created_by integer,
        id integer generated by default as identity,
        modified_by integer,
        code varchar(5) unique,
        created_at timestamp(6),
        modified_at timestamp(6),
        name varchar(50),
        description varchar(255),
        primary key (id)
    )
Hibernate: 
    create table course_rates (
        course_id integer,
        created_by integer,
        id integer generated by default as identity,
        modified_by integer,
        note float(53),
        user_id integer,
        created_at timestamp(6),
        modified_at timestamp(6),
        comment varchar(150),
        primary key (id)
    )
Hibernate: 
    create table courses (
        created_by integer,
        id integer generated by default as identity,
        modified_by integer,
        program_id integer,
        code varchar(5) unique,
        created_at timestamp(6),
        modified_at timestamp(6),
        name varchar(50),
        photo_url varchar(255),
        primary key (id)
    )
Hibernate: 
    create table program_accreditations (
        accreditation_id integer not null,
        ends integer,
        program_id integer not null,
        starts integer,
        primary key (accreditation_id, program_id)
    )
Hibernate: 
    create table program_rates (
        created_by integer,
        id integer generated by default as identity,
        modified_by integer,
        note float(53),
        program_id integer,
        user_id integer,
        created_at timestamp(6),
        modified_at timestamp(6),
        comment varchar(150),
        primary key (id)
    )
Hibernate: 
    create table programs (
        created_by integer,
        duration integer,
        id integer generated by default as identity,
        modified_by integer,
        school_id integer,
        code varchar(5) unique,
        created_at timestamp(6),
        modified_at timestamp(6),
        name varchar(50),
        photo_url varchar(255),
        primary key (id)
    )
Hibernate: 
    create table roles (
        id integer generated by default as identity,
        description varchar(255),
        name varchar(255) not null,
        primary key (id)
    )
Hibernate: 
    create table school_rates (
        created_by integer,
        id integer generated by default as identity,
        modified_by integer,
        note float(53),
        school_id integer,
        user_id integer,
        created_at timestamp(6),
        modified_at timestamp(6),
        comment varchar(150),
        primary key (id)
    )
Hibernate: 
    create table schools (
        created_by integer,
        id integer generated by default as identity,
        modified_by integer,
        code varchar(5) unique,
        created_at timestamp(6),
        creation timestamp(6),
        modified_at timestamp(6),
        name varchar(50),
        city varchar(255),
        country varchar(255),
        cover_photo_url varchar(255),
        location varchar(255),
        logo_url varchar(255),
        primary key (id)
    )
Hibernate: 
    create table users (
        created_by integer,
        id integer generated by default as identity,
        modified_by integer,
        role_id integer,
        birthday timestamp(6),
        created_at timestamp(6),
        modified_at timestamp(6),
        lastname varchar(50),
        firstname varchar(100),
        qualification varchar(100),
        email varchar(255) unique,
        password varchar(255),
        diplomas varchar(255) array,
        primary key (id)
    )
Hibernate: 
    alter table if exists course_rates 
       add constraint FKksvr0lhog8yc0c290g45g1dgt 
       foreign key (user_id) 
       references users
Hibernate: 
    alter table if exists course_rates 
       add constraint FKoh9pgu36xpti0nacl6kd7gixq 
       foreign key (course_id) 
       references courses
Hibernate: 
    alter table if exists courses 
       add constraint FKh9mmrmahf9iy4yoqdv41vbxjm 
       foreign key (program_id) 
       references programs
Hibernate: 
    alter table if exists program_accreditations 
       add constraint FKta2fyyepp896b9kobbm3r9l68 
       foreign key (accreditation_id) 
       references accreditations
Hibernate: 
    alter table if exists program_accreditations 
       add constraint FKduj7tgc3qolx3gl0e58kng3gk 
       foreign key (program_id) 
       references programs
Hibernate: 
    alter table if exists program_rates 
       add constraint FKpjp2eoo0vb8m2kwdoapbts8dp 
       foreign key (user_id) 
       references users
Hibernate: 
    alter table if exists program_rates 
       add constraint FKdgfanki87hpybt3hdu45sdfwv 
       foreign key (program_id) 
       references programs
Hibernate: 
    alter table if exists programs 
       add constraint FK788wl7mf99opq8oqiu24rs9ai 
       foreign key (school_id) 
       references schools
Hibernate: 
    alter table if exists school_rates 
       add constraint FKp7w8oabr98qd5u59o2qhtqq4q 
       foreign key (user_id) 
       references users
Hibernate: 
    alter table if exists school_rates 
       add constraint FKmo7jk9ahayd7wy6eo4slrk4fq 
       foreign key (school_id) 
       references schools
Hibernate: 
    alter table if exists users 
       add constraint FKp56c1712k691lhsyewcssf40f 
       foreign key (role_id) 
       references roles
2026-03-08T01:10:07.570Z  INFO 212 --- [           main] j.LocalContainerEntityManagerFactoryBean : Initialized JPA EntityManagerFactory for persistence unit 'default'
2026-03-08T01:10:07.615Z  WARN 212 --- [           main] JpaBaseConfiguration$JpaWebConfiguration : spring.jpa.open-in-view is enabled by default. Therefore, database queries may be performed during view rendering. Explicitly configure spring.jpa.open-in-view to disable this warning
2026-03-08T01:10:07.620Z  INFO 212 --- [           main] r$InitializeUserDetailsManagerConfigurer : Global AuthenticationManager configured with UserDetailsService bean with name customUserDetailsService
2026-03-08T01:10:07.761Z  INFO 212 --- [           main] o.s.b.a.e.web.EndpointLinksResolver      : Exposing 1 endpoint beneath base path '/actuator'
2026-03-08T01:10:07.776Z  WARN 212 --- [           main] o.s.s.c.a.web.builders.WebSecurity       : You are asking Spring Security to ignore Deferred [Mvc [pattern='/swagger-ui/**'], Ant [pattern='/swagger-ui/**']]. This is not recommended -- please use permitAll via HttpSecurity#authorizeHttpRequests instead.
2026-03-08T01:10:07.776Z  WARN 212 --- [           main] o.s.s.c.a.web.builders.WebSecurity       : You are asking Spring Security to ignore Deferred [Mvc [pattern='/v3/api-docs/**'], Ant [pattern='/v3/api-docs/**']]. This is not recommended -- please use permitAll via HttpSecurity#authorizeHttpRequests instead.
2026-03-08T01:10:07.776Z  WARN 212 --- [           main] o.s.s.c.a.web.builders.WebSecurity       : You are asking Spring Security to ignore Deferred [Mvc [pattern='/swagger-ui.html'], Ant [pattern='/swagger-ui.html']]. This is not recommended -- please use permitAll via HttpSecurity#authorizeHttpRequests instead.
2026-03-08T01:10:07.776Z  WARN 212 --- [           main] o.s.s.c.a.web.builders.WebSecurity       : You are asking Spring Security to ignore Deferred [Mvc [pattern='/api-docs/**'], Ant [pattern='/api-docs/**']]. This is not recommended -- please use permitAll via HttpSecurity#authorizeHttpRequests instead.
2026-03-08T01:10:07.798Z  WARN 212 --- [           main] ion$DefaultTemplateResolverConfiguration : Cannot find template location: classpath:/templates/ (please add some templates, check your Thymeleaf configuration, or set spring.thymeleaf.check-template-location=false)
2026-03-08T01:10:07.832Z  INFO 212 --- [           main] o.s.b.t.m.w.SpringBootMockServletContext : Initializing Spring TestDispatcherServlet ''
2026-03-08T01:10:07.832Z  INFO 212 --- [           main] o.s.t.web.servlet.TestDispatcherServlet  : Initializing Servlet ''
2026-03-08T01:10:07.832Z  INFO 212 --- [           main] o.s.t.web.servlet.TestDispatcherServlet  : Completed initialization in 0 ms
2026-03-08T01:10:07.840Z  INFO 212 --- [           main] c.b.m.i.controllers.CourseControllerIT   : Started CourseControllerIT in 0.984 seconds (process running for 21.963)
2026-03-08T01:10:07.840Z  WARN 212 --- [           main] o.s.core.events.SpringDocAppInitializer  : SpringDoc /v3/api-docs endpoint is enabled by default. To disable it in production, set the property 'springdoc.api-docs.enabled=false'
2026-03-08T01:10:07.840Z  WARN 212 --- [           main] o.s.core.events.SpringDocAppInitializer  : SpringDoc /swagger-ui.html endpoint is enabled by default. To disable it in production, set the property 'springdoc.swagger-ui.enabled=false'
Hibernate: 
    insert 
    into
        courses
        (code, created_at, created_by, modified_at, modified_by, name, photo_url, program_id, id) 
    values
        (?, ?, ?, ?, ?, ?, ?, ?, default)
Hibernate: 
    insert 
    into
        courses
        (code, created_at, created_by, modified_at, modified_by, name, photo_url, program_id, id) 
    values
        (?, ?, ?, ?, ?, ?, ?, ?, default)
2026-03-08T01:10:07.855Z  WARN 212 --- [           main] o.s.w.s.h.HandlerMappingIntrospector     : Cache miss for REQUEST dispatch to '/api/v1/courses' (previous null). Performing MatchableHandlerMapping lookup. This is logged once only at WARN level, and every time at TRACE.
Hibernate: 
    select
        c1_0.id,
        c1_0.code,
        c1_0.created_at,
        c1_0.created_by,
        c1_0.modified_at,
        c1_0.modified_by,
        c1_0.name,
        c1_0.photo_url,
        c1_0.program_id 
    from
        courses c1_0 
    offset
        ? rows 
    fetch
        first ? rows only
Hibernate: 
    select
        avg(cr1_0.note) 
    from
        course_rates cr1_0 
    where
        cr1_0.course_id=?
Hibernate: 
    select
        avg(cr1_0.note) 
    from
        course_rates cr1_0 
    where
        cr1_0.course_id=?
2026-03-08T01:10:07.874Z  WARN 212 --- [           main] ration$PageModule$WarningLoggingModifier : Serializing PageImpl instances as-is is not supported, meaning that there is no guarantee about the stability of the resulting JSON structure!
	For a stable JSON structure, please use Spring Data's PagedModel (globally via @EnableSpringDataWebSupport(pageSerializationMode = VIA_DTO))
	or Spring HATEOAS and Spring Data's PagedResourcesAssembler as documented in https://docs.spring.io/spring-data/commons/reference/repositories/core-extensions.html#core.web.pageables.

2026-03-08T01:10:07.882Z  INFO 212 --- [           main] j.LocalContainerEntityManagerFactoryBean : Closing JPA EntityManagerFactory for persistence unit 'default'
Hibernate: 
    drop table if exists accreditations cascade 
Hibernate: 
    drop table if exists course_rates cascade 
Hibernate: 
    drop table if exists courses cascade 
Hibernate: 
    drop table if exists program_accreditations cascade 
Hibernate: 
    drop table if exists program_rates cascade 
Hibernate: 
    drop table if exists programs cascade 
Hibernate: 
    drop table if exists roles cascade 
Hibernate: 
    drop table if exists school_rates cascade 
Hibernate: 
    drop table if exists schools cascade 
Hibernate: 
    drop table if exists users cascade 
2026-03-08T01:10:07.883Z  INFO 212 --- [           main] com.zaxxer.hikari.HikariDataSource       : HikariPool-7 - Shutdown initiated...
2026-03-08T01:10:07.884Z  INFO 212 --- [           main] com.zaxxer.hikari.HikariDataSource       : HikariPool-7 - Shutdown completed.
]]></system-out>
  </testcase>
  <testcase name="testThatCourseCanBeCreatedSuccessfullyAndRecalled" classname="com.bowe.meetstudent.integration.controllers.CourseControllerIT" time="0.046">
    <system-out><![CDATA[2026-03-08T01:10:07.886Z  INFO 212 --- [           main] o.s.b.d.r.RestartApplicationListener     : Restart disabled due to context in which it is running

  .   ____          _            __ _ _
 /\\ / ___'_ __ _ _(_)_ __  __ _ \ \ \ \
( ( )\___ | '_ | '_| | '_ \/ _` | \ \ \ \
 \\/  ___)| |_)| | | | | || (_| |  ) ) ) )
  '  |____| .__|_| |_|_| |_\__, | / / / /
 =========|_|==============|___/=/_/_/_/

 :: Spring Boot ::                (v3.4.7)

2026-03-08T01:10:07.902Z  INFO 212 --- [           main] c.b.m.i.controllers.CourseControllerIT   : Starting CourseControllerIT using Java 21.0.10 with PID 212 (started by root in /app)
2026-03-08T01:10:07.902Z  INFO 212 --- [           main] c.b.m.i.controllers.CourseControllerIT   : The following 1 profile is active: "test"
2026-03-08T01:10:08.281Z  INFO 212 --- [           main] .s.d.r.c.RepositoryConfigurationDelegate : Bootstrapping Spring Data JPA repositories in DEFAULT mode.
2026-03-08T01:10:08.347Z  INFO 212 --- [           main] .s.d.r.c.RepositoryConfigurationDelegate : Finished Spring Data repository scanning in 64 ms. Found 10 JPA repository interfaces.
2026-03-08T01:10:08.409Z  INFO 212 --- [           main] o.hibernate.jpa.internal.util.LogHelper  : HHH000204: Processing PersistenceUnitInfo [name: default]
2026-03-08T01:10:08.412Z  INFO 212 --- [           main] o.h.c.internal.RegionFactoryInitiator    : HHH000026: Second-level cache disabled
2026-03-08T01:10:08.418Z  INFO 212 --- [           main] o.s.o.j.p.SpringPersistenceUnitInfo      : No LoadTimeWeaver setup: ignoring JPA class transformer
2026-03-08T01:10:08.419Z  INFO 212 --- [           main] com.zaxxer.hikari.HikariDataSource       : HikariPool-8 - Starting...
2026-03-08T01:10:08.420Z  INFO 212 --- [           main] com.zaxxer.hikari.pool.HikariPool        : HikariPool-8 - Added connection conn70: url=jdbc:h2:mem:testdb user=SA
2026-03-08T01:10:08.420Z  INFO 212 --- [           main] com.zaxxer.hikari.HikariDataSource       : HikariPool-8 - Start completed.
2026-03-08T01:10:08.420Z  WARN 212 --- [           main] org.hibernate.orm.deprecation            : HHH90000025: H2Dialect does not need to be specified explicitly using 'hibernate.dialect' (remove the property setting and it will be selected by default)
2026-03-08T01:10:08.420Z  INFO 212 --- [           main] org.hibernate.orm.connections.pooling    : HHH10001005: Database info:
	Database JDBC URL [Connecting through datasource 'HikariDataSource (HikariPool-8)']
	Database driver: undefined/unknown
	Database version: 2.3.232
	Autocommit mode: undefined/unknown
	Isolation level: undefined/unknown
	Minimum pool size: undefined/unknown
	Maximum pool size: undefined/unknown
2026-03-08T01:10:08.489Z  INFO 212 --- [           main] o.h.e.t.j.p.i.JtaPlatformInitiator       : HHH000489: No JTA platform available (set 'hibernate.transaction.jta.platform' to enable JTA platform integration)
Hibernate: 
    drop table if exists accreditations cascade 
Hibernate: 
    drop table if exists course_rates cascade 
Hibernate: 
    drop table if exists courses cascade 
Hibernate: 
    drop table if exists program_accreditations cascade 
Hibernate: 
    drop table if exists program_rates cascade 
Hibernate: 
    drop table if exists programs cascade 
Hibernate: 
    drop table if exists roles cascade 
Hibernate: 
    drop table if exists school_rates cascade 
Hibernate: 
    drop table if exists schools cascade 
Hibernate: 
    drop table if exists users cascade 
Hibernate: 
    create table accreditations (
        created_by integer,
        id integer generated by default as identity,
        modified_by integer,
        code varchar(5) unique,
        created_at timestamp(6),
        modified_at timestamp(6),
        name varchar(50),
        description varchar(255),
        primary key (id)
    )
Hibernate: 
    create table course_rates (
        course_id integer,
        created_by integer,
        id integer generated by default as identity,
        modified_by integer,
        note float(53),
        user_id integer,
        created_at timestamp(6),
        modified_at timestamp(6),
        comment varchar(150),
        primary key (id)
    )
Hibernate: 
    create table courses (
        created_by integer,
        id integer generated by default as identity,
        modified_by integer,
        program_id integer,
        code varchar(5) unique,
        created_at timestamp(6),
        modified_at timestamp(6),
        name varchar(50),
        photo_url varchar(255),
        primary key (id)
    )
Hibernate: 
    create table program_accreditations (
        accreditation_id integer not null,
        ends integer,
        program_id integer not null,
        starts integer,
        primary key (accreditation_id, program_id)
    )
Hibernate: 
    create table program_rates (
        created_by integer,
        id integer generated by default as identity,
        modified_by integer,
        note float(53),
        program_id integer,
        user_id integer,
        created_at timestamp(6),
        modified_at timestamp(6),
        comment varchar(150),
        primary key (id)
    )
Hibernate: 
    create table programs (
        created_by integer,
        duration integer,
        id integer generated by default as identity,
        modified_by integer,
        school_id integer,
        code varchar(5) unique,
        created_at timestamp(6),
        modified_at timestamp(6),
        name varchar(50),
        photo_url varchar(255),
        primary key (id)
    )
Hibernate: 
    create table roles (
        id integer generated by default as identity,
        description varchar(255),
        name varchar(255) not null,
        primary key (id)
    )
Hibernate: 
    create table school_rates (
        created_by integer,
        id integer generated by default as identity,
        modified_by integer,
        note float(53),
        school_id integer,
        user_id integer,
        created_at timestamp(6),
        modified_at timestamp(6),
        comment varchar(150),
        primary key (id)
    )
Hibernate: 
    create table schools (
        created_by integer,
        id integer generated by default as identity,
        modified_by integer,
        code varchar(5) unique,
        created_at timestamp(6),
        creation timestamp(6),
        modified_at timestamp(6),
        name varchar(50),
        city varchar(255),
        country varchar(255),
        cover_photo_url varchar(255),
        location varchar(255),
        logo_url varchar(255),
        primary key (id)
    )
Hibernate: 
    create table users (
        created_by integer,
        id integer generated by default as identity,
        modified_by integer,
        role_id integer,
        birthday timestamp(6),
        created_at timestamp(6),
        modified_at timestamp(6),
        lastname varchar(50),
        firstname varchar(100),
        qualification varchar(100),
        email varchar(255) unique,
        password varchar(255),
        diplomas varchar(255) array,
        primary key (id)
    )
Hibernate: 
    alter table if exists course_rates 
       add constraint FKksvr0lhog8yc0c290g45g1dgt 
       foreign key (user_id) 
       references users
Hibernate: 
    alter table if exists course_rates 
       add constraint FKoh9pgu36xpti0nacl6kd7gixq 
       foreign key (course_id) 
       references courses
Hibernate: 
    alter table if exists courses 
       add constraint FKh9mmrmahf9iy4yoqdv41vbxjm 
       foreign key (program_id) 
       references programs
Hibernate: 
    alter table if exists program_accreditations 
       add constraint FKta2fyyepp896b9kobbm3r9l68 
       foreign key (accreditation_id) 
       references accreditations
Hibernate: 
    alter table if exists program_accreditations 
       add constraint FKduj7tgc3qolx3gl0e58kng3gk 
       foreign key (program_id) 
       references programs
Hibernate: 
    alter table if exists program_rates 
       add constraint FKpjp2eoo0vb8m2kwdoapbts8dp 
       foreign key (user_id) 
       references users
Hibernate: 
    alter table if exists program_rates 
       add constraint FKdgfanki87hpybt3hdu45sdfwv 
       foreign key (program_id) 
       references programs
Hibernate: 
    alter table if exists programs 
       add constraint FK788wl7mf99opq8oqiu24rs9ai 
       foreign key (school_id) 
       references schools
Hibernate: 
    alter table if exists school_rates 
       add constraint FKp7w8oabr98qd5u59o2qhtqq4q 
       foreign key (user_id) 
       references users
Hibernate: 
    alter table if exists school_rates 
       add constraint FKmo7jk9ahayd7wy6eo4slrk4fq 
       foreign key (school_id) 
       references schools
Hibernate: 
    alter table if exists users 
       add constraint FKp56c1712k691lhsyewcssf40f 
       foreign key (role_id) 
       references roles
2026-03-08T01:10:08.498Z  INFO 212 --- [           main] j.LocalContainerEntityManagerFactoryBean : Initialized JPA EntityManagerFactory for persistence unit 'default'
2026-03-08T01:10:08.554Z  WARN 212 --- [           main] JpaBaseConfiguration$JpaWebConfiguration : spring.jpa.open-in-view is enabled by default. Therefore, database queries may be performed during view rendering. Explicitly configure spring.jpa.open-in-view to disable this warning
2026-03-08T01:10:08.559Z  INFO 212 --- [           main] r$InitializeUserDetailsManagerConfigurer : Global AuthenticationManager configured with UserDetailsService bean with name customUserDetailsService
2026-03-08T01:10:08.680Z  INFO 212 --- [           main] o.s.b.a.e.web.EndpointLinksResolver      : Exposing 1 endpoint beneath base path '/actuator'
2026-03-08T01:10:08.692Z  WARN 212 --- [           main] o.s.s.c.a.web.builders.WebSecurity       : You are asking Spring Security to ignore Deferred [Mvc [pattern='/swagger-ui/**'], Ant [pattern='/swagger-ui/**']]. This is not recommended -- please use permitAll via HttpSecurity#authorizeHttpRequests instead.
2026-03-08T01:10:08.693Z  WARN 212 --- [           main] o.s.s.c.a.web.builders.WebSecurity       : You are asking Spring Security to ignore Deferred [Mvc [pattern='/v3/api-docs/**'], Ant [pattern='/v3/api-docs/**']]. This is not recommended -- please use permitAll via HttpSecurity#authorizeHttpRequests instead.
2026-03-08T01:10:08.693Z  WARN 212 --- [           main] o.s.s.c.a.web.builders.WebSecurity       : You are asking Spring Security to ignore Deferred [Mvc [pattern='/swagger-ui.html'], Ant [pattern='/swagger-ui.html']]. This is not recommended -- please use permitAll via HttpSecurity#authorizeHttpRequests instead.
2026-03-08T01:10:08.693Z  WARN 212 --- [           main] o.s.s.c.a.web.builders.WebSecurity       : You are asking Spring Security to ignore Deferred [Mvc [pattern='/api-docs/**'], Ant [pattern='/api-docs/**']]. This is not recommended -- please use permitAll via HttpSecurity#authorizeHttpRequests instead.
2026-03-08T01:10:08.712Z  WARN 212 --- [           main] ion$DefaultTemplateResolverConfiguration : Cannot find template location: classpath:/templates/ (please add some templates, check your Thymeleaf configuration, or set spring.thymeleaf.check-template-location=false)
2026-03-08T01:10:08.743Z  INFO 212 --- [           main] o.s.b.t.m.w.SpringBootMockServletContext : Initializing Spring TestDispatcherServlet ''
2026-03-08T01:10:08.743Z  INFO 212 --- [           main] o.s.t.web.servlet.TestDispatcherServlet  : Initializing Servlet ''
2026-03-08T01:10:08.744Z  INFO 212 --- [           main] o.s.t.web.servlet.TestDispatcherServlet  : Completed initialization in 1 ms
2026-03-08T01:10:08.755Z  INFO 212 --- [           main] c.b.m.i.controllers.CourseControllerIT   : Started CourseControllerIT in 0.869 seconds (process running for 22.878)
2026-03-08T01:10:08.756Z  WARN 212 --- [           main] o.s.core.events.SpringDocAppInitializer  : SpringDoc /v3/api-docs endpoint is enabled by default. To disable it in production, set the property 'springdoc.api-docs.enabled=false'
2026-03-08T01:10:08.756Z  WARN 212 --- [           main] o.s.core.events.SpringDocAppInitializer  : SpringDoc /swagger-ui.html endpoint is enabled by default. To disable it in production, set the property 'springdoc.swagger-ui.enabled=false'
2026-03-08T01:10:08.759Z  WARN 212 --- [           main] o.s.w.s.h.HandlerMappingIntrospector     : Cache miss for REQUEST dispatch to '/api/v1/courses' (previous null). Performing MatchableHandlerMapping lookup. This is logged once only at WARN level, and every time at TRACE.
Hibernate: 
    insert 
    into
        courses
        (code, created_at, created_by, modified_at, modified_by, name, photo_url, program_id, id) 
    values
        (?, ?, ?, ?, ?, ?, ?, ?, default)
2026-03-08T01:10:08.774Z  INFO 212 --- [           main] j.LocalContainerEntityManagerFactoryBean : Closing JPA EntityManagerFactory for persistence unit 'default'
Hibernate: 
    drop table if exists accreditations cascade 
Hibernate: 
    drop table if exists course_rates cascade 
Hibernate: 
    drop table if exists courses cascade 
Hibernate: 
    drop table if exists program_accreditations cascade 
Hibernate: 
    drop table if exists program_rates cascade 
Hibernate: 
    drop table if exists programs cascade 
Hibernate: 
    drop table if exists roles cascade 
Hibernate: 
    drop table if exists school_rates cascade 
Hibernate: 
    drop table if exists schools cascade 
Hibernate: 
    drop table if exists users cascade 
2026-03-08T01:10:08.776Z  INFO 212 --- [           main] com.zaxxer.hikari.HikariDataSource       : HikariPool-8 - Shutdown initiated...
2026-03-08T01:10:08.802Z  INFO 212 --- [           main] com.zaxxer.hikari.HikariDataSource       : HikariPool-8 - Shutdown completed.
]]></system-out>
  </testcase>
  <testcase name="testThatGetAllCoursesReturnsHttpStatus200" classname="com.bowe.meetstudent.integration.controllers.CourseControllerIT" time="0.044">
    <system-out><![CDATA[2026-03-08T01:10:08.805Z  INFO 212 --- [           main] o.s.b.d.r.RestartApplicationListener     : Restart disabled due to context in which it is running

  .   ____          _            __ _ _
 /\\ / ___'_ __ _ _(_)_ __  __ _ \ \ \ \
( ( )\___ | '_ | '_| | '_ \/ _` | \ \ \ \
 \\/  ___)| |_)| | | | | || (_| |  ) ) ) )
  '  |____| .__|_| |_|_| |_\__, | / / / /
 =========|_|==============|___/=/_/_/_/

 :: Spring Boot ::                (v3.4.7)

2026-03-08T01:10:08.817Z  INFO 212 --- [           main] c.b.m.i.controllers.CourseControllerIT   : Starting CourseControllerIT using Java 21.0.10 with PID 212 (started by root in /app)
2026-03-08T01:10:08.818Z  INFO 212 --- [           main] c.b.m.i.controllers.CourseControllerIT   : The following 1 profile is active: "test"
2026-03-08T01:10:09.056Z  INFO 212 --- [           main] .s.d.r.c.RepositoryConfigurationDelegate : Bootstrapping Spring Data JPA repositories in DEFAULT mode.
2026-03-08T01:10:09.099Z  INFO 212 --- [           main] .s.d.r.c.RepositoryConfigurationDelegate : Finished Spring Data repository scanning in 42 ms. Found 10 JPA repository interfaces.
2026-03-08T01:10:09.166Z  INFO 212 --- [           main] o.hibernate.jpa.internal.util.LogHelper  : HHH000204: Processing PersistenceUnitInfo [name: default]
2026-03-08T01:10:09.174Z  INFO 212 --- [           main] o.h.c.internal.RegionFactoryInitiator    : HHH000026: Second-level cache disabled
2026-03-08T01:10:09.189Z  INFO 212 --- [           main] o.s.o.j.p.SpringPersistenceUnitInfo      : No LoadTimeWeaver setup: ignoring JPA class transformer
2026-03-08T01:10:09.191Z  INFO 212 --- [           main] com.zaxxer.hikari.HikariDataSource       : HikariPool-9 - Starting...
2026-03-08T01:10:09.193Z  INFO 212 --- [           main] com.zaxxer.hikari.pool.HikariPool        : HikariPool-9 - Added connection conn80: url=jdbc:h2:mem:testdb user=SA
2026-03-08T01:10:09.193Z  INFO 212 --- [           main] com.zaxxer.hikari.HikariDataSource       : HikariPool-9 - Start completed.
2026-03-08T01:10:09.194Z  WARN 212 --- [           main] org.hibernate.orm.deprecation            : HHH90000025: H2Dialect does not need to be specified explicitly using 'hibernate.dialect' (remove the property setting and it will be selected by default)
2026-03-08T01:10:09.194Z  INFO 212 --- [           main] org.hibernate.orm.connections.pooling    : HHH10001005: Database info:
	Database JDBC URL [Connecting through datasource 'HikariDataSource (HikariPool-9)']
	Database driver: undefined/unknown
	Database version: 2.3.232
	Autocommit mode: undefined/unknown
	Isolation level: undefined/unknown
	Minimum pool size: undefined/unknown
	Maximum pool size: undefined/unknown
2026-03-08T01:10:09.304Z  INFO 212 --- [           main] o.h.e.t.j.p.i.JtaPlatformInitiator       : HHH000489: No JTA platform available (set 'hibernate.transaction.jta.platform' to enable JTA platform integration)
Hibernate: 
    drop table if exists accreditations cascade 
Hibernate: 
    drop table if exists course_rates cascade 
Hibernate: 
    drop table if exists courses cascade 
Hibernate: 
    drop table if exists program_accreditations cascade 
Hibernate: 
    drop table if exists program_rates cascade 
Hibernate: 
    drop table if exists programs cascade 
Hibernate: 
    drop table if exists roles cascade 
Hibernate: 
    drop table if exists school_rates cascade 
Hibernate: 
    drop table if exists schools cascade 
Hibernate: 
    drop table if exists users cascade 
Hibernate: 
    create table accreditations (
        created_by integer,
        id integer generated by default as identity,
        modified_by integer,
        code varchar(5) unique,
        created_at timestamp(6),
        modified_at timestamp(6),
        name varchar(50),
        description varchar(255),
        primary key (id)
    )
Hibernate: 
    create table course_rates (
        course_id integer,
        created_by integer,
        id integer generated by default as identity,
        modified_by integer,
        note float(53),
        user_id integer,
        created_at timestamp(6),
        modified_at timestamp(6),
        comment varchar(150),
        primary key (id)
    )
Hibernate: 
    create table courses (
        created_by integer,
        id integer generated by default as identity,
        modified_by integer,
        program_id integer,
        code varchar(5) unique,
        created_at timestamp(6),
        modified_at timestamp(6),
        name varchar(50),
        photo_url varchar(255),
        primary key (id)
    )
Hibernate: 
    create table program_accreditations (
        accreditation_id integer not null,
        ends integer,
        program_id integer not null,
        starts integer,
        primary key (accreditation_id, program_id)
    )
Hibernate: 
    create table program_rates (
        created_by integer,
        id integer generated by default as identity,
        modified_by integer,
        note float(53),
        program_id integer,
        user_id integer,
        created_at timestamp(6),
        modified_at timestamp(6),
        comment varchar(150),
        primary key (id)
    )
Hibernate: 
    create table programs (
        created_by integer,
        duration integer,
        id integer generated by default as identity,
        modified_by integer,
        school_id integer,
        code varchar(5) unique,
        created_at timestamp(6),
        modified_at timestamp(6),
        name varchar(50),
        photo_url varchar(255),
        primary key (id)
    )
Hibernate: 
    create table roles (
        id integer generated by default as identity,
        description varchar(255),
        name varchar(255) not null,
        primary key (id)
    )
Hibernate: 
    create table school_rates (
        created_by integer,
        id integer generated by default as identity,
        modified_by integer,
        note float(53),
        school_id integer,
        user_id integer,
        created_at timestamp(6),
        modified_at timestamp(6),
        comment varchar(150),
        primary key (id)
    )
Hibernate: 
    create table schools (
        created_by integer,
        id integer generated by default as identity,
        modified_by integer,
        code varchar(5) unique,
        created_at timestamp(6),
        creation timestamp(6),
        modified_at timestamp(6),
        name varchar(50),
        city varchar(255),
        country varchar(255),
        cover_photo_url varchar(255),
        location varchar(255),
        logo_url varchar(255),
        primary key (id)
    )
Hibernate: 
    create table users (
        created_by integer,
        id integer generated by default as identity,
        modified_by integer,
        role_id integer,
        birthday timestamp(6),
        created_at timestamp(6),
        modified_at timestamp(6),
        lastname varchar(50),
        firstname varchar(100),
        qualification varchar(100),
        email varchar(255) unique,
        password varchar(255),
        diplomas varchar(255) array,
        primary key (id)
    )
Hibernate: 
    alter table if exists course_rates 
       add constraint FKksvr0lhog8yc0c290g45g1dgt 
       foreign key (user_id) 
       references users
Hibernate: 
    alter table if exists course_rates 
       add constraint FKoh9pgu36xpti0nacl6kd7gixq 
       foreign key (course_id) 
       references courses
Hibernate: 
    alter table if exists courses 
       add constraint FKh9mmrmahf9iy4yoqdv41vbxjm 
       foreign key (program_id) 
       references programs
Hibernate: 
    alter table if exists program_accreditations 
       add constraint FKta2fyyepp896b9kobbm3r9l68 
       foreign key (accreditation_id) 
       references accreditations
Hibernate: 
    alter table if exists program_accreditations 
       add constraint FKduj7tgc3qolx3gl0e58kng3gk 
       foreign key (program_id) 
       references programs
Hibernate: 
    alter table if exists program_rates 
       add constraint FKpjp2eoo0vb8m2kwdoapbts8dp 
       foreign key (user_id) 
       references users
Hibernate: 
    alter table if exists program_rates 
       add constraint FKdgfanki87hpybt3hdu45sdfwv 
       foreign key (program_id) 
       references programs
Hibernate: 
    alter table if exists programs 
       add constraint FK788wl7mf99opq8oqiu24rs9ai 
       foreign key (school_id) 
       references schools
Hibernate: 
    alter table if exists school_rates 
       add constraint FKp7w8oabr98qd5u59o2qhtqq4q 
       foreign key (user_id) 
       references users
Hibernate: 
    alter table if exists school_rates 
       add constraint FKmo7jk9ahayd7wy6eo4slrk4fq 
       foreign key (school_id) 
       references schools
Hibernate: 
    alter table if exists users 
       add constraint FKp56c1712k691lhsyewcssf40f 
       foreign key (role_id) 
       references roles
2026-03-08T01:10:09.316Z  INFO 212 --- [           main] j.LocalContainerEntityManagerFactoryBean : Initialized JPA EntityManagerFactory for persistence unit 'default'
2026-03-08T01:10:09.379Z  WARN 212 --- [           main] JpaBaseConfiguration$JpaWebConfiguration : spring.jpa.open-in-view is enabled by default. Therefore, database queries may be performed during view rendering. Explicitly configure spring.jpa.open-in-view to disable this warning
2026-03-08T01:10:09.384Z  INFO 212 --- [           main] r$InitializeUserDetailsManagerConfigurer : Global AuthenticationManager configured with UserDetailsService bean with name customUserDetailsService
2026-03-08T01:10:09.554Z  INFO 212 --- [           main] o.s.b.a.e.web.EndpointLinksResolver      : Exposing 1 endpoint beneath base path '/actuator'
2026-03-08T01:10:09.566Z  WARN 212 --- [           main] o.s.s.c.a.web.builders.WebSecurity       : You are asking Spring Security to ignore Deferred [Mvc [pattern='/swagger-ui/**'], Ant [pattern='/swagger-ui/**']]. This is not recommended -- please use permitAll via HttpSecurity#authorizeHttpRequests instead.
2026-03-08T01:10:09.567Z  WARN 212 --- [           main] o.s.s.c.a.web.builders.WebSecurity       : You are asking Spring Security to ignore Deferred [Mvc [pattern='/v3/api-docs/**'], Ant [pattern='/v3/api-docs/**']]. This is not recommended -- please use permitAll via HttpSecurity#authorizeHttpRequests instead.
2026-03-08T01:10:09.567Z  WARN 212 --- [           main] o.s.s.c.a.web.builders.WebSecurity       : You are asking Spring Security to ignore Deferred [Mvc [pattern='/swagger-ui.html'], Ant [pattern='/swagger-ui.html']]. This is not recommended -- please use permitAll via HttpSecurity#authorizeHttpRequests instead.
2026-03-08T01:10:09.567Z  WARN 212 --- [           main] o.s.s.c.a.web.builders.WebSecurity       : You are asking Spring Security to ignore Deferred [Mvc [pattern='/api-docs/**'], Ant [pattern='/api-docs/**']]. This is not recommended -- please use permitAll via HttpSecurity#authorizeHttpRequests instead.
2026-03-08T01:10:09.590Z  WARN 212 --- [           main] ion$DefaultTemplateResolverConfiguration : Cannot find template location: classpath:/templates/ (please add some templates, check your Thymeleaf configuration, or set spring.thymeleaf.check-template-location=false)
2026-03-08T01:10:09.639Z  INFO 212 --- [           main] o.s.b.t.m.w.SpringBootMockServletContext : Initializing Spring TestDispatcherServlet ''
2026-03-08T01:10:09.639Z  INFO 212 --- [           main] o.s.t.web.servlet.TestDispatcherServlet  : Initializing Servlet ''
2026-03-08T01:10:09.640Z  INFO 212 --- [           main] o.s.t.web.servlet.TestDispatcherServlet  : Completed initialization in 1 ms
2026-03-08T01:10:09.649Z  INFO 212 --- [           main] c.b.m.i.controllers.CourseControllerIT   : Started CourseControllerIT in 0.844 seconds (process running for 23.773)
2026-03-08T01:10:09.650Z  WARN 212 --- [           main] o.s.core.events.SpringDocAppInitializer  : SpringDoc /v3/api-docs endpoint is enabled by default. To disable it in production, set the property 'springdoc.api-docs.enabled=false'
2026-03-08T01:10:09.650Z  WARN 212 --- [           main] o.s.core.events.SpringDocAppInitializer  : SpringDoc /swagger-ui.html endpoint is enabled by default. To disable it in production, set the property 'springdoc.swagger-ui.enabled=false'
2026-03-08T01:10:09.653Z  WARN 212 --- [           main] o.s.w.s.h.HandlerMappingIntrospector     : Cache miss for REQUEST dispatch to '/api/v1/courses' (previous null). Performing MatchableHandlerMapping lookup. This is logged once only at WARN level, and every time at TRACE.
Hibernate: 
    select
        c1_0.id,
        c1_0.code,
        c1_0.created_at,
        c1_0.created_by,
        c1_0.modified_at,
        c1_0.modified_by,
        c1_0.name,
        c1_0.photo_url,
        c1_0.program_id 
    from
        courses c1_0 
    offset
        ? rows 
    fetch
        first ? rows only
2026-03-08T01:10:09.671Z  WARN 212 --- [           main] ration$PageModule$WarningLoggingModifier : Serializing PageImpl instances as-is is not supported, meaning that there is no guarantee about the stability of the resulting JSON structure!
	For a stable JSON structure, please use Spring Data's PagedModel (globally via @EnableSpringDataWebSupport(pageSerializationMode = VIA_DTO))
	or Spring HATEOAS and Spring Data's PagedResourcesAssembler as documented in https://docs.spring.io/spring-data/commons/reference/repositories/core-extensions.html#core.web.pageables.

2026-03-08T01:10:09.686Z  INFO 212 --- [           main] j.LocalContainerEntityManagerFactoryBean : Closing JPA EntityManagerFactory for persistence unit 'default'
Hibernate: 
    drop table if exists accreditations cascade 
Hibernate: 
    drop table if exists course_rates cascade 
Hibernate: 
    drop table if exists courses cascade 
Hibernate: 
    drop table if exists program_accreditations cascade 
Hibernate: 
    drop table if exists program_rates cascade 
Hibernate: 
    drop table if exists programs cascade 
Hibernate: 
    drop table if exists roles cascade 
Hibernate: 
    drop table if exists school_rates cascade 
Hibernate: 
    drop table if exists schools cascade 
Hibernate: 
    drop table if exists users cascade 
2026-03-08T01:10:09.691Z  INFO 212 --- [           main] com.zaxxer.hikari.HikariDataSource       : HikariPool-9 - Shutdown initiated...
2026-03-08T01:10:09.695Z  INFO 212 --- [           main] com.zaxxer.hikari.HikariDataSource       : HikariPool-9 - Shutdown completed.
]]></system-out>
  </testcase>
  <testcase name="testThatCreateCourseReturnsHttpStatus201Created" classname="com.bowe.meetstudent.integration.controllers.CourseControllerIT" time="0.028">
    <system-out><![CDATA[2026-03-08T01:10:09.700Z  INFO 212 --- [           main] o.s.b.d.r.RestartApplicationListener     : Restart disabled due to context in which it is running

  .   ____          _            __ _ _
 /\\ / ___'_ __ _ _(_)_ __  __ _ \ \ \ \
( ( )\___ | '_ | '_| | '_ \/ _` | \ \ \ \
 \\/  ___)| |_)| | | | | || (_| |  ) ) ) )
  '  |____| .__|_| |_|_| |_\__, | / / / /
 =========|_|==============|___/=/_/_/_/

 :: Spring Boot ::                (v3.4.7)

2026-03-08T01:10:09.740Z  INFO 212 --- [           main] c.b.m.i.controllers.CourseControllerIT   : Starting CourseControllerIT using Java 21.0.10 with PID 212 (started by root in /app)
2026-03-08T01:10:09.740Z  INFO 212 --- [           main] c.b.m.i.controllers.CourseControllerIT   : The following 1 profile is active: "test"
2026-03-08T01:10:10.095Z  INFO 212 --- [           main] .s.d.r.c.RepositoryConfigurationDelegate : Bootstrapping Spring Data JPA repositories in DEFAULT mode.
2026-03-08T01:10:10.133Z  INFO 212 --- [           main] .s.d.r.c.RepositoryConfigurationDelegate : Finished Spring Data repository scanning in 36 ms. Found 10 JPA repository interfaces.
2026-03-08T01:10:10.206Z  INFO 212 --- [           main] o.hibernate.jpa.internal.util.LogHelper  : HHH000204: Processing PersistenceUnitInfo [name: default]
2026-03-08T01:10:10.212Z  INFO 212 --- [           main] o.h.c.internal.RegionFactoryInitiator    : HHH000026: Second-level cache disabled
2026-03-08T01:10:10.226Z  INFO 212 --- [           main] o.s.o.j.p.SpringPersistenceUnitInfo      : No LoadTimeWeaver setup: ignoring JPA class transformer
2026-03-08T01:10:10.227Z  INFO 212 --- [           main] com.zaxxer.hikari.HikariDataSource       : HikariPool-10 - Starting...
2026-03-08T01:10:10.229Z  INFO 212 --- [           main] com.zaxxer.hikari.pool.HikariPool        : HikariPool-10 - Added connection conn90: url=jdbc:h2:mem:testdb user=SA
2026-03-08T01:10:10.229Z  INFO 212 --- [           main] com.zaxxer.hikari.HikariDataSource       : HikariPool-10 - Start completed.
2026-03-08T01:10:10.229Z  WARN 212 --- [           main] org.hibernate.orm.deprecation            : HHH90000025: H2Dialect does not need to be specified explicitly using 'hibernate.dialect' (remove the property setting and it will be selected by default)
2026-03-08T01:10:10.230Z  INFO 212 --- [           main] org.hibernate.orm.connections.pooling    : HHH10001005: Database info:
	Database JDBC URL [Connecting through datasource 'HikariDataSource (HikariPool-10)']
	Database driver: undefined/unknown
	Database version: 2.3.232
	Autocommit mode: undefined/unknown
	Isolation level: undefined/unknown
	Minimum pool size: undefined/unknown
	Maximum pool size: undefined/unknown
2026-03-08T01:10:10.327Z  INFO 212 --- [           main] o.h.e.t.j.p.i.JtaPlatformInitiator       : HHH000489: No JTA platform available (set 'hibernate.transaction.jta.platform' to enable JTA platform integration)
Hibernate: 
    drop table if exists accreditations cascade 
Hibernate: 
    drop table if exists course_rates cascade 
Hibernate: 
    drop table if exists courses cascade 
Hibernate: 
    drop table if exists program_accreditations cascade 
Hibernate: 
    drop table if exists program_rates cascade 
Hibernate: 
    drop table if exists programs cascade 
Hibernate: 
    drop table if exists roles cascade 
Hibernate: 
    drop table if exists school_rates cascade 
Hibernate: 
    drop table if exists schools cascade 
Hibernate: 
    drop table if exists users cascade 
Hibernate: 
    create table accreditations (
        created_by integer,
        id integer generated by default as identity,
        modified_by integer,
        code varchar(5) unique,
        created_at timestamp(6),
        modified_at timestamp(6),
        name varchar(50),
        description varchar(255),
        primary key (id)
    )
Hibernate: 
    create table course_rates (
        course_id integer,
        created_by integer,
        id integer generated by default as identity,
        modified_by integer,
        note float(53),
        user_id integer,
        created_at timestamp(6),
        modified_at timestamp(6),
        comment varchar(150),
        primary key (id)
    )
Hibernate: 
    create table courses (
        created_by integer,
        id integer generated by default as identity,
        modified_by integer,
        program_id integer,
        code varchar(5) unique,
        created_at timestamp(6),
        modified_at timestamp(6),
        name varchar(50),
        photo_url varchar(255),
        primary key (id)
    )
Hibernate: 
    create table program_accreditations (
        accreditation_id integer not null,
        ends integer,
        program_id integer not null,
        starts integer,
        primary key (accreditation_id, program_id)
    )
Hibernate: 
    create table program_rates (
        created_by integer,
        id integer generated by default as identity,
        modified_by integer,
        note float(53),
        program_id integer,
        user_id integer,
        created_at timestamp(6),
        modified_at timestamp(6),
        comment varchar(150),
        primary key (id)
    )
Hibernate: 
    create table programs (
        created_by integer,
        duration integer,
        id integer generated by default as identity,
        modified_by integer,
        school_id integer,
        code varchar(5) unique,
        created_at timestamp(6),
        modified_at timestamp(6),
        name varchar(50),
        photo_url varchar(255),
        primary key (id)
    )
Hibernate: 
    create table roles (
        id integer generated by default as identity,
        description varchar(255),
        name varchar(255) not null,
        primary key (id)
    )
Hibernate: 
    create table school_rates (
        created_by integer,
        id integer generated by default as identity,
        modified_by integer,
        note float(53),
        school_id integer,
        user_id integer,
        created_at timestamp(6),
        modified_at timestamp(6),
        comment varchar(150),
        primary key (id)
    )
Hibernate: 
    create table schools (
        created_by integer,
        id integer generated by default as identity,
        modified_by integer,
        code varchar(5) unique,
        created_at timestamp(6),
        creation timestamp(6),
        modified_at timestamp(6),
        name varchar(50),
        city varchar(255),
        country varchar(255),
        cover_photo_url varchar(255),
        location varchar(255),
        logo_url varchar(255),
        primary key (id)
    )
Hibernate: 
    create table users (
        created_by integer,
        id integer generated by default as identity,
        modified_by integer,
        role_id integer,
        birthday timestamp(6),
        created_at timestamp(6),
        modified_at timestamp(6),
        lastname varchar(50),
        firstname varchar(100),
        qualification varchar(100),
        email varchar(255) unique,
        password varchar(255),
        diplomas varchar(255) array,
        primary key (id)
    )
Hibernate: 
    alter table if exists course_rates 
       add constraint FKksvr0lhog8yc0c290g45g1dgt 
       foreign key (user_id) 
       references users
Hibernate: 
    alter table if exists course_rates 
       add constraint FKoh9pgu36xpti0nacl6kd7gixq 
       foreign key (course_id) 
       references courses
Hibernate: 
    alter table if exists courses 
       add constraint FKh9mmrmahf9iy4yoqdv41vbxjm 
       foreign key (program_id) 
       references programs
Hibernate: 
    alter table if exists program_accreditations 
       add constraint FKta2fyyepp896b9kobbm3r9l68 
       foreign key (accreditation_id) 
       references accreditations
Hibernate: 
    alter table if exists program_accreditations 
       add constraint FKduj7tgc3qolx3gl0e58kng3gk 
       foreign key (program_id) 
       references programs
Hibernate: 
    alter table if exists program_rates 
       add constraint FKpjp2eoo0vb8m2kwdoapbts8dp 
       foreign key (user_id) 
       references users
Hibernate: 
    alter table if exists program_rates 
       add constraint FKdgfanki87hpybt3hdu45sdfwv 
       foreign key (program_id) 
       references programs
Hibernate: 
    alter table if exists programs 
       add constraint FK788wl7mf99opq8oqiu24rs9ai 
       foreign key (school_id) 
       references schools
Hibernate: 
    alter table if exists school_rates 
       add constraint FKp7w8oabr98qd5u59o2qhtqq4q 
       foreign key (user_id) 
       references users
Hibernate: 
    alter table if exists school_rates 
       add constraint FKmo7jk9ahayd7wy6eo4slrk4fq 
       foreign key (school_id) 
       references schools
Hibernate: 
    alter table if exists users 
       add constraint FKp56c1712k691lhsyewcssf40f 
       foreign key (role_id) 
       references roles
2026-03-08T01:10:10.340Z  INFO 212 --- [           main] j.LocalContainerEntityManagerFactoryBean : Initialized JPA EntityManagerFactory for persistence unit 'default'
2026-03-08T01:10:10.405Z  WARN 212 --- [           main] JpaBaseConfiguration$JpaWebConfiguration : spring.jpa.open-in-view is enabled by default. Therefore, database queries may be performed during view rendering. Explicitly configure spring.jpa.open-in-view to disable this warning
2026-03-08T01:10:10.410Z  INFO 212 --- [           main] r$InitializeUserDetailsManagerConfigurer : Global AuthenticationManager configured with UserDetailsService bean with name customUserDetailsService
2026-03-08T01:10:10.564Z  INFO 212 --- [           main] o.s.b.a.e.web.EndpointLinksResolver      : Exposing 1 endpoint beneath base path '/actuator'
2026-03-08T01:10:10.577Z  WARN 212 --- [           main] o.s.s.c.a.web.builders.WebSecurity       : You are asking Spring Security to ignore Deferred [Mvc [pattern='/swagger-ui/**'], Ant [pattern='/swagger-ui/**']]. This is not recommended -- please use permitAll via HttpSecurity#authorizeHttpRequests instead.
2026-03-08T01:10:10.577Z  WARN 212 --- [           main] o.s.s.c.a.web.builders.WebSecurity       : You are asking Spring Security to ignore Deferred [Mvc [pattern='/v3/api-docs/**'], Ant [pattern='/v3/api-docs/**']]. This is not recommended -- please use permitAll via HttpSecurity#authorizeHttpRequests instead.
2026-03-08T01:10:10.577Z  WARN 212 --- [           main] o.s.s.c.a.web.builders.WebSecurity       : You are asking Spring Security to ignore Deferred [Mvc [pattern='/swagger-ui.html'], Ant [pattern='/swagger-ui.html']]. This is not recommended -- please use permitAll via HttpSecurity#authorizeHttpRequests instead.
2026-03-08T01:10:10.577Z  WARN 212 --- [           main] o.s.s.c.a.web.builders.WebSecurity       : You are asking Spring Security to ignore Deferred [Mvc [pattern='/api-docs/**'], Ant [pattern='/api-docs/**']]. This is not recommended -- please use permitAll via HttpSecurity#authorizeHttpRequests instead.
2026-03-08T01:10:10.596Z  WARN 212 --- [           main] ion$DefaultTemplateResolverConfiguration : Cannot find template location: classpath:/templates/ (please add some templates, check your Thymeleaf configuration, or set spring.thymeleaf.check-template-location=false)
2026-03-08T01:10:10.641Z  INFO 212 --- [           main] o.s.b.t.m.w.SpringBootMockServletContext : Initializing Spring TestDispatcherServlet ''
2026-03-08T01:10:10.641Z  INFO 212 --- [           main] o.s.t.web.servlet.TestDispatcherServlet  : Initializing Servlet ''
2026-03-08T01:10:10.642Z  INFO 212 --- [           main] o.s.t.web.servlet.TestDispatcherServlet  : Completed initialization in 1 ms
2026-03-08T01:10:10.657Z  INFO 212 --- [           main] c.b.m.i.controllers.CourseControllerIT   : Started CourseControllerIT in 0.956 seconds (process running for 24.78)
2026-03-08T01:10:10.657Z  WARN 212 --- [           main] o.s.core.events.SpringDocAppInitializer  : SpringDoc /v3/api-docs endpoint is enabled by default. To disable it in production, set the property 'springdoc.api-docs.enabled=false'
2026-03-08T01:10:10.657Z  WARN 212 --- [           main] o.s.core.events.SpringDocAppInitializer  : SpringDoc /swagger-ui.html endpoint is enabled by default. To disable it in production, set the property 'springdoc.swagger-ui.enabled=false'
2026-03-08T01:10:10.661Z  WARN 212 --- [           main] o.s.w.s.h.HandlerMappingIntrospector     : Cache miss for REQUEST dispatch to '/api/v1/courses' (previous null). Performing MatchableHandlerMapping lookup. This is logged once only at WARN level, and every time at TRACE.
Hibernate: 
    insert 
    into
        courses
        (code, created_at, created_by, modified_at, modified_by, name, photo_url, program_id, id) 
    values
        (?, ?, ?, ?, ?, ?, ?, ?, default)
2026-03-08T01:10:10.681Z  INFO 212 --- [           main] j.LocalContainerEntityManagerFactoryBean : Closing JPA EntityManagerFactory for persistence unit 'default'
Hibernate: 
    drop table if exists accreditations cascade 
Hibernate: 
    drop table if exists course_rates cascade 
Hibernate: 
    drop table if exists courses cascade 
Hibernate: 
    drop table if exists program_accreditations cascade 
Hibernate: 
    drop table if exists program_rates cascade 
Hibernate: 
    drop table if exists programs cascade 
Hibernate: 
    drop table if exists roles cascade 
Hibernate: 
    drop table if exists school_rates cascade 
Hibernate: 
    drop table if exists schools cascade 
Hibernate: 
    drop table if exists users cascade 
2026-03-08T01:10:10.683Z  INFO 212 --- [           main] com.zaxxer.hikari.HikariDataSource       : HikariPool-10 - Shutdown initiated...
2026-03-08T01:10:10.685Z  INFO 212 --- [           main] com.zaxxer.hikari.HikariDataSource       : HikariPool-10 - Shutdown completed.
]]></system-out>
  </testcase>
  <testcase name="testThatCreateCourseWithProgramReturnsHttpStatus201" classname="com.bowe.meetstudent.integration.controllers.CourseControllerIT" time="0.045">
    <system-out><![CDATA[2026-03-08T01:10:10.688Z  INFO 212 --- [           main] o.s.b.d.r.RestartApplicationListener     : Restart disabled due to context in which it is running

  .   ____          _            __ _ _
 /\\ / ___'_ __ _ _(_)_ __  __ _ \ \ \ \
( ( )\___ | '_ | '_| | '_ \/ _` | \ \ \ \
 \\/  ___)| |_)| | | | | || (_| |  ) ) ) )
  '  |____| .__|_| |_|_| |_\__, | / / / /
 =========|_|==============|___/=/_/_/_/

 :: Spring Boot ::                (v3.4.7)

2026-03-08T01:10:10.710Z  INFO 212 --- [           main] c.b.m.i.controllers.CourseControllerIT   : Starting CourseControllerIT using Java 21.0.10 with PID 212 (started by root in /app)
2026-03-08T01:10:10.710Z  INFO 212 --- [           main] c.b.m.i.controllers.CourseControllerIT   : The following 1 profile is active: "test"
2026-03-08T01:10:11.097Z  INFO 212 --- [           main] .s.d.r.c.RepositoryConfigurationDelegate : Bootstrapping Spring Data JPA repositories in DEFAULT mode.
2026-03-08T01:10:11.157Z  INFO 212 --- [           main] .s.d.r.c.RepositoryConfigurationDelegate : Finished Spring Data repository scanning in 58 ms. Found 10 JPA repository interfaces.
2026-03-08T01:10:11.244Z  INFO 212 --- [           main] o.hibernate.jpa.internal.util.LogHelper  : HHH000204: Processing PersistenceUnitInfo [name: default]
2026-03-08T01:10:11.247Z  INFO 212 --- [           main] o.h.c.internal.RegionFactoryInitiator    : HHH000026: Second-level cache disabled
2026-03-08T01:10:11.257Z  INFO 212 --- [           main] o.s.o.j.p.SpringPersistenceUnitInfo      : No LoadTimeWeaver setup: ignoring JPA class transformer
2026-03-08T01:10:11.258Z  INFO 212 --- [           main] com.zaxxer.hikari.HikariDataSource       : HikariPool-11 - Starting...
2026-03-08T01:10:11.260Z  INFO 212 --- [           main] com.zaxxer.hikari.pool.HikariPool        : HikariPool-11 - Added connection conn100: url=jdbc:h2:mem:testdb user=SA
2026-03-08T01:10:11.260Z  INFO 212 --- [           main] com.zaxxer.hikari.HikariDataSource       : HikariPool-11 - Start completed.
2026-03-08T01:10:11.260Z  WARN 212 --- [           main] org.hibernate.orm.deprecation            : HHH90000025: H2Dialect does not need to be specified explicitly using 'hibernate.dialect' (remove the property setting and it will be selected by default)
2026-03-08T01:10:11.261Z  INFO 212 --- [           main] org.hibernate.orm.connections.pooling    : HHH10001005: Database info:
	Database JDBC URL [Connecting through datasource 'HikariDataSource (HikariPool-11)']
	Database driver: undefined/unknown
	Database version: 2.3.232
	Autocommit mode: undefined/unknown
	Isolation level: undefined/unknown
	Minimum pool size: undefined/unknown
	Maximum pool size: undefined/unknown
2026-03-08T01:10:11.353Z  INFO 212 --- [           main] o.h.e.t.j.p.i.JtaPlatformInitiator       : HHH000489: No JTA platform available (set 'hibernate.transaction.jta.platform' to enable JTA platform integration)
Hibernate: 
    drop table if exists accreditations cascade 
Hibernate: 
    drop table if exists course_rates cascade 
Hibernate: 
    drop table if exists courses cascade 
Hibernate: 
    drop table if exists program_accreditations cascade 
Hibernate: 
    drop table if exists program_rates cascade 
Hibernate: 
    drop table if exists programs cascade 
Hibernate: 
    drop table if exists roles cascade 
Hibernate: 
    drop table if exists school_rates cascade 
Hibernate: 
    drop table if exists schools cascade 
Hibernate: 
    drop table if exists users cascade 
Hibernate: 
    create table accreditations (
        created_by integer,
        id integer generated by default as identity,
        modified_by integer,
        code varchar(5) unique,
        created_at timestamp(6),
        modified_at timestamp(6),
        name varchar(50),
        description varchar(255),
        primary key (id)
    )
Hibernate: 
    create table course_rates (
        course_id integer,
        created_by integer,
        id integer generated by default as identity,
        modified_by integer,
        note float(53),
        user_id integer,
        created_at timestamp(6),
        modified_at timestamp(6),
        comment varchar(150),
        primary key (id)
    )
Hibernate: 
    create table courses (
        created_by integer,
        id integer generated by default as identity,
        modified_by integer,
        program_id integer,
        code varchar(5) unique,
        created_at timestamp(6),
        modified_at timestamp(6),
        name varchar(50),
        photo_url varchar(255),
        primary key (id)
    )
Hibernate: 
    create table program_accreditations (
        accreditation_id integer not null,
        ends integer,
        program_id integer not null,
        starts integer,
        primary key (accreditation_id, program_id)
    )
Hibernate: 
    create table program_rates (
        created_by integer,
        id integer generated by default as identity,
        modified_by integer,
        note float(53),
        program_id integer,
        user_id integer,
        created_at timestamp(6),
        modified_at timestamp(6),
        comment varchar(150),
        primary key (id)
    )
Hibernate: 
    create table programs (
        created_by integer,
        duration integer,
        id integer generated by default as identity,
        modified_by integer,
        school_id integer,
        code varchar(5) unique,
        created_at timestamp(6),
        modified_at timestamp(6),
        name varchar(50),
        photo_url varchar(255),
        primary key (id)
    )
Hibernate: 
    create table roles (
        id integer generated by default as identity,
        description varchar(255),
        name varchar(255) not null,
        primary key (id)
    )
Hibernate: 
    create table school_rates (
        created_by integer,
        id integer generated by default as identity,
        modified_by integer,
        note float(53),
        school_id integer,
        user_id integer,
        created_at timestamp(6),
        modified_at timestamp(6),
        comment varchar(150),
        primary key (id)
    )
Hibernate: 
    create table schools (
        created_by integer,
        id integer generated by default as identity,
        modified_by integer,
        code varchar(5) unique,
        created_at timestamp(6),
        creation timestamp(6),
        modified_at timestamp(6),
        name varchar(50),
        city varchar(255),
        country varchar(255),
        cover_photo_url varchar(255),
        location varchar(255),
        logo_url varchar(255),
        primary key (id)
    )
Hibernate: 
    create table users (
        created_by integer,
        id integer generated by default as identity,
        modified_by integer,
        role_id integer,
        birthday timestamp(6),
        created_at timestamp(6),
        modified_at timestamp(6),
        lastname varchar(50),
        firstname varchar(100),
        qualification varchar(100),
        email varchar(255) unique,
        password varchar(255),
        diplomas varchar(255) array,
        primary key (id)
    )
Hibernate: 
    alter table if exists course_rates 
       add constraint FKksvr0lhog8yc0c290g45g1dgt 
       foreign key (user_id) 
       references users
Hibernate: 
    alter table if exists course_rates 
       add constraint FKoh9pgu36xpti0nacl6kd7gixq 
       foreign key (course_id) 
       references courses
Hibernate: 
    alter table if exists courses 
       add constraint FKh9mmrmahf9iy4yoqdv41vbxjm 
       foreign key (program_id) 
       references programs
Hibernate: 
    alter table if exists program_accreditations 
       add constraint FKta2fyyepp896b9kobbm3r9l68 
       foreign key (accreditation_id) 
       references accreditations
Hibernate: 
    alter table if exists program_accreditations 
       add constraint FKduj7tgc3qolx3gl0e58kng3gk 
       foreign key (program_id) 
       references programs
Hibernate: 
    alter table if exists program_rates 
       add constraint FKpjp2eoo0vb8m2kwdoapbts8dp 
       foreign key (user_id) 
       references users
Hibernate: 
    alter table if exists program_rates 
       add constraint FKdgfanki87hpybt3hdu45sdfwv 
       foreign key (program_id) 
       references programs
Hibernate: 
    alter table if exists programs 
       add constraint FK788wl7mf99opq8oqiu24rs9ai 
       foreign key (school_id) 
       references schools
Hibernate: 
    alter table if exists school_rates 
       add constraint FKp7w8oabr98qd5u59o2qhtqq4q 
       foreign key (user_id) 
       references users
Hibernate: 
    alter table if exists school_rates 
       add constraint FKmo7jk9ahayd7wy6eo4slrk4fq 
       foreign key (school_id) 
       references schools
Hibernate: 
    alter table if exists users 
       add constraint FKp56c1712k691lhsyewcssf40f 
       foreign key (role_id) 
       references roles
2026-03-08T01:10:11.365Z  INFO 212 --- [           main] j.LocalContainerEntityManagerFactoryBean : Initialized JPA EntityManagerFactory for persistence unit 'default'
2026-03-08T01:10:11.434Z  WARN 212 --- [           main] JpaBaseConfiguration$JpaWebConfiguration : spring.jpa.open-in-view is enabled by default. Therefore, database queries may be performed during view rendering. Explicitly configure spring.jpa.open-in-view to disable this warning
2026-03-08T01:10:11.441Z  INFO 212 --- [           main] r$InitializeUserDetailsManagerConfigurer : Global AuthenticationManager configured with UserDetailsService bean with name customUserDetailsService
2026-03-08T01:10:11.603Z  INFO 212 --- [           main] o.s.b.a.e.web.EndpointLinksResolver      : Exposing 1 endpoint beneath base path '/actuator'
2026-03-08T01:10:11.617Z  WARN 212 --- [           main] o.s.s.c.a.web.builders.WebSecurity       : You are asking Spring Security to ignore Deferred [Mvc [pattern='/swagger-ui/**'], Ant [pattern='/swagger-ui/**']]. This is not recommended -- please use permitAll via HttpSecurity#authorizeHttpRequests instead.
2026-03-08T01:10:11.617Z  WARN 212 --- [           main] o.s.s.c.a.web.builders.WebSecurity       : You are asking Spring Security to ignore Deferred [Mvc [pattern='/v3/api-docs/**'], Ant [pattern='/v3/api-docs/**']]. This is not recommended -- please use permitAll via HttpSecurity#authorizeHttpRequests instead.
2026-03-08T01:10:11.617Z  WARN 212 --- [           main] o.s.s.c.a.web.builders.WebSecurity       : You are asking Spring Security to ignore Deferred [Mvc [pattern='/swagger-ui.html'], Ant [pattern='/swagger-ui.html']]. This is not recommended -- please use permitAll via HttpSecurity#authorizeHttpRequests instead.
2026-03-08T01:10:11.617Z  WARN 212 --- [           main] o.s.s.c.a.web.builders.WebSecurity       : You are asking Spring Security to ignore Deferred [Mvc [pattern='/api-docs/**'], Ant [pattern='/api-docs/**']]. This is not recommended -- please use permitAll via HttpSecurity#authorizeHttpRequests instead.
2026-03-08T01:10:11.652Z  WARN 212 --- [           main] ion$DefaultTemplateResolverConfiguration : Cannot find template location: classpath:/templates/ (please add some templates, check your Thymeleaf configuration, or set spring.thymeleaf.check-template-location=false)
2026-03-08T01:10:11.709Z  INFO 212 --- [           main] o.s.b.t.m.w.SpringBootMockServletContext : Initializing Spring TestDispatcherServlet ''
2026-03-08T01:10:11.709Z  INFO 212 --- [           main] o.s.t.web.servlet.TestDispatcherServlet  : Initializing Servlet ''
2026-03-08T01:10:11.710Z  INFO 212 --- [           main] o.s.t.web.servlet.TestDispatcherServlet  : Completed initialization in 1 ms
2026-03-08T01:10:11.717Z  INFO 212 --- [           main] c.b.m.i.controllers.CourseControllerIT   : Started CourseControllerIT in 1.03 seconds (process running for 25.841)
2026-03-08T01:10:11.718Z  WARN 212 --- [           main] o.s.core.events.SpringDocAppInitializer  : SpringDoc /v3/api-docs endpoint is enabled by default. To disable it in production, set the property 'springdoc.api-docs.enabled=false'
2026-03-08T01:10:11.718Z  WARN 212 --- [           main] o.s.core.events.SpringDocAppInitializer  : SpringDoc /swagger-ui.html endpoint is enabled by default. To disable it in production, set the property 'springdoc.swagger-ui.enabled=false'
Hibernate: 
    insert 
    into
        programs
        (code, created_at, created_by, duration, modified_at, modified_by, name, photo_url, school_id, id) 
    values
        (?, ?, ?, ?, ?, ?, ?, ?, ?, default)
2026-03-08T01:10:11.734Z  WARN 212 --- [           main] o.s.w.s.h.HandlerMappingIntrospector     : Cache miss for REQUEST dispatch to '/api/v1/courses' (previous null). Performing MatchableHandlerMapping lookup. This is logged once only at WARN level, and every time at TRACE.
Hibernate: 
    select
        p1_0.id,
        p1_0.code,
        p1_0.created_at,
        p1_0.created_by,
        p1_0.duration,
        p1_0.modified_at,
        p1_0.modified_by,
        p1_0.name,
        p1_0.photo_url,
        s1_0.id,
        s1_0.city,
        s1_0.country,
        s1_0.location,
        s1_0.code,
        s1_0.cover_photo_url,
        s1_0.created_at,
        s1_0.created_by,
        s1_0.creation,
        s1_0.logo_url,
        s1_0.modified_at,
        s1_0.modified_by,
        s1_0.name 
    from
        programs p1_0 
    left join
        schools s1_0 
            on s1_0.id=p1_0.school_id 
    where
        p1_0.id=?
Hibernate: 
    insert 
    into
        courses
        (code, created_at, created_by, modified_at, modified_by, name, photo_url, program_id, id) 
    values
        (?, ?, ?, ?, ?, ?, ?, ?, default)
2026-03-08T01:10:11.761Z  INFO 212 --- [           main] j.LocalContainerEntityManagerFactoryBean : Closing JPA EntityManagerFactory for persistence unit 'default'
Hibernate: 
    drop table if exists accreditations cascade 
Hibernate: 
    drop table if exists course_rates cascade 
Hibernate: 
    drop table if exists courses cascade 
Hibernate: 
    drop table if exists program_accreditations cascade 
Hibernate: 
    drop table if exists program_rates cascade 
Hibernate: 
    drop table if exists programs cascade 
Hibernate: 
    drop table if exists roles cascade 
Hibernate: 
    drop table if exists school_rates cascade 
Hibernate: 
    drop table if exists schools cascade 
Hibernate: 
    drop table if exists users cascade 
2026-03-08T01:10:11.762Z  INFO 212 --- [           main] com.zaxxer.hikari.HikariDataSource       : HikariPool-11 - Shutdown initiated...
2026-03-08T01:10:11.763Z  INFO 212 --- [           main] com.zaxxer.hikari.HikariDataSource       : HikariPool-11 - Shutdown completed.
]]></system-out>
  </testcase>
</testsuite>