<?xml version="1.0" encoding="UTF-8"?>
<testsuite xmlns:xsi="http://www.w3.org/2001/XMLSchema-instance" xsi:noNamespaceSchemaLocation="https://maven.apache.org/surefire/maven-failsafe-plugin/xsd/failsafe-test-report.xsd" version="3.0.2" name="com.bowe.meetstudent.integration.MeetstudentApplicationIntegrationTests" time="9.661" tests="1" errors="0" skipped="0" failures="0">
  <properties>
[...]
</properties>
  <testcase name="contextLoads" classname="com.bowe.meetstudent.integration.MeetstudentApplicationIntegrationTests" time="0.386">
    <system-out><![CDATA[01:14:07.982 [main] INFO org.springframework.test.context.support.AnnotationConfigContextLoaderUtils -- Could not detect default configuration classes for test class [com.bowe.meetstudent.integration.MeetstudentApplicationIntegrationTests]: MeetstudentApplicationIntegrationTests does not declare any static, non-private, non-final, nested classes annotated with @Configuration.
01:14:08.117 [main] INFO org.springframework.boot.test.context.SpringBootTestContextBootstrapper -- Found @SpringBootConfiguration com.bowe.meetstudent.MeetstudentApplication for test class com.bowe.meetstudent.integration.MeetstudentApplicationIntegrationTests
01:14:08.301 [main] INFO org.springframework.boot.devtools.restart.RestartApplicationListener -- Restart disabled due to context in which it is running

  .   ____          _            __ _ _
 /\\ / ___'_ __ _ _(_)_ __  __ _ \ \ \ \
( ( )\___ | '_ | '_| | '_ \/ _` | \ \ \ \
 \\/  ___)| |_)| | | | | || (_| |  ) ) ) )
  '  |____| .__|_| |_|_| |_\__, | / / / /
 =========|_|==============|___/=/_/_/_/

 :: Spring Boot ::                (v3.4.7)

2026-03-08T01:14:08.621Z  INFO 212 --- [           main] i.MeetstudentApplicationIntegrationTests : Starting MeetstudentApplicationIntegrationTests using Java 21.0.10 with PID 212 (started by root in /app)
2026-03-08T01:14:08.622Z  INFO 212 --- [           main] i.MeetstudentApplicationIntegrationTests : The following 1 profile is active: "test"
2026-03-08T01:14:10.396Z  INFO 212 --- [           main] .s.d.r.c.RepositoryConfigurationDelegate : Bootstrapping Spring Data JPA repositories in DEFAULT mode.
2026-03-08T01:14:10.605Z  INFO 212 --- [           main] .s.d.r.c.RepositoryConfigurationDelegate : Finished Spring Data repository scanning in 193 ms. Found 10 JPA repository interfaces.
2026-03-08T01:14:11.383Z  INFO 212 --- [           main] o.hibernate.jpa.internal.util.LogHelper  : HHH000204: Processing PersistenceUnitInfo [name: default]
2026-03-08T01:14:11.501Z  INFO 212 --- [           main] org.hibernate.Version                    : HHH000412: Hibernate ORM core version 6.6.18.Final
2026-03-08T01:14:11.593Z  INFO 212 --- [           main] o.h.c.internal.RegionFactoryInitiator    : HHH000026: Second-level cache disabled
2026-03-08T01:14:12.091Z  INFO 212 --- [           main] o.s.o.j.p.SpringPersistenceUnitInfo      : No LoadTimeWeaver setup: ignoring JPA class transformer
2026-03-08T01:14:12.118Z  INFO 212 --- [           main] com.zaxxer.hikari.HikariDataSource       : HikariPool-1 - Starting...
2026-03-08T01:14:12.296Z  INFO 212 --- [           main] com.zaxxer.hikari.pool.HikariPool        : HikariPool-1 - Added connection conn0: url=jdbc:h2:mem:testdb user=SA
2026-03-08T01:14:12.297Z  INFO 212 --- [           main] com.zaxxer.hikari.HikariDataSource       : HikariPool-1 - Start completed.
2026-03-08T01:14:12.325Z  WARN 212 --- [           main] org.hibernate.orm.deprecation            : HHH90000025: H2Dialect does not need to be specified explicitly using 'hibernate.dialect' (remove the property setting and it will be selected by default)
2026-03-08T01:14:12.346Z  INFO 212 --- [           main] org.hibernate.orm.connections.pooling    : HHH10001005: Database info:
	Database JDBC URL [Connecting through datasource 'HikariDataSource (HikariPool-1)']
	Database driver: undefined/unknown
	Database version: 2.3.232
	Autocommit mode: undefined/unknown
	Isolation level: undefined/unknown
	Minimum pool size: undefined/unknown
	Maximum pool size: undefined/unknown
2026-03-08T01:14:13.694Z  INFO 212 --- [           main] o.h.e.t.j.p.i.JtaPlatformInitiator       : HHH000489: No JTA platform available (set 'hibernate.transaction.jta.platform' to enable JTA platform integration)
Hibernate: 
    drop table if exists accreditations cascade 
Hibernate: 
    drop table if exists course_rates cascade 
Hibernate: 
    drop table if exists courses cascade 
Hibernate: 
    drop table if exists program_accreditations cascade 
Hibernate: 
    drop table if exists program_rates cascade 
Hibernate: 
    drop table if exists programs cascade 
Hibernate: 
    drop table if exists roles cascade 
Hibernate: 
    drop table if exists school_rates cascade 
Hibernate: 
    drop table if exists schools cascade 
Hibernate: 
    drop table if exists users cascade 
Hibernate: 
    create table accreditations (
        created_by integer,
        id integer generated by default as identity,
        modified_by integer,
        code varchar(5) unique,
        created_at timestamp(6),
        modified_at timestamp(6),
        name varchar(50),
        description varchar(255),
        primary key (id)
    )
Hibernate: 
    create table course_rates (
        course_id integer,
        created_by integer,
        id integer generated by default as identity,
        modified_by integer,
        note float(53),
        user_id integer,
        created_at timestamp(6),
        modified_at timestamp(6),
        comment varchar(150),
        primary key (id)
    )
Hibernate: 
    create table courses (
        created_by integer,
        id integer generated by default as identity,
        modified_by integer,
        program_id integer,
        code varchar(5) unique,
        created_at timestamp(6),
        modified_at timestamp(6),
        name varchar(50),
        photo_url varchar(255),
        primary key (id)
    )
Hibernate: 
    create table program_accreditations (
        accreditation_id integer not null,
        ends integer,
        program_id integer not null,
        starts integer,
        primary key (accreditation_id, program_id)
    )
Hibernate: 
    create table program_rates (
        created_by integer,
        id integer generated by default as identity,
        modified_by integer,
        note float(53),
        program_id integer,
        user_id integer,
        created_at timestamp(6),
        modified_at timestamp(6),
        comment varchar(150),
        primary key (id)
    )
Hibernate: 
    create table programs (
        created_by integer,
        duration integer,
        id integer generated by default as identity,
        modified_by integer,
        school_id integer,
        code varchar(5) unique,
        created_at timestamp(6),
        modified_at timestamp(6),
        name varchar(50),
        photo_url varchar(255),
        primary key (id)
    )
Hibernate: 
    create table roles (
        id integer generated by default as identity,
        description varchar(255),
        name varchar(255) not null,
        primary key (id)
    )
Hibernate: 
    create table school_rates (
        created_by integer,
        id integer generated by default as identity,
        modified_by integer,
        note float(53),
        school_id integer,
        user_id integer,
        created_at timestamp(6),
        modified_at timestamp(6),
        comment varchar(150),
        primary key (id)
    )
Hibernate: 
    create table schools (
        created_by integer,
        id integer generated by default as identity,
        modified_by integer,
        code varchar(5) unique,
        created_at timestamp(6),
        creation timestamp(6),
        modified_at timestamp(6),
        name varchar(50),
        city varchar(255),
        country varchar(255),
        cover_photo_url varchar(255),
        location varchar(255),
        logo_url varchar(255),
        primary key (id)
    )
Hibernate: 
    create table users (
        created_by integer,
        id integer generated by default as identity,
        modified_by integer,
        role_id integer,
        birthday timestamp(6),
        created_at timestamp(6),
        modified_at timestamp(6),
        lastname varchar(50),
        firstname varchar(100),
        qualification varchar(100),
        email varchar(255) unique,
        password varchar(255),
        diplomas varchar(255) array,
        primary key (id)
    )
Hibernate: 
    alter table if exists course_rates 
       add constraint FKksvr0lhog8yc0c290g45g1dgt 
       foreign key (user_id) 
       references users
Hibernate: 
    alter table if exists course_rates 
       add constraint FKoh9pgu36xpti0nacl6kd7gixq 
       foreign key (course_id) 
       references courses
Hibernate: 
    alter table if exists courses 
       add constraint FKh9mmrmahf9iy4yoqdv41vbxjm 
       foreign key (program_id) 
       references programs
Hibernate: 
    alter table if exists program_accreditations 
       add constraint FKta2fyyepp896b9kobbm3r9l68 
       foreign key (accreditation_id) 
       references accreditations
Hibernate: 
    alter table if exists program_accreditations 
       add constraint FKduj7tgc3qolx3gl0e58kng3gk 
       foreign key (program_id) 
       references programs
Hibernate: 
    alter table if exists program_rates 
       add constraint FKpjp2eoo0vb8m2kwdoapbts8dp 
       foreign key (user_id) 
       references users
Hibernate: 
    alter table if exists program_rates 
       add constraint FKdgfanki87hpybt3hdu45sdfwv 
       foreign key (program_id) 
       references programs
Hibernate: 
    alter table if exists programs 
       add constraint FK788wl7mf99opq8oqiu24rs9ai 
       foreign key (school_id) 
       references schools
Hibernate: 
    alter table if exists school_rates 
       add constraint FKp7w8oabr98qd5u59o2qhtqq4q 
       foreign key (user_id) 
       references users
Hibernate: 
    alter table if exists school_rates 
       add constraint FKmo7jk9ahayd7wy6eo4slrk4fq 
       foreign key (school_id) 
       references schools
Hibernate: 
    alter table if exists users 
       add constraint FKp56c1712k691lhsyewcssf40f 
       foreign key (role_id) 
       references roles
2026-03-08T01:14:13.758Z  INFO 212 --- [           main] j.LocalContainerEntityManagerFactoryBean : Initialized JPA EntityManagerFactory for persistence unit 'default'
2026-03-08T01:14:14.508Z  WARN 212 --- [           main] JpaBaseConfiguration$JpaWebConfiguration : spring.jpa.open-in-view is enabled by default. Therefore, database queries may be performed during view rendering. Explicitly configure spring.jpa.open-in-view to disable this warning
2026-03-08T01:14:14.553Z  INFO 212 --- [           main] r$InitializeUserDetailsManagerConfigurer : Global AuthenticationManager configured with UserDetailsService bean with name customUserDetailsService
2026-03-08T01:14:14.695Z  INFO 212 --- [           main] o.s.d.j.r.query.QueryEnhancerFactory     : Hibernate is in classpath; If applicable, HQL parser will be used.
2026-03-08T01:14:16.105Z  INFO 212 --- [           main] o.s.b.a.e.web.EndpointLinksResolver      : Exposing 1 endpoint beneath base path '/actuator'
2026-03-08T01:14:16.194Z  WARN 212 --- [           main] o.s.s.c.a.web.builders.WebSecurity       : You are asking Spring Security to ignore Deferred [Mvc [pattern='/swagger-ui/**'], Ant [pattern='/swagger-ui/**']]. This is not recommended -- please use permitAll via HttpSecurity#authorizeHttpRequests instead.
2026-03-08T01:14:16.194Z  WARN 212 --- [           main] o.s.s.c.a.web.builders.WebSecurity       : You are asking Spring Security to ignore Deferred [Mvc [pattern='/v3/api-docs/**'], Ant [pattern='/v3/api-docs/**']]. This is not recommended -- please use permitAll via HttpSecurity#authorizeHttpRequests instead.
2026-03-08T01:14:16.194Z  WARN 212 --- [           main] o.s.s.c.a.web.builders.WebSecurity       : You are asking Spring Security to ignore Deferred [Mvc [pattern='/swagger-ui.html'], Ant [pattern='/swagger-ui.html']]. This is not recommended -- please use permitAll via HttpSecurity#authorizeHttpRequests instead.
2026-03-08T01:14:16.194Z  WARN 212 --- [           main] o.s.s.c.a.web.builders.WebSecurity       : You are asking Spring Security to ignore Deferred [Mvc [pattern='/api-docs/**'], Ant [pattern='/api-docs/**']]. This is not recommended -- please use permitAll via HttpSecurity#authorizeHttpRequests instead.
2026-03-08T01:14:16.534Z  WARN 212 --- [           main] ion$DefaultTemplateResolverConfiguration : Cannot find template location: classpath:/templates/ (please add some templates, check your Thymeleaf configuration, or set spring.thymeleaf.check-template-location=false)
2026-03-08T01:14:16.873Z  INFO 212 --- [           main] i.MeetstudentApplicationIntegrationTests : Started MeetstudentApplicationIntegrationTests in 8.588 seconds (process running for 9.739)
2026-03-08T01:14:16.926Z  WARN 212 --- [           main] o.s.core.events.SpringDocAppInitializer  : SpringDoc /v3/api-docs endpoint is enabled by default. To disable it in production, set the property 'springdoc.api-docs.enabled=false'
2026-03-08T01:14:16.926Z  WARN 212 --- [           main] o.s.core.events.SpringDocAppInitializer  : SpringDoc /swagger-ui.html endpoint is enabled by default. To disable it in production, set the property 'springdoc.swagger-ui.enabled=false'
]]></system-out>
    <system-err><![CDATA[Mockito is currently self-attaching to enable the inline-mock-maker. This will no longer work in future releases of the JDK. Please add Mockito as an agent to your build what is described in Mockito's documentation: https://javadoc.io/doc/org.mockito/mockito-core/latest/org/mockito/Mockito.html#0.3
WARNING: A Java agent has been loaded dynamically (/root/.m2/repository/net/bytebuddy/byte-buddy-agent/1.15.11/byte-buddy-agent-1.15.11.jar)
WARNING: If a serviceability tool is in use, please run with -XX:+EnableDynamicAgentLoading to hide this warning
WARNING: If a serviceability tool is not in use, please run with -Djdk.instrument.traceUsage for more information
WARNING: Dynamic loading of agents will be disallowed by default in a future release
]]></system-err>
  </testcase>
</testsuite>