<?xml version="1.0" encoding="UTF-8"?>
<testsuite xmlns:xsi="http://www.w3.org/2001/XMLSchema-instance" xsi:noNamespaceSchemaLocation="https://maven.apache.org/surefire/maven-failsafe-plugin/xsd/failsafe-test-report.xsd" version="3.0.2" name="com.bowe.meetstudent.integration.controllers.CourseControllerIntegrationTests" time="4.761" tests="5" errors="0" skipped="0" failures="0">
  <properties>
[...]
</properties>
  <testcase name="testThatGetAllCoursesReturnsAListOfCourses" classname="com.bowe.meetstudent.integration.controllers.CourseControllerIntegrationTests" time="0.026">
    <system-out><![CDATA[2026-03-08T01:14:40.872Z  INFO 212 --- [           main] t.c.s.AnnotationConfigContextLoaderUtils : Could not detect default configuration classes for test class [com.bowe.meetstudent.integration.controllers.CourseControllerIntegrationTests]: CourseControllerIntegrationTests does not declare any static, non-private, non-final, nested classes annotated with @Configuration.
2026-03-08T01:14:40.873Z  INFO 212 --- [           main] .b.t.c.SpringBootTestContextBootstrapper : Found @SpringBootConfiguration com.bowe.meetstudent.MeetstudentApplication for test class com.bowe.meetstudent.integration.controllers.CourseControllerIntegrationTests
2026-03-08T01:14:40.877Z  INFO 212 --- [           main] o.s.b.d.r.RestartApplicationListener     : Restart disabled due to context in which it is running

  .   ____          _            __ _ _
 /\\ / ___'_ __ _ _(_)_ __  __ _ \ \ \ \
( ( )\___ | '_ | '_| | '_ \/ _` | \ \ \ \
 \\/  ___)| |_)| | | | | || (_| |  ) ) ) )
  '  |____| .__|_| |_|_| |_\__, | / / / /
 =========|_|==============|___/=/_/_/_/

 :: Spring Boot ::                (v3.4.7)

2026-03-08T01:14:40.900Z  INFO 212 --- [           main] b.m.i.c.CourseControllerIntegrationTests : Starting CourseControllerIntegrationTests using Java 21.0.10 with PID 212 (started by root in /app)
2026-03-08T01:14:40.900Z  INFO 212 --- [           main] b.m.i.c.CourseControllerIntegrationTests : The following 1 profile is active: "test"
2026-03-08T01:14:41.232Z  INFO 212 --- [           main] .s.d.r.c.RepositoryConfigurationDelegate : Bootstrapping Spring Data JPA repositories in DEFAULT mode.
2026-03-08T01:14:41.292Z  INFO 212 --- [           main] .s.d.r.c.RepositoryConfigurationDelegate : Finished Spring Data repository scanning in 58 ms. Found 10 JPA repository interfaces.
2026-03-08T01:14:41.338Z  INFO 212 --- [           main] o.hibernate.jpa.internal.util.LogHelper  : HHH000204: Processing PersistenceUnitInfo [name: default]
2026-03-08T01:14:41.341Z  INFO 212 --- [           main] o.h.c.internal.RegionFactoryInitiator    : HHH000026: Second-level cache disabled
2026-03-08T01:14:41.348Z  INFO 212 --- [           main] o.s.o.j.p.SpringPersistenceUnitInfo      : No LoadTimeWeaver setup: ignoring JPA class transformer
2026-03-08T01:14:41.348Z  INFO 212 --- [           main] com.zaxxer.hikari.HikariDataSource       : HikariPool-23 - Starting...
2026-03-08T01:14:41.349Z  INFO 212 --- [           main] com.zaxxer.hikari.pool.HikariPool        : HikariPool-23 - Added connection conn220: url=jdbc:h2:mem:testdb user=SA
2026-03-08T01:14:41.349Z  INFO 212 --- [           main] com.zaxxer.hikari.HikariDataSource       : HikariPool-23 - Start completed.
2026-03-08T01:14:41.349Z  WARN 212 --- [           main] org.hibernate.orm.deprecation            : HHH90000025: H2Dialect does not need to be specified explicitly using 'hibernate.dialect' (remove the property setting and it will be selected by default)
2026-03-08T01:14:41.349Z  INFO 212 --- [           main] org.hibernate.orm.connections.pooling    : HHH10001005: Database info:
	Database JDBC URL [Connecting through datasource 'HikariDataSource (HikariPool-23)']
	Database driver: undefined/unknown
	Database version: 2.3.232
	Autocommit mode: undefined/unknown
	Isolation level: undefined/unknown
	Minimum pool size: undefined/unknown
	Maximum pool size: undefined/unknown
2026-03-08T01:14:41.426Z  INFO 212 --- [           main] o.h.e.t.j.p.i.JtaPlatformInitiator       : HHH000489: No JTA platform available (set 'hibernate.transaction.jta.platform' to enable JTA platform integration)
Hibernate: 
    drop table if exists accreditations cascade 
Hibernate: 
    drop table if exists course_rates cascade 
Hibernate: 
    drop table if exists courses cascade 
Hibernate: 
    drop table if exists program_accreditations cascade 
Hibernate: 
    drop table if exists program_rates cascade 
Hibernate: 
    drop table if exists programs cascade 
Hibernate: 
    drop table if exists roles cascade 
Hibernate: 
    drop table if exists school_rates cascade 
Hibernate: 
    drop table if exists schools cascade 
Hibernate: 
    drop table if exists users cascade 
Hibernate: 
    create table accreditations (
        created_by integer,
        id integer generated by default as identity,
        modified_by integer,
        code varchar(5) unique,
        created_at timestamp(6),
        modified_at timestamp(6),
        name varchar(50),
        description varchar(255),
        primary key (id)
    )
Hibernate: 
    create table course_rates (
        course_id integer,
        created_by integer,
        id integer generated by default as identity,
        modified_by integer,
        note float(53),
        user_id integer,
        created_at timestamp(6),
        modified_at timestamp(6),
        comment varchar(150),
        primary key (id)
    )
Hibernate: 
    create table courses (
        created_by integer,
        id integer generated by default as identity,
        modified_by integer,
        program_id integer,
        code varchar(5) unique,
        created_at timestamp(6),
        modified_at timestamp(6),
        name varchar(50),
        photo_url varchar(255),
        primary key (id)
    )
Hibernate: 
    create table program_accreditations (
        accreditation_id integer not null,
        ends integer,
        program_id integer not null,
        starts integer,
        primary key (accreditation_id, program_id)
    )
Hibernate: 
    create table program_rates (
        created_by integer,
        id integer generated by default as identity,
        modified_by integer,
        note float(53),
        program_id integer,
        user_id integer,
        created_at timestamp(6),
        modified_at timestamp(6),
        comment varchar(150),
        primary key (id)
    )
Hibernate: 
    create table programs (
        created_by integer,
        duration integer,
        id integer generated by default as identity,
        modified_by integer,
        school_id integer,
        code varchar(5) unique,
        created_at timestamp(6),
        modified_at timestamp(6),
        name varchar(50),
        photo_url varchar(255),
        primary key (id)
    )
Hibernate: 
    create table roles (
        id integer generated by default as identity,
        description varchar(255),
        name varchar(255) not null,
        primary key (id)
    )
Hibernate: 
    create table school_rates (
        created_by integer,
        id integer generated by default as identity,
        modified_by integer,
        note float(53),
        school_id integer,
        user_id integer,
        created_at timestamp(6),
        modified_at timestamp(6),
        comment varchar(150),
        primary key (id)
    )
Hibernate: 
    create table schools (
        created_by integer,
        id integer generated by default as identity,
        modified_by integer,
        code varchar(5) unique,
        created_at timestamp(6),
        creation timestamp(6),
        modified_at timestamp(6),
        name varchar(50),
        city varchar(255),
        country varchar(255),
        cover_photo_url varchar(255),
        location varchar(255),
        logo_url varchar(255),
        primary key (id)
    )
Hibernate: 
    create table users (
        created_by integer,
        id integer generated by default as identity,
        modified_by integer,
        role_id integer,
        birthday timestamp(6),
        created_at timestamp(6),
        modified_at timestamp(6),
        lastname varchar(50),
        firstname varchar(100),
        qualification varchar(100),
        email varchar(255) unique,
        password varchar(255),
        diplomas varchar(255) array,
        primary key (id)
    )
Hibernate: 
    alter table if exists course_rates 
       add constraint FKksvr0lhog8yc0c290g45g1dgt 
       foreign key (user_id) 
       references users
Hibernate: 
    alter table if exists course_rates 
       add constraint FKoh9pgu36xpti0nacl6kd7gixq 
       foreign key (course_id) 
       references courses
Hibernate: 
    alter table if exists courses 
       add constraint FKh9mmrmahf9iy4yoqdv41vbxjm 
       foreign key (program_id) 
       references programs
Hibernate: 
    alter table if exists program_accreditations 
       add constraint FKta2fyyepp896b9kobbm3r9l68 
       foreign key (accreditation_id) 
       references accreditations
Hibernate: 
    alter table if exists program_accreditations 
       add constraint FKduj7tgc3qolx3gl0e58kng3gk 
       foreign key (program_id) 
       references programs
Hibernate: 
    alter table if exists program_rates 
       add constraint FKpjp2eoo0vb8m2kwdoapbts8dp 
       foreign key (user_id) 
       references users
Hibernate: 
    alter table if exists program_rates 
       add constraint FKdgfanki87hpybt3hdu45sdfwv 
       foreign key (program_id) 
       references programs
Hibernate: 
    alter table if exists programs 
       add constraint FK788wl7mf99opq8oqiu24rs9ai 
       foreign key (school_id) 
       references schools
Hibernate: 
    alter table if exists school_rates 
       add constraint FKp7w8oabr98qd5u59o2qhtqq4q 
       foreign key (user_id) 
       references users
Hibernate: 
    alter table if exists school_rates 
       add constraint FKmo7jk9ahayd7wy6eo4slrk4fq 
       foreign key (school_id) 
       references schools
Hibernate: 
    alter table if exists users 
       add constraint FKp56c1712k691lhsyewcssf40f 
       foreign key (role_id) 
       references roles
2026-03-08T01:14:41.434Z  INFO 212 --- [           main] j.LocalContainerEntityManagerFactoryBean : Initialized JPA EntityManagerFactory for persistence unit 'default'
2026-03-08T01:14:41.485Z  WARN 212 --- [           main] JpaBaseConfiguration$JpaWebConfiguration : spring.jpa.open-in-view is enabled by default. Therefore, database queries may be performed during view rendering. Explicitly configure spring.jpa.open-in-view to disable this warning
2026-03-08T01:14:41.495Z  INFO 212 --- [           main] r$InitializeUserDetailsManagerConfigurer : Global AuthenticationManager configured with UserDetailsService bean with name customUserDetailsService
2026-03-08T01:14:41.651Z  INFO 212 --- [           main] o.s.b.a.e.web.EndpointLinksResolver      : Exposing 1 endpoint beneath base path '/actuator'
2026-03-08T01:14:41.662Z  WARN 212 --- [           main] o.s.s.c.a.web.builders.WebSecurity       : You are asking Spring Security to ignore Deferred [Mvc [pattern='/swagger-ui/**'], Ant [pattern='/swagger-ui/**']]. This is not recommended -- please use permitAll via HttpSecurity#authorizeHttpRequests instead.
2026-03-08T01:14:41.662Z  WARN 212 --- [           main] o.s.s.c.a.web.builders.WebSecurity       : You are asking Spring Security to ignore Deferred [Mvc [pattern='/v3/api-docs/**'], Ant [pattern='/v3/api-docs/**']]. This is not recommended -- please use permitAll via HttpSecurity#authorizeHttpRequests instead.
2026-03-08T01:14:41.662Z  WARN 212 --- [           main] o.s.s.c.a.web.builders.WebSecurity       : You are asking Spring Security to ignore Deferred [Mvc [pattern='/swagger-ui.html'], Ant [pattern='/swagger-ui.html']]. This is not recommended -- please use permitAll via HttpSecurity#authorizeHttpRequests instead.
2026-03-08T01:14:41.662Z  WARN 212 --- [           main] o.s.s.c.a.web.builders.WebSecurity       : You are asking Spring Security to ignore Deferred [Mvc [pattern='/api-docs/**'], Ant [pattern='/api-docs/**']]. This is not recommended -- please use permitAll via HttpSecurity#authorizeHttpRequests instead.
2026-03-08T01:14:41.696Z  WARN 212 --- [           main] ion$DefaultTemplateResolverConfiguration : Cannot find template location: classpath:/templates/ (please add some templates, check your Thymeleaf configuration, or set spring.thymeleaf.check-template-location=false)
2026-03-08T01:14:41.762Z  INFO 212 --- [           main] o.s.b.t.m.w.SpringBootMockServletContext : Initializing Spring TestDispatcherServlet ''
2026-03-08T01:14:41.762Z  INFO 212 --- [           main] o.s.t.web.servlet.TestDispatcherServlet  : Initializing Servlet ''
2026-03-08T01:14:41.762Z  INFO 212 --- [           main] o.s.t.web.servlet.TestDispatcherServlet  : Completed initialization in 0 ms
2026-03-08T01:14:41.772Z  INFO 212 --- [           main] b.m.i.c.CourseControllerIntegrationTests : Started CourseControllerIntegrationTests in 0.895 seconds (process running for 34.639)
2026-03-08T01:14:41.772Z  WARN 212 --- [           main] o.s.core.events.SpringDocAppInitializer  : SpringDoc /v3/api-docs endpoint is enabled by default. To disable it in production, set the property 'springdoc.api-docs.enabled=false'
2026-03-08T01:14:41.772Z  WARN 212 --- [           main] o.s.core.events.SpringDocAppInitializer  : SpringDoc /swagger-ui.html endpoint is enabled by default. To disable it in production, set the property 'springdoc.swagger-ui.enabled=false'
Hibernate: 
    insert 
    into
        courses
        (code, created_at, created_by, modified_at, modified_by, name, photo_url, program_id, id) 
    values
        (?, ?, ?, ?, ?, ?, ?, ?, default)
Hibernate: 
    insert 
    into
        courses
        (code, created_at, created_by, modified_at, modified_by, name, photo_url, program_id, id) 
    values
        (?, ?, ?, ?, ?, ?, ?, ?, default)
2026-03-08T01:14:41.784Z  WARN 212 --- [           main] o.s.w.s.h.HandlerMappingIntrospector     : Cache miss for REQUEST dispatch to '/api/v1/courses' (previous null). Performing MatchableHandlerMapping lookup. This is logged once only at WARN level, and every time at TRACE.
Hibernate: 
    select
        c1_0.id,
        c1_0.code,
        c1_0.created_at,
        c1_0.created_by,
        c1_0.modified_at,
        c1_0.modified_by,
        c1_0.name,
        c1_0.photo_url,
        c1_0.program_id 
    from
        courses c1_0 
    offset
        ? rows 
    fetch
        first ? rows only
Hibernate: 
    select
        avg(cr1_0.note) 
    from
        course_rates cr1_0 
    where
        cr1_0.course_id=?
Hibernate: 
    select
        avg(cr1_0.note) 
    from
        course_rates cr1_0 
    where
        cr1_0.course_id=?
2026-03-08T01:14:41.792Z  WARN 212 --- [           main] ration$PageModule$WarningLoggingModifier : Serializing PageImpl instances as-is is not supported, meaning that there is no guarantee about the stability of the resulting JSON structure!
	For a stable JSON structure, please use Spring Data's PagedModel (globally via @EnableSpringDataWebSupport(pageSerializationMode = VIA_DTO))
	or Spring HATEOAS and Spring Data's PagedResourcesAssembler as documented in https://docs.spring.io/spring-data/commons/reference/repositories/core-extensions.html#core.web.pageables.

2026-03-08T01:14:41.798Z  INFO 212 --- [           main] j.LocalContainerEntityManagerFactoryBean : Closing JPA EntityManagerFactory for persistence unit 'default'
Hibernate: 
    drop table if exists accreditations cascade 
Hibernate: 
    drop table if exists course_rates cascade 
Hibernate: 
    drop table if exists courses cascade 
Hibernate: 
    drop table if exists program_accreditations cascade 
Hibernate: 
    drop table if exists program_rates cascade 
Hibernate: 
    drop table if exists programs cascade 
Hibernate: 
    drop table if exists roles cascade 
Hibernate: 
    drop table if exists school_rates cascade 
Hibernate: 
    drop table if exists schools cascade 
Hibernate: 
    drop table if exists users cascade 
2026-03-08T01:14:41.799Z  INFO 212 --- [           main] com.zaxxer.hikari.HikariDataSource       : HikariPool-23 - Shutdown initiated...
2026-03-08T01:14:41.800Z  INFO 212 --- [           main] com.zaxxer.hikari.HikariDataSource       : HikariPool-23 - Shutdown completed.
]]></system-out>
  </testcase>
  <testcase name="testThatCourseCanBeCreatedSuccessfullyAndRecalled" classname="com.bowe.meetstudent.integration.controllers.CourseControllerIntegrationTests" time="0.029">
    <system-out><![CDATA[2026-03-08T01:14:41.803Z  INFO 212 --- [           main] o.s.b.d.r.RestartApplicationListener     : Restart disabled due to context in which it is running

  .   ____          _            __ _ _
 /\\ / ___'_ __ _ _(_)_ __  __ _ \ \ \ \
( ( )\___ | '_ | '_| | '_ \/ _` | \ \ \ \
 \\/  ___)| |_)| | | | | || (_| |  ) ) ) )
  '  |____| .__|_| |_|_| |_\__, | / / / /
 =========|_|==============|___/=/_/_/_/

 :: Spring Boot ::                (v3.4.7)

2026-03-08T01:14:41.828Z  INFO 212 --- [           main] b.m.i.c.CourseControllerIntegrationTests : Starting CourseControllerIntegrationTests using Java 21.0.10 with PID 212 (started by root in /app)
2026-03-08T01:14:41.828Z  INFO 212 --- [           main] b.m.i.c.CourseControllerIntegrationTests : The following 1 profile is active: "test"
2026-03-08T01:14:42.278Z  INFO 212 --- [           main] .s.d.r.c.RepositoryConfigurationDelegate : Bootstrapping Spring Data JPA repositories in DEFAULT mode.
2026-03-08T01:14:42.313Z  INFO 212 --- [           main] .s.d.r.c.RepositoryConfigurationDelegate : Finished Spring Data repository scanning in 34 ms. Found 10 JPA repository interfaces.
2026-03-08T01:14:42.358Z  INFO 212 --- [           main] o.hibernate.jpa.internal.util.LogHelper  : HHH000204: Processing PersistenceUnitInfo [name: default]
2026-03-08T01:14:42.363Z  INFO 212 --- [           main] o.h.c.internal.RegionFactoryInitiator    : HHH000026: Second-level cache disabled
2026-03-08T01:14:42.378Z  INFO 212 --- [           main] o.s.o.j.p.SpringPersistenceUnitInfo      : No LoadTimeWeaver setup: ignoring JPA class transformer
2026-03-08T01:14:42.379Z  INFO 212 --- [           main] com.zaxxer.hikari.HikariDataSource       : HikariPool-24 - Starting...
2026-03-08T01:14:42.381Z  INFO 212 --- [           main] com.zaxxer.hikari.pool.HikariPool        : HikariPool-24 - Added connection conn230: url=jdbc:h2:mem:testdb user=SA
2026-03-08T01:14:42.381Z  INFO 212 --- [           main] com.zaxxer.hikari.HikariDataSource       : HikariPool-24 - Start completed.
2026-03-08T01:14:42.381Z  WARN 212 --- [           main] org.hibernate.orm.deprecation            : HHH90000025: H2Dialect does not need to be specified explicitly using 'hibernate.dialect' (remove the property setting and it will be selected by default)
2026-03-08T01:14:42.382Z  INFO 212 --- [           main] org.hibernate.orm.connections.pooling    : HHH10001005: Database info:
	Database JDBC URL [Connecting through datasource 'HikariDataSource (HikariPool-24)']
	Database driver: undefined/unknown
	Database version: 2.3.232
	Autocommit mode: undefined/unknown
	Isolation level: undefined/unknown
	Minimum pool size: undefined/unknown
	Maximum pool size: undefined/unknown
2026-03-08T01:14:42.468Z  INFO 212 --- [           main] o.h.e.t.j.p.i.JtaPlatformInitiator       : HHH000489: No JTA platform available (set 'hibernate.transaction.jta.platform' to enable JTA platform integration)
Hibernate: 
    drop table if exists accreditations cascade 
Hibernate: 
    drop table if exists course_rates cascade 
Hibernate: 
    drop table if exists courses cascade 
Hibernate: 
    drop table if exists program_accreditations cascade 
Hibernate: 
    drop table if exists program_rates cascade 
Hibernate: 
    drop table if exists programs cascade 
Hibernate: 
    drop table if exists roles cascade 
Hibernate: 
    drop table if exists school_rates cascade 
Hibernate: 
    drop table if exists schools cascade 
Hibernate: 
    drop table if exists users cascade 
Hibernate: 
    create table accreditations (
        created_by integer,
        id integer generated by default as identity,
        modified_by integer,
        code varchar(5) unique,
        created_at timestamp(6),
        modified_at timestamp(6),
        name varchar(50),
        description varchar(255),
        primary key (id)
    )
Hibernate: 
    create table course_rates (
        course_id integer,
        created_by integer,
        id integer generated by default as identity,
        modified_by integer,
        note float(53),
        user_id integer,
        created_at timestamp(6),
        modified_at timestamp(6),
        comment varchar(150),
        primary key (id)
    )
Hibernate: 
    create table courses (
        created_by integer,
        id integer generated by default as identity,
        modified_by integer,
        program_id integer,
        code varchar(5) unique,
        created_at timestamp(6),
        modified_at timestamp(6),
        name varchar(50),
        photo_url varchar(255),
        primary key (id)
    )
Hibernate: 
    create table program_accreditations (
        accreditation_id integer not null,
        ends integer,
        program_id integer not null,
        starts integer,
        primary key (accreditation_id, program_id)
    )
Hibernate: 
    create table program_rates (
        created_by integer,
        id integer generated by default as identity,
        modified_by integer,
        note float(53),
        program_id integer,
        user_id integer,
        created_at timestamp(6),
        modified_at timestamp(6),
        comment varchar(150),
        primary key (id)
    )
Hibernate: 
    create table programs (
        created_by integer,
        duration integer,
        id integer generated by default as identity,
        modified_by integer,
        school_id integer,
        code varchar(5) unique,
        created_at timestamp(6),
        modified_at timestamp(6),
        name varchar(50),
        photo_url varchar(255),
        primary key (id)
    )
Hibernate: 
    create table roles (
        id integer generated by default as identity,
        description varchar(255),
        name varchar(255) not null,
        primary key (id)
    )
Hibernate: 
    create table school_rates (
        created_by integer,
        id integer generated by default as identity,
        modified_by integer,
        note float(53),
        school_id integer,
        user_id integer,
        created_at timestamp(6),
        modified_at timestamp(6),
        comment varchar(150),
        primary key (id)
    )
Hibernate: 
    create table schools (
        created_by integer,
        id integer generated by default as identity,
        modified_by integer,
        code varchar(5) unique,
        created_at timestamp(6),
        creation timestamp(6),
        modified_at timestamp(6),
        name varchar(50),
        city varchar(255),
        country varchar(255),
        cover_photo_url varchar(255),
        location varchar(255),
        logo_url varchar(255),
        primary key (id)
    )
Hibernate: 
    create table users (
        created_by integer,
        id integer generated by default as identity,
        modified_by integer,
        role_id integer,
        birthday timestamp(6),
        created_at timestamp(6),
        modified_at timestamp(6),
        lastname varchar(50),
        firstname varchar(100),
        qualification varchar(100),
        email varchar(255) unique,
        password varchar(255),
        diplomas varchar(255) array,
        primary key (id)
    )
Hibernate: 
    alter table if exists course_rates 
       add constraint FKksvr0lhog8yc0c290g45g1dgt 
       foreign key (user_id) 
       references users
Hibernate: 
    alter table if exists course_rates 
       add constraint FKoh9pgu36xpti0nacl6kd7gixq 
       foreign key (course_id) 
       references courses
Hibernate: 
    alter table if exists courses 
       add constraint FKh9mmrmahf9iy4yoqdv41vbxjm 
       foreign key (program_id) 
       references programs
Hibernate: 
    alter table if exists program_accreditations 
       add constraint FKta2fyyepp896b9kobbm3r9l68 
       foreign key (accreditation_id) 
       references accreditations
Hibernate: 
    alter table if exists program_accreditations 
       add constraint FKduj7tgc3qolx3gl0e58kng3gk 
       foreign key (program_id) 
       references programs
Hibernate: 
    alter table if exists program_rates 
       add constraint FKpjp2eoo0vb8m2kwdoapbts8dp 
       foreign key (user_id) 
       references users
Hibernate: 
    alter table if exists program_rates 
       add constraint FKdgfanki87hpybt3hdu45sdfwv 
       foreign key (program_id) 
       references programs
Hibernate: 
    alter table if exists programs 
       add constraint FK788wl7mf99opq8oqiu24rs9ai 
       foreign key (school_id) 
       references schools
Hibernate: 
    alter table if exists school_rates 
       add constraint FKp7w8oabr98qd5u59o2qhtqq4q 
       foreign key (user_id) 
       references users
Hibernate: 
    alter table if exists school_rates 
       add constraint FKmo7jk9ahayd7wy6eo4slrk4fq 
       foreign key (school_id) 
       references schools
Hibernate: 
    alter table if exists users 
       add constraint FKp56c1712k691lhsyewcssf40f 
       foreign key (role_id) 
       references roles
2026-03-08T01:14:42.477Z  INFO 212 --- [           main] j.LocalContainerEntityManagerFactoryBean : Initialized JPA EntityManagerFactory for persistence unit 'default'
2026-03-08T01:14:42.523Z  WARN 212 --- [           main] JpaBaseConfiguration$JpaWebConfiguration : spring.jpa.open-in-view is enabled by default. Therefore, database queries may be performed during view rendering. Explicitly configure spring.jpa.open-in-view to disable this warning
2026-03-08T01:14:42.527Z  INFO 212 --- [           main] r$InitializeUserDetailsManagerConfigurer : Global AuthenticationManager configured with UserDetailsService bean with name customUserDetailsService
2026-03-08T01:14:42.683Z  INFO 212 --- [           main] o.s.b.a.e.web.EndpointLinksResolver      : Exposing 1 endpoint beneath base path '/actuator'
2026-03-08T01:14:42.700Z  WARN 212 --- [           main] o.s.s.c.a.web.builders.WebSecurity       : You are asking Spring Security to ignore Deferred [Mvc [pattern='/swagger-ui/**'], Ant [pattern='/swagger-ui/**']]. This is not recommended -- please use permitAll via HttpSecurity#authorizeHttpRequests instead.
2026-03-08T01:14:42.700Z  WARN 212 --- [           main] o.s.s.c.a.web.builders.WebSecurity       : You are asking Spring Security to ignore Deferred [Mvc [pattern='/v3/api-docs/**'], Ant [pattern='/v3/api-docs/**']]. This is not recommended -- please use permitAll via HttpSecurity#authorizeHttpRequests instead.
2026-03-08T01:14:42.700Z  WARN 212 --- [           main] o.s.s.c.a.web.builders.WebSecurity       : You are asking Spring Security to ignore Deferred [Mvc [pattern='/swagger-ui.html'], Ant [pattern='/swagger-ui.html']]. This is not recommended -- please use permitAll via HttpSecurity#authorizeHttpRequests instead.
2026-03-08T01:14:42.700Z  WARN 212 --- [           main] o.s.s.c.a.web.builders.WebSecurity       : You are asking Spring Security to ignore Deferred [Mvc [pattern='/api-docs/**'], Ant [pattern='/api-docs/**']]. This is not recommended -- please use permitAll via HttpSecurity#authorizeHttpRequests instead.
2026-03-08T01:14:42.723Z  WARN 212 --- [           main] ion$DefaultTemplateResolverConfiguration : Cannot find template location: classpath:/templates/ (please add some templates, check your Thymeleaf configuration, or set spring.thymeleaf.check-template-location=false)
2026-03-08T01:14:42.767Z  INFO 212 --- [           main] o.s.b.t.m.w.SpringBootMockServletContext : Initializing Spring TestDispatcherServlet ''
2026-03-08T01:14:42.767Z  INFO 212 --- [           main] o.s.t.web.servlet.TestDispatcherServlet  : Initializing Servlet ''
2026-03-08T01:14:42.767Z  INFO 212 --- [           main] o.s.t.web.servlet.TestDispatcherServlet  : Completed initialization in 0 ms
2026-03-08T01:14:42.775Z  INFO 212 --- [           main] b.m.i.c.CourseControllerIntegrationTests : Started CourseControllerIntegrationTests in 0.972 seconds (process running for 35.643)
2026-03-08T01:14:42.776Z  WARN 212 --- [           main] o.s.core.events.SpringDocAppInitializer  : SpringDoc /v3/api-docs endpoint is enabled by default. To disable it in production, set the property 'springdoc.api-docs.enabled=false'
2026-03-08T01:14:42.776Z  WARN 212 --- [           main] o.s.core.events.SpringDocAppInitializer  : SpringDoc /swagger-ui.html endpoint is enabled by default. To disable it in production, set the property 'springdoc.swagger-ui.enabled=false'
2026-03-08T01:14:42.779Z  WARN 212 --- [           main] o.s.w.s.h.HandlerMappingIntrospector     : Cache miss for REQUEST dispatch to '/api/v1/courses' (previous null). Performing MatchableHandlerMapping lookup. This is logged once only at WARN level, and every time at TRACE.
Hibernate: 
    insert 
    into
        courses
        (code, created_at, created_by, modified_at, modified_by, name, photo_url, program_id, id) 
    values
        (?, ?, ?, ?, ?, ?, ?, ?, default)
2026-03-08T01:14:42.802Z  INFO 212 --- [           main] j.LocalContainerEntityManagerFactoryBean : Closing JPA EntityManagerFactory for persistence unit 'default'
Hibernate: 
    drop table if exists accreditations cascade 
Hibernate: 
    drop table if exists course_rates cascade 
Hibernate: 
    drop table if exists courses cascade 
Hibernate: 
    drop table if exists program_accreditations cascade 
Hibernate: 
    drop table if exists program_rates cascade 
Hibernate: 
    drop table if exists programs cascade 
Hibernate: 
    drop table if exists roles cascade 
Hibernate: 
    drop table if exists school_rates cascade 
Hibernate: 
    drop table if exists schools cascade 
Hibernate: 
    drop table if exists users cascade 
2026-03-08T01:14:42.803Z  INFO 212 --- [           main] com.zaxxer.hikari.HikariDataSource       : HikariPool-24 - Shutdown initiated...
2026-03-08T01:14:42.804Z  INFO 212 --- [           main] com.zaxxer.hikari.HikariDataSource       : HikariPool-24 - Shutdown completed.
]]></system-out>
  </testcase>
  <testcase name="testThatGetAllCoursesReturnsHttpStatus200" classname="com.bowe.meetstudent.integration.controllers.CourseControllerIntegrationTests" time="0.022">
    <system-out><![CDATA[2026-03-08T01:14:42.808Z  INFO 212 --- [           main] o.s.b.d.r.RestartApplicationListener     : Restart disabled due to context in which it is running

  .   ____          _            __ _ _
 /\\ / ___'_ __ _ _(_)_ __  __ _ \ \ \ \
( ( )\___ | '_ | '_| | '_ \/ _` | \ \ \ \
 \\/  ___)| |_)| | | | | || (_| |  ) ) ) )
  '  |____| .__|_| |_|_| |_\__, | / / / /
 =========|_|==============|___/=/_/_/_/

 :: Spring Boot ::                (v3.4.7)

2026-03-08T01:14:42.832Z  INFO 212 --- [           main] b.m.i.c.CourseControllerIntegrationTests : Starting CourseControllerIntegrationTests using Java 21.0.10 with PID 212 (started by root in /app)
2026-03-08T01:14:42.832Z  INFO 212 --- [           main] b.m.i.c.CourseControllerIntegrationTests : The following 1 profile is active: "test"
2026-03-08T01:14:43.178Z  INFO 212 --- [           main] .s.d.r.c.RepositoryConfigurationDelegate : Bootstrapping Spring Data JPA repositories in DEFAULT mode.
2026-03-08T01:14:43.228Z  INFO 212 --- [           main] .s.d.r.c.RepositoryConfigurationDelegate : Finished Spring Data repository scanning in 48 ms. Found 10 JPA repository interfaces.
2026-03-08T01:14:43.279Z  INFO 212 --- [           main] o.hibernate.jpa.internal.util.LogHelper  : HHH000204: Processing PersistenceUnitInfo [name: default]
2026-03-08T01:14:43.284Z  INFO 212 --- [           main] o.h.c.internal.RegionFactoryInitiator    : HHH000026: Second-level cache disabled
2026-03-08T01:14:43.297Z  INFO 212 --- [           main] o.s.o.j.p.SpringPersistenceUnitInfo      : No LoadTimeWeaver setup: ignoring JPA class transformer
2026-03-08T01:14:43.298Z  INFO 212 --- [           main] com.zaxxer.hikari.HikariDataSource       : HikariPool-25 - Starting...
2026-03-08T01:14:43.299Z  INFO 212 --- [           main] com.zaxxer.hikari.pool.HikariPool        : HikariPool-25 - Added connection conn240: url=jdbc:h2:mem:testdb user=SA
2026-03-08T01:14:43.300Z  INFO 212 --- [           main] com.zaxxer.hikari.HikariDataSource       : HikariPool-25 - Start completed.
2026-03-08T01:14:43.300Z  WARN 212 --- [           main] org.hibernate.orm.deprecation            : HHH90000025: H2Dialect does not need to be specified explicitly using 'hibernate.dialect' (remove the property setting and it will be selected by default)
2026-03-08T01:14:43.300Z  INFO 212 --- [           main] org.hibernate.orm.connections.pooling    : HHH10001005: Database info:
	Database JDBC URL [Connecting through datasource 'HikariDataSource (HikariPool-25)']
	Database driver: undefined/unknown
	Database version: 2.3.232
	Autocommit mode: undefined/unknown
	Isolation level: undefined/unknown
	Minimum pool size: undefined/unknown
	Maximum pool size: undefined/unknown
2026-03-08T01:14:43.368Z  INFO 212 --- [           main] o.h.e.t.j.p.i.JtaPlatformInitiator       : HHH000489: No JTA platform available (set 'hibernate.transaction.jta.platform' to enable JTA platform integration)
Hibernate: 
    drop table if exists accreditations cascade 
Hibernate: 
    drop table if exists course_rates cascade 
Hibernate: 
    drop table if exists courses cascade 
Hibernate: 
    drop table if exists program_accreditations cascade 
Hibernate: 
    drop table if exists program_rates cascade 
Hibernate: 
    drop table if exists programs cascade 
Hibernate: 
    drop table if exists roles cascade 
Hibernate: 
    drop table if exists school_rates cascade 
Hibernate: 
    drop table if exists schools cascade 
Hibernate: 
    drop table if exists users cascade 
Hibernate: 
    create table accreditations (
        created_by integer,
        id integer generated by default as identity,
        modified_by integer,
        code varchar(5) unique,
        created_at timestamp(6),
        modified_at timestamp(6),
        name varchar(50),
        description varchar(255),
        primary key (id)
    )
Hibernate: 
    create table course_rates (
        course_id integer,
        created_by integer,
        id integer generated by default as identity,
        modified_by integer,
        note float(53),
        user_id integer,
        created_at timestamp(6),
        modified_at timestamp(6),
        comment varchar(150),
        primary key (id)
    )
Hibernate: 
    create table courses (
        created_by integer,
        id integer generated by default as identity,
        modified_by integer,
        program_id integer,
        code varchar(5) unique,
        created_at timestamp(6),
        modified_at timestamp(6),
        name varchar(50),
        photo_url varchar(255),
        primary key (id)
    )
Hibernate: 
    create table program_accreditations (
        accreditation_id integer not null,
        ends integer,
        program_id integer not null,
        starts integer,
        primary key (accreditation_id, program_id)
    )
Hibernate: 
    create table program_rates (
        created_by integer,
        id integer generated by default as identity,
        modified_by integer,
        note float(53),
        program_id integer,
        user_id integer,
        created_at timestamp(6),
        modified_at timestamp(6),
        comment varchar(150),
        primary key (id)
    )
Hibernate: 
    create table programs (
        created_by integer,
        duration integer,
        id integer generated by default as identity,
        modified_by integer,
        school_id integer,
        code varchar(5) unique,
        created_at timestamp(6),
        modified_at timestamp(6),
        name varchar(50),
        photo_url varchar(255),
        primary key (id)
    )
Hibernate: 
    create table roles (
        id integer generated by default as identity,
        description varchar(255),
        name varchar(255) not null,
        primary key (id)
    )
Hibernate: 
    create table school_rates (
        created_by integer,
        id integer generated by default as identity,
        modified_by integer,
        note float(53),
        school_id integer,
        user_id integer,
        created_at timestamp(6),
        modified_at timestamp(6),
        comment varchar(150),
        primary key (id)
    )
Hibernate: 
    create table schools (
        created_by integer,
        id integer generated by default as identity,
        modified_by integer,
        code varchar(5) unique,
        created_at timestamp(6),
        creation timestamp(6),
        modified_at timestamp(6),
        name varchar(50),
        city varchar(255),
        country varchar(255),
        cover_photo_url varchar(255),
        location varchar(255),
        logo_url varchar(255),
        primary key (id)
    )
Hibernate: 
    create table users (
        created_by integer,
        id integer generated by default as identity,
        modified_by integer,
        role_id integer,
        birthday timestamp(6),
        created_at timestamp(6),
        modified_at timestamp(6),
        lastname varchar(50),
        firstname varchar(100),
        qualification varchar(100),
        email varchar(255) unique,
        password varchar(255),
        diplomas varchar(255) array,
        primary key (id)
    )
Hibernate: 
    alter table if exists course_rates 
       add constraint FKksvr0lhog8yc0c290g45g1dgt 
       foreign key (user_id) 
       references users
Hibernate: 
    alter table if exists course_rates 
       add constraint FKoh9pgu36xpti0nacl6kd7gixq 
       foreign key (course_id) 
       references courses
Hibernate: 
    alter table if exists courses 
       add constraint FKh9mmrmahf9iy4yoqdv41vbxjm 
       foreign key (program_id) 
       references programs
Hibernate: 
    alter table if exists program_accreditations 
       add constraint FKta2fyyepp896b9kobbm3r9l68 
       foreign key (accreditation_id) 
       references accreditations
Hibernate: 
    alter table if exists program_accreditations 
       add constraint FKduj7tgc3qolx3gl0e58kng3gk 
       foreign key (program_id) 
       references programs
Hibernate: 
    alter table if exists program_rates 
       add constraint FKpjp2eoo0vb8m2kwdoapbts8dp 
       foreign key (user_id) 
       references users
Hibernate: 
    alter table if exists program_rates 
       add constraint FKdgfanki87hpybt3hdu45sdfwv 
       foreign key (program_id) 
       references programs
Hibernate: 
    alter table if exists programs 
       add constraint FK788wl7mf99opq8oqiu24rs9ai 
       foreign key (school_id) 
       references schools
Hibernate: 
    alter table if exists school_rates 
       add constraint FKp7w8oabr98qd5u59o2qhtqq4q 
       foreign key (user_id) 
       references users
Hibernate: 
    alter table if exists school_rates 
       add constraint FKmo7jk9ahayd7wy6eo4slrk4fq 
       foreign key (school_id) 
       references schools
Hibernate: 
    alter table if exists users 
       add constraint FKp56c1712k691lhsyewcssf40f 
       foreign key (role_id) 
       references roles
2026-03-08T01:14:43.379Z  INFO 212 --- [           main] j.LocalContainerEntityManagerFactoryBean : Initialized JPA EntityManagerFactory for persistence unit 'default'
2026-03-08T01:14:43.427Z  WARN 212 --- [           main] JpaBaseConfiguration$JpaWebConfiguration : spring.jpa.open-in-view is enabled by default. Therefore, database queries may be performed during view rendering. Explicitly configure spring.jpa.open-in-view to disable this warning
2026-03-08T01:14:43.431Z  INFO 212 --- [           main] r$InitializeUserDetailsManagerConfigurer : Global AuthenticationManager configured with UserDetailsService bean with name customUserDetailsService
2026-03-08T01:14:43.576Z  INFO 212 --- [           main] o.s.b.a.e.web.EndpointLinksResolver      : Exposing 1 endpoint beneath base path '/actuator'
2026-03-08T01:14:43.587Z  WARN 212 --- [           main] o.s.s.c.a.web.builders.WebSecurity       : You are asking Spring Security to ignore Deferred [Mvc [pattern='/swagger-ui/**'], Ant [pattern='/swagger-ui/**']]. This is not recommended -- please use permitAll via HttpSecurity#authorizeHttpRequests instead.
2026-03-08T01:14:43.587Z  WARN 212 --- [           main] o.s.s.c.a.web.builders.WebSecurity       : You are asking Spring Security to ignore Deferred [Mvc [pattern='/v3/api-docs/**'], Ant [pattern='/v3/api-docs/**']]. This is not recommended -- please use permitAll via HttpSecurity#authorizeHttpRequests instead.
2026-03-08T01:14:43.587Z  WARN 212 --- [           main] o.s.s.c.a.web.builders.WebSecurity       : You are asking Spring Security to ignore Deferred [Mvc [pattern='/swagger-ui.html'], Ant [pattern='/swagger-ui.html']]. This is not recommended -- please use permitAll via HttpSecurity#authorizeHttpRequests instead.
2026-03-08T01:14:43.587Z  WARN 212 --- [           main] o.s.s.c.a.web.builders.WebSecurity       : You are asking Spring Security to ignore Deferred [Mvc [pattern='/api-docs/**'], Ant [pattern='/api-docs/**']]. This is not recommended -- please use permitAll via HttpSecurity#authorizeHttpRequests instead.
2026-03-08T01:14:43.617Z  WARN 212 --- [           main] ion$DefaultTemplateResolverConfiguration : Cannot find template location: classpath:/templates/ (please add some templates, check your Thymeleaf configuration, or set spring.thymeleaf.check-template-location=false)
2026-03-08T01:14:43.665Z  INFO 212 --- [           main] o.s.b.t.m.w.SpringBootMockServletContext : Initializing Spring TestDispatcherServlet ''
2026-03-08T01:14:43.665Z  INFO 212 --- [           main] o.s.t.web.servlet.TestDispatcherServlet  : Initializing Servlet ''
2026-03-08T01:14:43.666Z  INFO 212 --- [           main] o.s.t.web.servlet.TestDispatcherServlet  : Completed initialization in 1 ms
2026-03-08T01:14:43.695Z  INFO 212 --- [           main] b.m.i.c.CourseControllerIntegrationTests : Started CourseControllerIntegrationTests in 0.888 seconds (process running for 36.562)
2026-03-08T01:14:43.696Z  WARN 212 --- [           main] o.s.core.events.SpringDocAppInitializer  : SpringDoc /v3/api-docs endpoint is enabled by default. To disable it in production, set the property 'springdoc.api-docs.enabled=false'
2026-03-08T01:14:43.696Z  WARN 212 --- [           main] o.s.core.events.SpringDocAppInitializer  : SpringDoc /swagger-ui.html endpoint is enabled by default. To disable it in production, set the property 'springdoc.swagger-ui.enabled=false'
2026-03-08T01:14:43.701Z  WARN 212 --- [           main] o.s.w.s.h.HandlerMappingIntrospector     : Cache miss for REQUEST dispatch to '/api/v1/courses' (previous null). Performing MatchableHandlerMapping lookup. This is logged once only at WARN level, and every time at TRACE.
Hibernate: 
    select
        c1_0.id,
        c1_0.code,
        c1_0.created_at,
        c1_0.created_by,
        c1_0.modified_at,
        c1_0.modified_by,
        c1_0.name,
        c1_0.photo_url,
        c1_0.program_id 
    from
        courses c1_0 
    offset
        ? rows 
    fetch
        first ? rows only
2026-03-08T01:14:43.708Z  WARN 212 --- [           main] ration$PageModule$WarningLoggingModifier : Serializing PageImpl instances as-is is not supported, meaning that there is no guarantee about the stability of the resulting JSON structure!
	For a stable JSON structure, please use Spring Data's PagedModel (globally via @EnableSpringDataWebSupport(pageSerializationMode = VIA_DTO))
	or Spring HATEOAS and Spring Data's PagedResourcesAssembler as documented in https://docs.spring.io/spring-data/commons/reference/repositories/core-extensions.html#core.web.pageables.

2026-03-08T01:14:43.714Z  INFO 212 --- [           main] j.LocalContainerEntityManagerFactoryBean : Closing JPA EntityManagerFactory for persistence unit 'default'
Hibernate: 
    drop table if exists accreditations cascade 
Hibernate: 
    drop table if exists course_rates cascade 
Hibernate: 
    drop table if exists courses cascade 
Hibernate: 
    drop table if exists program_accreditations cascade 
Hibernate: 
    drop table if exists program_rates cascade 
Hibernate: 
    drop table if exists programs cascade 
Hibernate: 
    drop table if exists roles cascade 
Hibernate: 
    drop table if exists school_rates cascade 
Hibernate: 
    drop table if exists schools cascade 
Hibernate: 
    drop table if exists users cascade 
2026-03-08T01:14:43.715Z  INFO 212 --- [           main] com.zaxxer.hikari.HikariDataSource       : HikariPool-25 - Shutdown initiated...
2026-03-08T01:14:43.719Z  INFO 212 --- [           main] com.zaxxer.hikari.HikariDataSource       : HikariPool-25 - Shutdown completed.
]]></system-out>
  </testcase>
  <testcase name="testThatCreateCourseReturnsHttpStatus201Created" classname="com.bowe.meetstudent.integration.controllers.CourseControllerIntegrationTests" time="0.019">
    <system-out><![CDATA[2026-03-08T01:14:43.727Z  INFO 212 --- [           main] o.s.b.d.r.RestartApplicationListener     : Restart disabled due to context in which it is running

  .   ____          _            __ _ _
 /\\ / ___'_ __ _ _(_)_ __  __ _ \ \ \ \
( ( )\___ | '_ | '_| | '_ \/ _` | \ \ \ \
 \\/  ___)| |_)| | | | | || (_| |  ) ) ) )
  '  |____| .__|_| |_|_| |_\__, | / / / /
 =========|_|==============|___/=/_/_/_/

 :: Spring Boot ::                (v3.4.7)

2026-03-08T01:14:43.755Z  INFO 212 --- [           main] b.m.i.c.CourseControllerIntegrationTests : Starting CourseControllerIntegrationTests using Java 21.0.10 with PID 212 (started by root in /app)
2026-03-08T01:14:43.755Z  INFO 212 --- [           main] b.m.i.c.CourseControllerIntegrationTests : The following 1 profile is active: "test"
2026-03-08T01:14:44.168Z  INFO 212 --- [           main] .s.d.r.c.RepositoryConfigurationDelegate : Bootstrapping Spring Data JPA repositories in DEFAULT mode.
2026-03-08T01:14:44.205Z  INFO 212 --- [           main] .s.d.r.c.RepositoryConfigurationDelegate : Finished Spring Data repository scanning in 35 ms. Found 10 JPA repository interfaces.
2026-03-08T01:14:44.281Z  INFO 212 --- [           main] o.hibernate.jpa.internal.util.LogHelper  : HHH000204: Processing PersistenceUnitInfo [name: default]
2026-03-08T01:14:44.286Z  INFO 212 --- [           main] o.h.c.internal.RegionFactoryInitiator    : HHH000026: Second-level cache disabled
2026-03-08T01:14:44.300Z  INFO 212 --- [           main] o.s.o.j.p.SpringPersistenceUnitInfo      : No LoadTimeWeaver setup: ignoring JPA class transformer
2026-03-08T01:14:44.302Z  INFO 212 --- [           main] com.zaxxer.hikari.HikariDataSource       : HikariPool-26 - Starting...
2026-03-08T01:14:44.304Z  INFO 212 --- [           main] com.zaxxer.hikari.pool.HikariPool        : HikariPool-26 - Added connection conn250: url=jdbc:h2:mem:testdb user=SA
2026-03-08T01:14:44.304Z  INFO 212 --- [           main] com.zaxxer.hikari.HikariDataSource       : HikariPool-26 - Start completed.
2026-03-08T01:14:44.304Z  WARN 212 --- [           main] org.hibernate.orm.deprecation            : HHH90000025: H2Dialect does not need to be specified explicitly using 'hibernate.dialect' (remove the property setting and it will be selected by default)
2026-03-08T01:14:44.304Z  INFO 212 --- [           main] org.hibernate.orm.connections.pooling    : HHH10001005: Database info:
	Database JDBC URL [Connecting through datasource 'HikariDataSource (HikariPool-26)']
	Database driver: undefined/unknown
	Database version: 2.3.232
	Autocommit mode: undefined/unknown
	Isolation level: undefined/unknown
	Minimum pool size: undefined/unknown
	Maximum pool size: undefined/unknown
2026-03-08T01:14:44.384Z  INFO 212 --- [           main] o.h.e.t.j.p.i.JtaPlatformInitiator       : HHH000489: No JTA platform available (set 'hibernate.transaction.jta.platform' to enable JTA platform integration)
Hibernate: 
    drop table if exists accreditations cascade 
Hibernate: 
    drop table if exists course_rates cascade 
Hibernate: 
    drop table if exists courses cascade 
Hibernate: 
    drop table if exists program_accreditations cascade 
Hibernate: 
    drop table if exists program_rates cascade 
Hibernate: 
    drop table if exists programs cascade 
Hibernate: 
    drop table if exists roles cascade 
Hibernate: 
    drop table if exists school_rates cascade 
Hibernate: 
    drop table if exists schools cascade 
Hibernate: 
    drop table if exists users cascade 
Hibernate: 
    create table accreditations (
        created_by integer,
        id integer generated by default as identity,
        modified_by integer,
        code varchar(5) unique,
        created_at timestamp(6),
        modified_at timestamp(6),
        name varchar(50),
        description varchar(255),
        primary key (id)
    )
Hibernate: 
    create table course_rates (
        course_id integer,
        created_by integer,
        id integer generated by default as identity,
        modified_by integer,
        note float(53),
        user_id integer,
        created_at timestamp(6),
        modified_at timestamp(6),
        comment varchar(150),
        primary key (id)
    )
Hibernate: 
    create table courses (
        created_by integer,
        id integer generated by default as identity,
        modified_by integer,
        program_id integer,
        code varchar(5) unique,
        created_at timestamp(6),
        modified_at timestamp(6),
        name varchar(50),
        photo_url varchar(255),
        primary key (id)
    )
Hibernate: 
    create table program_accreditations (
        accreditation_id integer not null,
        ends integer,
        program_id integer not null,
        starts integer,
        primary key (accreditation_id, program_id)
    )
Hibernate: 
    create table program_rates (
        created_by integer,
        id integer generated by default as identity,
        modified_by integer,
        note float(53),
        program_id integer,
        user_id integer,
        created_at timestamp(6),
        modified_at timestamp(6),
        comment varchar(150),
        primary key (id)
    )
Hibernate: 
    create table programs (
        created_by integer,
        duration integer,
        id integer generated by default as identity,
        modified_by integer,
        school_id integer,
        code varchar(5) unique,
        created_at timestamp(6),
        modified_at timestamp(6),
        name varchar(50),
        photo_url varchar(255),
        primary key (id)
    )
Hibernate: 
    create table roles (
        id integer generated by default as identity,
        description varchar(255),
        name varchar(255) not null,
        primary key (id)
    )
Hibernate: 
    create table school_rates (
        created_by integer,
        id integer generated by default as identity,
        modified_by integer,
        note float(53),
        school_id integer,
        user_id integer,
        created_at timestamp(6),
        modified_at timestamp(6),
        comment varchar(150),
        primary key (id)
    )
Hibernate: 
    create table schools (
        created_by integer,
        id integer generated by default as identity,
        modified_by integer,
        code varchar(5) unique,
        created_at timestamp(6),
        creation timestamp(6),
        modified_at timestamp(6),
        name varchar(50),
        city varchar(255),
        country varchar(255),
        cover_photo_url varchar(255),
        location varchar(255),
        logo_url varchar(255),
        primary key (id)
    )
Hibernate: 
    create table users (
        created_by integer,
        id integer generated by default as identity,
        modified_by integer,
        role_id integer,
        birthday timestamp(6),
        created_at timestamp(6),
        modified_at timestamp(6),
        lastname varchar(50),
        firstname varchar(100),
        qualification varchar(100),
        email varchar(255) unique,
        password varchar(255),
        diplomas varchar(255) array,
        primary key (id)
    )
Hibernate: 
    alter table if exists course_rates 
       add constraint FKksvr0lhog8yc0c290g45g1dgt 
       foreign key (user_id) 
       references users
Hibernate: 
    alter table if exists course_rates 
       add constraint FKoh9pgu36xpti0nacl6kd7gixq 
       foreign key (course_id) 
       references courses
Hibernate: 
    alter table if exists courses 
       add constraint FKh9mmrmahf9iy4yoqdv41vbxjm 
       foreign key (program_id) 
       references programs
Hibernate: 
    alter table if exists program_accreditations 
       add constraint FKta2fyyepp896b9kobbm3r9l68 
       foreign key (accreditation_id) 
       references accreditations
Hibernate: 
    alter table if exists program_accreditations 
       add constraint FKduj7tgc3qolx3gl0e58kng3gk 
       foreign key (program_id) 
       references programs
Hibernate: 
    alter table if exists program_rates 
       add constraint FKpjp2eoo0vb8m2kwdoapbts8dp 
       foreign key (user_id) 
       references users
Hibernate: 
    alter table if exists program_rates 
       add constraint FKdgfanki87hpybt3hdu45sdfwv 
       foreign key (program_id) 
       references programs
Hibernate: 
    alter table if exists programs 
       add constraint FK788wl7mf99opq8oqiu24rs9ai 
       foreign key (school_id) 
       references schools
Hibernate: 
    alter table if exists school_rates 
       add constraint FKp7w8oabr98qd5u59o2qhtqq4q 
       foreign key (user_id) 
       references users
Hibernate: 
    alter table if exists school_rates 
       add constraint FKmo7jk9ahayd7wy6eo4slrk4fq 
       foreign key (school_id) 
       references schools
Hibernate: 
    alter table if exists users 
       add constraint FKp56c1712k691lhsyewcssf40f 
       foreign key (role_id) 
       references roles
2026-03-08T01:14:44.395Z  INFO 212 --- [           main] j.LocalContainerEntityManagerFactoryBean : Initialized JPA EntityManagerFactory for persistence unit 'default'
2026-03-08T01:14:44.444Z  WARN 212 --- [           main] JpaBaseConfiguration$JpaWebConfiguration : spring.jpa.open-in-view is enabled by default. Therefore, database queries may be performed during view rendering. Explicitly configure spring.jpa.open-in-view to disable this warning
2026-03-08T01:14:44.449Z  INFO 212 --- [           main] r$InitializeUserDetailsManagerConfigurer : Global AuthenticationManager configured with UserDetailsService bean with name customUserDetailsService
2026-03-08T01:14:44.603Z  INFO 212 --- [           main] o.s.b.a.e.web.EndpointLinksResolver      : Exposing 1 endpoint beneath base path '/actuator'
2026-03-08T01:14:44.615Z  WARN 212 --- [           main] o.s.s.c.a.web.builders.WebSecurity       : You are asking Spring Security to ignore Deferred [Mvc [pattern='/swagger-ui/**'], Ant [pattern='/swagger-ui/**']]. This is not recommended -- please use permitAll via HttpSecurity#authorizeHttpRequests instead.
2026-03-08T01:14:44.615Z  WARN 212 --- [           main] o.s.s.c.a.web.builders.WebSecurity       : You are asking Spring Security to ignore Deferred [Mvc [pattern='/v3/api-docs/**'], Ant [pattern='/v3/api-docs/**']]. This is not recommended -- please use permitAll via HttpSecurity#authorizeHttpRequests instead.
2026-03-08T01:14:44.615Z  WARN 212 --- [           main] o.s.s.c.a.web.builders.WebSecurity       : You are asking Spring Security to ignore Deferred [Mvc [pattern='/swagger-ui.html'], Ant [pattern='/swagger-ui.html']]. This is not recommended -- please use permitAll via HttpSecurity#authorizeHttpRequests instead.
2026-03-08T01:14:44.615Z  WARN 212 --- [           main] o.s.s.c.a.web.builders.WebSecurity       : You are asking Spring Security to ignore Deferred [Mvc [pattern='/api-docs/**'], Ant [pattern='/api-docs/**']]. This is not recommended -- please use permitAll via HttpSecurity#authorizeHttpRequests instead.
2026-03-08T01:14:44.634Z  WARN 212 --- [           main] ion$DefaultTemplateResolverConfiguration : Cannot find template location: classpath:/templates/ (please add some templates, check your Thymeleaf configuration, or set spring.thymeleaf.check-template-location=false)
2026-03-08T01:14:44.684Z  INFO 212 --- [           main] o.s.b.t.m.w.SpringBootMockServletContext : Initializing Spring TestDispatcherServlet ''
2026-03-08T01:14:44.684Z  INFO 212 --- [           main] o.s.t.web.servlet.TestDispatcherServlet  : Initializing Servlet ''
2026-03-08T01:14:44.684Z  INFO 212 --- [           main] o.s.t.web.servlet.TestDispatcherServlet  : Completed initialization in 0 ms
2026-03-08T01:14:44.693Z  INFO 212 --- [           main] b.m.i.c.CourseControllerIntegrationTests : Started CourseControllerIntegrationTests in 0.967 seconds (process running for 37.56)
2026-03-08T01:14:44.693Z  WARN 212 --- [           main] o.s.core.events.SpringDocAppInitializer  : SpringDoc /v3/api-docs endpoint is enabled by default. To disable it in production, set the property 'springdoc.api-docs.enabled=false'
2026-03-08T01:14:44.693Z  WARN 212 --- [           main] o.s.core.events.SpringDocAppInitializer  : SpringDoc /swagger-ui.html endpoint is enabled by default. To disable it in production, set the property 'springdoc.swagger-ui.enabled=false'
2026-03-08T01:14:44.698Z  WARN 212 --- [           main] o.s.w.s.h.HandlerMappingIntrospector     : Cache miss for REQUEST dispatch to '/api/v1/courses' (previous null). Performing MatchableHandlerMapping lookup. This is logged once only at WARN level, and every time at TRACE.
Hibernate: 
    insert 
    into
        courses
        (code, created_at, created_by, modified_at, modified_by, name, photo_url, program_id, id) 
    values
        (?, ?, ?, ?, ?, ?, ?, ?, default)
2026-03-08T01:14:44.711Z  INFO 212 --- [           main] j.LocalContainerEntityManagerFactoryBean : Closing JPA EntityManagerFactory for persistence unit 'default'
Hibernate: 
    drop table if exists accreditations cascade 
Hibernate: 
    drop table if exists course_rates cascade 
Hibernate: 
    drop table if exists courses cascade 
Hibernate: 
    drop table if exists program_accreditations cascade 
Hibernate: 
    drop table if exists program_rates cascade 
Hibernate: 
    drop table if exists programs cascade 
Hibernate: 
    drop table if exists roles cascade 
Hibernate: 
    drop table if exists school_rates cascade 
Hibernate: 
    drop table if exists schools cascade 
Hibernate: 
    drop table if exists users cascade 
2026-03-08T01:14:44.712Z  INFO 212 --- [           main] com.zaxxer.hikari.HikariDataSource       : HikariPool-26 - Shutdown initiated...
2026-03-08T01:14:44.713Z  INFO 212 --- [           main] com.zaxxer.hikari.HikariDataSource       : HikariPool-26 - Shutdown completed.
]]></system-out>
  </testcase>
  <testcase name="testThatCreateCourseWithProgramReturnsHttpStatus201" classname="com.bowe.meetstudent.integration.controllers.CourseControllerIntegrationTests" time="0.03">
    <system-out><![CDATA[2026-03-08T01:14:44.716Z  INFO 212 --- [           main] o.s.b.d.r.RestartApplicationListener     : Restart disabled due to context in which it is running

  .   ____          _            __ _ _
 /\\ / ___'_ __ _ _(_)_ __  __ _ \ \ \ \
( ( )\___ | '_ | '_| | '_ \/ _` | \ \ \ \
 \\/  ___)| |_)| | | | | || (_| |  ) ) ) )
  '  |____| .__|_| |_|_| |_\__, | / / / /
 =========|_|==============|___/=/_/_/_/

 :: Spring Boot ::                (v3.4.7)

2026-03-08T01:14:44.738Z  INFO 212 --- [           main] b.m.i.c.CourseControllerIntegrationTests : Starting CourseControllerIntegrationTests using Java 21.0.10 with PID 212 (started by root in /app)
2026-03-08T01:14:44.738Z  INFO 212 --- [           main] b.m.i.c.CourseControllerIntegrationTests : The following 1 profile is active: "test"
2026-03-08T01:14:45.078Z  INFO 212 --- [           main] .s.d.r.c.RepositoryConfigurationDelegate : Bootstrapping Spring Data JPA repositories in DEFAULT mode.
2026-03-08T01:14:45.139Z  INFO 212 --- [           main] .s.d.r.c.RepositoryConfigurationDelegate : Finished Spring Data repository scanning in 60 ms. Found 10 JPA repository interfaces.
2026-03-08T01:14:45.206Z  INFO 212 --- [           main] o.hibernate.jpa.internal.util.LogHelper  : HHH000204: Processing PersistenceUnitInfo [name: default]
2026-03-08T01:14:45.210Z  INFO 212 --- [           main] o.h.c.internal.RegionFactoryInitiator    : HHH000026: Second-level cache disabled
2026-03-08T01:14:45.223Z  INFO 212 --- [           main] o.s.o.j.p.SpringPersistenceUnitInfo      : No LoadTimeWeaver setup: ignoring JPA class transformer
2026-03-08T01:14:45.225Z  INFO 212 --- [           main] com.zaxxer.hikari.HikariDataSource       : HikariPool-27 - Starting...
2026-03-08T01:14:45.226Z  INFO 212 --- [           main] com.zaxxer.hikari.pool.HikariPool        : HikariPool-27 - Added connection conn260: url=jdbc:h2:mem:testdb user=SA
2026-03-08T01:14:45.226Z  INFO 212 --- [           main] com.zaxxer.hikari.HikariDataSource       : HikariPool-27 - Start completed.
2026-03-08T01:14:45.227Z  WARN 212 --- [           main] org.hibernate.orm.deprecation            : HHH90000025: H2Dialect does not need to be specified explicitly using 'hibernate.dialect' (remove the property setting and it will be selected by default)
2026-03-08T01:14:45.227Z  INFO 212 --- [           main] org.hibernate.orm.connections.pooling    : HHH10001005: Database info:
	Database JDBC URL [Connecting through datasource 'HikariDataSource (HikariPool-27)']
	Database driver: undefined/unknown
	Database version: 2.3.232
	Autocommit mode: undefined/unknown
	Isolation level: undefined/unknown
	Minimum pool size: undefined/unknown
	Maximum pool size: undefined/unknown
2026-03-08T01:14:45.306Z  INFO 212 --- [           main] o.h.e.t.j.p.i.JtaPlatformInitiator       : HHH000489: No JTA platform available (set 'hibernate.transaction.jta.platform' to enable JTA platform integration)
Hibernate: 
    drop table if exists accreditations cascade 
Hibernate: 
    drop table if exists course_rates cascade 
Hibernate: 
    drop table if exists courses cascade 
Hibernate: 
    drop table if exists program_accreditations cascade 
Hibernate: 
    drop table if exists program_rates cascade 
Hibernate: 
    drop table if exists programs cascade 
Hibernate: 
    drop table if exists roles cascade 
Hibernate: 
    drop table if exists school_rates cascade 
Hibernate: 
    drop table if exists schools cascade 
Hibernate: 
    drop table if exists users cascade 
Hibernate: 
    create table accreditations (
        created_by integer,
        id integer generated by default as identity,
        modified_by integer,
        code varchar(5) unique,
        created_at timestamp(6),
        modified_at timestamp(6),
        name varchar(50),
        description varchar(255),
        primary key (id)
    )
Hibernate: 
    create table course_rates (
        course_id integer,
        created_by integer,
        id integer generated by default as identity,
        modified_by integer,
        note float(53),
        user_id integer,
        created_at timestamp(6),
        modified_at timestamp(6),
        comment varchar(150),
        primary key (id)
    )
Hibernate: 
    create table courses (
        created_by integer,
        id integer generated by default as identity,
        modified_by integer,
        program_id integer,
        code varchar(5) unique,
        created_at timestamp(6),
        modified_at timestamp(6),
        name varchar(50),
        photo_url varchar(255),
        primary key (id)
    )
Hibernate: 
    create table program_accreditations (
        accreditation_id integer not null,
        ends integer,
        program_id integer not null,
        starts integer,
        primary key (accreditation_id, program_id)
    )
Hibernate: 
    create table program_rates (
        created_by integer,
        id integer generated by default as identity,
        modified_by integer,
        note float(53),
        program_id integer,
        user_id integer,
        created_at timestamp(6),
        modified_at timestamp(6),
        comment varchar(150),
        primary key (id)
    )
Hibernate: 
    create table programs (
        created_by integer,
        duration integer,
        id integer generated by default as identity,
        modified_by integer,
        school_id integer,
        code varchar(5) unique,
        created_at timestamp(6),
        modified_at timestamp(6),
        name varchar(50),
        photo_url varchar(255),
        primary key (id)
    )
Hibernate: 
    create table roles (
        id integer generated by default as identity,
        description varchar(255),
        name varchar(255) not null,
        primary key (id)
    )
Hibernate: 
    create table school_rates (
        created_by integer,
        id integer generated by default as identity,
        modified_by integer,
        note float(53),
        school_id integer,
        user_id integer,
        created_at timestamp(6),
        modified_at timestamp(6),
        comment varchar(150),
        primary key (id)
    )
Hibernate: 
    create table schools (
        created_by integer,
        id integer generated by default as identity,
        modified_by integer,
        code varchar(5) unique,
        created_at timestamp(6),
        creation timestamp(6),
        modified_at timestamp(6),
        name varchar(50),
        city varchar(255),
        country varchar(255),
        cover_photo_url varchar(255),
        location varchar(255),
        logo_url varchar(255),
        primary key (id)
    )
Hibernate: 
    create table users (
        created_by integer,
        id integer generated by default as identity,
        modified_by integer,
        role_id integer,
        birthday timestamp(6),
        created_at timestamp(6),
        modified_at timestamp(6),
        lastname varchar(50),
        firstname varchar(100),
        qualification varchar(100),
        email varchar(255) unique,
        password varchar(255),
        diplomas varchar(255) array,
        primary key (id)
    )
Hibernate: 
    alter table if exists course_rates 
       add constraint FKksvr0lhog8yc0c290g45g1dgt 
       foreign key (user_id) 
       references users
Hibernate: 
    alter table if exists course_rates 
       add constraint FKoh9pgu36xpti0nacl6kd7gixq 
       foreign key (course_id) 
       references courses
Hibernate: 
    alter table if exists courses 
       add constraint FKh9mmrmahf9iy4yoqdv41vbxjm 
       foreign key (program_id) 
       references programs
Hibernate: 
    alter table if exists program_accreditations 
       add constraint FKta2fyyepp896b9kobbm3r9l68 
       foreign key (accreditation_id) 
       references accreditations
Hibernate: 
    alter table if exists program_accreditations 
       add constraint FKduj7tgc3qolx3gl0e58kng3gk 
       foreign key (program_id) 
       references programs
Hibernate: 
    alter table if exists program_rates 
       add constraint FKpjp2eoo0vb8m2kwdoapbts8dp 
       foreign key (user_id) 
       references users
Hibernate: 
    alter table if exists program_rates 
       add constraint FKdgfanki87hpybt3hdu45sdfwv 
       foreign key (program_id) 
       references programs
Hibernate: 
    alter table if exists programs 
       add constraint FK788wl7mf99opq8oqiu24rs9ai 
       foreign key (school_id) 
       references schools
Hibernate: 
    alter table if exists school_rates 
       add constraint FKp7w8oabr98qd5u59o2qhtqq4q 
       foreign key (user_id) 
       references users
Hibernate: 
    alter table if exists school_rates 
       add constraint FKmo7jk9ahayd7wy6eo4slrk4fq 
       foreign key (school_id) 
       references schools
Hibernate: 
    alter table if exists users 
       add constraint FKp56c1712k691lhsyewcssf40f 
       foreign key (role_id) 
       references roles
2026-03-08T01:14:45.312Z  INFO 212 --- [           main] j.LocalContainerEntityManagerFactoryBean : Initialized JPA EntityManagerFactory for persistence unit 'default'
2026-03-08T01:14:45.373Z  WARN 212 --- [           main] JpaBaseConfiguration$JpaWebConfiguration : spring.jpa.open-in-view is enabled by default. Therefore, database queries may be performed during view rendering. Explicitly configure spring.jpa.open-in-view to disable this warning
2026-03-08T01:14:45.381Z  INFO 212 --- [           main] r$InitializeUserDetailsManagerConfigurer : Global AuthenticationManager configured with UserDetailsService bean with name customUserDetailsService
2026-03-08T01:14:45.509Z  INFO 212 --- [           main] o.s.b.a.e.web.EndpointLinksResolver      : Exposing 1 endpoint beneath base path '/actuator'
2026-03-08T01:14:45.520Z  WARN 212 --- [           main] o.s.s.c.a.web.builders.WebSecurity       : You are asking Spring Security to ignore Deferred [Mvc [pattern='/swagger-ui/**'], Ant [pattern='/swagger-ui/**']]. This is not recommended -- please use permitAll via HttpSecurity#authorizeHttpRequests instead.
2026-03-08T01:14:45.520Z  WARN 212 --- [           main] o.s.s.c.a.web.builders.WebSecurity       : You are asking Spring Security to ignore Deferred [Mvc [pattern='/v3/api-docs/**'], Ant [pattern='/v3/api-docs/**']]. This is not recommended -- please use permitAll via HttpSecurity#authorizeHttpRequests instead.
2026-03-08T01:14:45.520Z  WARN 212 --- [           main] o.s.s.c.a.web.builders.WebSecurity       : You are asking Spring Security to ignore Deferred [Mvc [pattern='/swagger-ui.html'], Ant [pattern='/swagger-ui.html']]. This is not recommended -- please use permitAll via HttpSecurity#authorizeHttpRequests instead.
2026-03-08T01:14:45.520Z  WARN 212 --- [           main] o.s.s.c.a.web.builders.WebSecurity       : You are asking Spring Security to ignore Deferred [Mvc [pattern='/api-docs/**'], Ant [pattern='/api-docs/**']]. This is not recommended -- please use permitAll via HttpSecurity#authorizeHttpRequests instead.
2026-03-08T01:14:45.552Z  WARN 212 --- [           main] ion$DefaultTemplateResolverConfiguration : Cannot find template location: classpath:/templates/ (please add some templates, check your Thymeleaf configuration, or set spring.thymeleaf.check-template-location=false)
2026-03-08T01:14:45.587Z  INFO 212 --- [           main] o.s.b.t.m.w.SpringBootMockServletContext : Initializing Spring TestDispatcherServlet ''
2026-03-08T01:14:45.587Z  INFO 212 --- [           main] o.s.t.web.servlet.TestDispatcherServlet  : Initializing Servlet ''
2026-03-08T01:14:45.587Z  INFO 212 --- [           main] o.s.t.web.servlet.TestDispatcherServlet  : Completed initialization in 0 ms
2026-03-08T01:14:45.598Z  INFO 212 --- [           main] b.m.i.c.CourseControllerIntegrationTests : Started CourseControllerIntegrationTests in 0.883 seconds (process running for 38.466)
2026-03-08T01:14:45.599Z  WARN 212 --- [           main] o.s.core.events.SpringDocAppInitializer  : SpringDoc /v3/api-docs endpoint is enabled by default. To disable it in production, set the property 'springdoc.api-docs.enabled=false'
2026-03-08T01:14:45.599Z  WARN 212 --- [           main] o.s.core.events.SpringDocAppInitializer  : SpringDoc /swagger-ui.html endpoint is enabled by default. To disable it in production, set the property 'springdoc.swagger-ui.enabled=false'
Hibernate: 
    insert 
    into
        programs
        (code, created_at, created_by, duration, modified_at, modified_by, name, photo_url, school_id, id) 
    values
        (?, ?, ?, ?, ?, ?, ?, ?, ?, default)
2026-03-08T01:14:45.608Z  WARN 212 --- [           main] o.s.w.s.h.HandlerMappingIntrospector     : Cache miss for REQUEST dispatch to '/api/v1/courses' (previous null). Performing MatchableHandlerMapping lookup. This is logged once only at WARN level, and every time at TRACE.
Hibernate: 
    select
        p1_0.id,
        p1_0.code,
        p1_0.created_at,
        p1_0.created_by,
        p1_0.duration,
        p1_0.modified_at,
        p1_0.modified_by,
        p1_0.name,
        p1_0.photo_url,
        s1_0.id,
        s1_0.city,
        s1_0.country,
        s1_0.location,
        s1_0.code,
        s1_0.cover_photo_url,
        s1_0.created_at,
        s1_0.created_by,
        s1_0.creation,
        s1_0.logo_url,
        s1_0.modified_at,
        s1_0.modified_by,
        s1_0.name 
    from
        programs p1_0 
    left join
        schools s1_0 
            on s1_0.id=p1_0.school_id 
    where
        p1_0.id=?
Hibernate: 
    insert 
    into
        courses
        (code, created_at, created_by, modified_at, modified_by, name, photo_url, program_id, id) 
    values
        (?, ?, ?, ?, ?, ?, ?, ?, default)
2026-03-08T01:14:45.627Z  INFO 212 --- [           main] j.LocalContainerEntityManagerFactoryBean : Closing JPA EntityManagerFactory for persistence unit 'default'
Hibernate: 
    drop table if exists accreditations cascade 
Hibernate: 
    drop table if exists course_rates cascade 
Hibernate: 
    drop table if exists courses cascade 
Hibernate: 
    drop table if exists program_accreditations cascade 
Hibernate: 
    drop table if exists program_rates cascade 
Hibernate: 
    drop table if exists programs cascade 
Hibernate: 
    drop table if exists roles cascade 
Hibernate: 
    drop table if exists school_rates cascade 
Hibernate: 
    drop table if exists schools cascade 
Hibernate: 
    drop table if exists users cascade 
2026-03-08T01:14:45.628Z  INFO 212 --- [           main] com.zaxxer.hikari.HikariDataSource       : HikariPool-27 - Shutdown initiated...
2026-03-08T01:14:45.629Z  INFO 212 --- [           main] com.zaxxer.hikari.HikariDataSource       : HikariPool-27 - Shutdown completed.
]]></system-out>
  </testcase>
</testsuite>